CPXPARAM_TimeLimit                               1800
CPXPARAM_Threads                                 4
Tried aggregator 1 time.
MIP Presolve eliminated 0 rows and 3439 columns.
MIP Presolve modified 3420 coefficients.
Reduced MIP has 3963 rows, 5582 columns, and 40232 nonzeros.
Reduced MIP has 5582 binaries, 0 generals, 0 SOSs, and 0 indicators.
Presolve time = 0.02 sec. (19.16 ticks)
Found incumbent of value 342.000000 after 0.14 sec. (189.24 ticks)
Probing time = 0.02 sec. (2.91 ticks)
Tried aggregator 1 time.
Reduced MIP has 3963 rows, 5582 columns, and 40232 nonzeros.
Reduced MIP has 5582 binaries, 0 generals, 0 SOSs, and 0 indicators.
Presolve time = 0.02 sec. (23.35 ticks)
Probing time = 0.01 sec. (3.64 ticks)
Clique table members: 524.
MIP emphasis: balance optimality and feasibility.
MIP search method: dynamic search.
Parallel mode: deterministic, using up to 4 threads.
Root relaxation solution time = 0.50 sec. (511.25 ticks)

        Nodes                                         Cuts/
   Node  Left     Objective  IInf  Best Integer    Best Bound    ItCnt     Gap

*     0+    0                          342.0000        0.0000           100.00%
*     0+    0                          306.0000        0.0000           100.00%
*     0+    0                          283.0000        0.0000           100.00%
*     0+    0                          250.0000        0.0000           100.00%
      0     0        0.0000  2767      250.0000        0.0000        6  100.00%
*     0+    0                          166.0000        0.0000           100.00%
      0     0       -0.0000  3320      166.0000     Cuts: 988     7511  100.00%
      0     0       -0.0000  3847      166.0000     Cuts: 957    16479  100.00%
Heuristic still looking.
*     0+    0                          157.0000        0.0000           100.00%
      0     2       -0.0000  3489      157.0000        0.0000    16479  100.00%
Elapsed time = 86.37 sec. (55024.15 ticks, tree = 0.01 MB, solutions = 6)
*     1+    1                          156.0000        0.0000           100.00%
      1     3        0.0000  2673      156.0000        0.0000    35225  100.00%
      2     3        0.0001  2911      156.0000        0.0000    42493  100.00%
*     3+    2                          147.0000        0.0000           100.00%
      3     4        0.0000  2639      147.0000        0.0000    55805  100.00%
      4     5        0.0730  3019      147.0000        0.0000    73933  100.00%
      5     4        0.0032  1566      147.0000        0.0000    60522  100.00%
      6     7        0.5056  3130      147.0000        0.0000   100142  100.00%
      7     5        0.0123  3108      147.0000        0.0000    85126  100.00%
      8     6        0.0237  2805      147.0000        0.0000   110462  100.00%
      9     8        0.1809  3056      147.0000        0.0000   150498  100.00%
     10    10        0.3780  3157      147.0000        0.0000   183699  100.00%
Elapsed time = 156.79 sec. (106043.57 ticks, tree = 0.07 MB, solutions = 9)
     12    12        0.5809  2877      147.0000        0.0000   240811  100.00%
     13    11        0.2100  2868      147.0000        0.0000   226714  100.00%
     14    13        0.4415  3101      147.0000        0.0000   273141  100.00%
     15    14        1.3609  2936      147.0000        0.0000   321116  100.00%
     16    17        1.0549  3087      147.0000        0.0000   402903  100.00%
     17    18        0.6911  3017      147.0000        0.0000   435731  100.00%
     18    15        0.9832  2977      147.0000        0.0000   350078  100.00%
     19    18        0.4447  3072      147.0000        0.0000   404526  100.00%
     21    19        2.0281  2942      147.0000        0.0000   439683  100.00%
     22    19        1.1031  2977      147.0000        0.0000   408728  100.00%
Elapsed time = 202.03 sec. (130985.39 ticks, tree = 0.01 MB, solutions = 9)
     23    16        0.5392  2858      147.0000        0.0000   403559  100.00%
     24    20        0.9601  3057      147.0000        0.0000   442125  100.00%
     26    20        0.3115  2849      147.0000        0.0000   502195  100.00%
     28    20        0.9269  3009      147.0000        0.0000   415833  100.00%
     30    21        1.0393  2848      147.0000        0.0000   506311  100.00%
     32    24        1.3896  3008      147.0000        0.0000   521895  100.00%
     34    22        0.4532  2824      147.0000        0.0000   510234  100.00%
     36    23        1.0155  2738      147.0000        0.0000   515483  100.00%
*    37+   20                          124.0000        0.0000           100.00%
     37    33        0.8751  2734      124.0000        0.0000   563160  100.00%
     38    34        0.8958  2734      124.0000        0.0000   565459  100.00%
Elapsed time = 240.80 sec. (154154.94 ticks, tree = 0.18 MB, solutions = 9)
     39    26        1.6277  2956      124.0000        0.0000   552534  100.00%
     40    29        3.4025  2976      124.0000        0.0000   558807  100.00%
     42    38        2.2285  2869      124.0000        0.0000   619975  100.00%
     43    35        1.7098  2741      124.0000        0.0000   571173  100.00%
     45    40        1.8335  2719      124.0000        0.0000   637671  100.00%
     47    42        1.9539  2743      124.0000        0.0000   640436  100.00%
     50    44        1.9425  2711      124.0000        0.0000   643327  100.00%
     52    41        3.3265  2983      124.0000        0.0000   634973  100.00%
     56    45        2.3833  2942      124.0000        0.0000   656738  100.00%
     57    48        1.9550  2746      124.0000        0.0000   648432  100.00%
Elapsed time = 285.79 sec. (179738.24 ticks, tree = 0.28 MB, solutions = 10)
     60    50        2.1116  2879      124.0000        0.0000   652152  100.00%
     62    36        1.3627  2843      124.0000        0.0000   596914  100.00%
     64    47        2.6858  2992      124.0000        0.0000   666283  100.00%
     67    48        2.7454  2966      124.0000        0.0000   667939  100.00%
     69    51        2.8517  2866      124.0000        0.0000   684352  100.00%
     71    65        1.1836  2700      124.0000        0.0000   700384  100.00%
     74    53        2.2231  2870      124.0000        0.0000   689156  100.00%
     75    66        1.8534  2706      124.0000        0.0000   704297  100.00%
     76    64        2.6431  2552      124.0000        0.0000   711020  100.00%
     79    65        3.7241  2648      124.0000        0.0000   713820  100.00%
Elapsed time = 312.45 sec. (194400.17 ticks, tree = 0.29 MB, solutions = 10)
     81    66        2.6771  2629      124.0000        0.0000   715798  100.00%
     84    67        2.9547  2767      124.0000        0.0000   719322  100.00%
     86    70        3.6115  2841      124.0000        0.0000   727438  100.00%
     88    49        4.3780  2919      124.0000        0.0000   678574  100.00%
     91    77        4.8380  2652      124.0000        0.0000   756895  100.00%
     92    72        4.8724  2623      124.0000        0.0000   733440  100.00%
     95    73        3.7549  2787      124.0000        0.0000   735073  100.00%
     97    74        5.5245  2657      124.0000        0.0000   738278  100.00%
*    98+   67                          121.0000        0.0000           100.00%
     99    85        4.5331  3006      121.0000        0.0000   786685  100.00%
    101    86        2.8888  2943      121.0000        0.0000   788641  100.00%
Elapsed time = 341.20 sec. (209283.34 ticks, tree = 0.24 MB, solutions = 12)
    103    91        2.0801  2747      121.0000        0.0000   807000  100.00%
    105    92        1.6805  2513      121.0000        0.0000   809932  100.00%
    108    88        2.8903  2811      121.0000        0.0000   794434  100.00%
    109    79        7.0792  2561      121.0000        0.0000   750051  100.00%
    110   101        5.7212  2528      121.0000        0.0000   829619  100.00%
    111    93        2.0418  2698      121.0000        0.0000   817713  100.00%
    114   103        6.0292  2552      121.0000        0.0000   834150  100.00%
    116    79        4.6585  2757      121.0000        0.0000   762458  100.00%
    120    90        2.9166  2809      121.0000        0.0000   805419  100.00%
    123   107        8.2558  2587      121.0000        0.0000   841663  100.00%
Elapsed time = 364.79 sec. (222587.93 ticks, tree = 0.09 MB, solutions = 12)
    126   106        5.8437  2625      121.0000        0.0000   844509  100.00%
    128   109        8.2823  2583      121.0000        0.0000   845023  100.00%
    131   108        5.9240  2551      121.0000        0.0000   848516  100.00%
    135   110        5.4374  2471      121.0000        0.0000   852313  100.00%
    136   111        5.7095  2649      121.0000        0.0000   854176  100.00%
    137   111        2.3695  2397      121.0000        0.0000   877801  100.00%
    139   112        3.3730  2452      121.0000        0.0000   879992  100.00%
    141   114        3.6767  2445      121.0000        0.0000   882021  100.00%
    145   113        6.2386  2412      121.0000        0.0000   859559  100.00%
    147   114        7.5797  2490      121.0000        0.0000   862113  100.00%
Elapsed time = 386.44 sec. (234672.71 ticks, tree = 0.22 MB, solutions = 12)
    153   133        6.7014  2495      121.0000        0.0000   927784  100.00%
    156   134        7.2660  2499      121.0000        0.0000   929875  100.00%
    159   135        7.3891  2497      121.0000        0.0000   931602  100.00%
    164   150        6.4289  2176      121.0000        0.0000   959964  100.00%
    168   151        7.8478  2411      121.0000        0.0000   962211  100.00%
    170   122        2.8882  2202      121.0000        0.0000   900743  100.00%
    172   141        7.2552  2402      121.0000        0.0000   940111  100.00%
    175   124        4.9744  2823      121.0000        0.0000   923875  100.00%
    177   124        4.5413  2440      121.0000        0.0000   910507  100.00%
*   179+  140                          117.0000        0.0000           100.00%
    179   126        5.4518  2883      117.0000        0.0000   929436  100.00%
Elapsed time = 412.84 sec. (248375.66 ticks, tree = 0.25 MB, solutions = 12)
    183   142        7.9747  2347      117.0000        0.0000   940892  100.00%
    186   172        8.1400  2424      117.0000        0.0000  1012284  100.00%
    191   174       10.3315  2395      117.0000        0.0000  1014022  100.00%
    196   128        5.9643  2793      117.0000        0.0000   936729  100.00%
    203   159        6.7219  2134      117.0000        0.0000   972974  100.00%
    208   181       12.0531  2209      117.0000        0.0000  1020325  100.00%
    214   163        6.9292  2166      117.0000        0.0000   977595  100.00%
    219   198        7.0214  2177      117.0000        0.0000  1064750  100.00%
    223   188       12.6259  2127      117.0000        0.0000  1027113  100.00%
*   231+  168                          101.0000        0.0000           100.00%
    238   185        5.8824  2694      101.0000        0.0000  1055186  100.00%
Elapsed time = 441.22 sec. (262269.38 ticks, tree = 0.34 MB, solutions = 14)
    262   197       13.3942  2121      101.0000        0.0000  1035328  100.00%
    275   214       10.7712  2080      101.0000        0.0000  1086622  100.00%
*   289+  189                           96.0000        0.0000           100.00%
    290   226        6.9816  1856       96.0000        0.0000  1115850  100.00%
    305   222        4.4966  2536       96.0000        0.0000  1117167  100.00%
*   306+  222                           89.0000        0.0000           100.00%
    328   250       13.5983  2094       89.0000        0.0000  1152212  100.00%
    357   261       16.7169  1905       89.0000        0.0000  1161557  100.00%
    383   288       11.0185  2064       89.0000        0.0000  1185235  100.00%
    411   294       12.0567  2019       89.0000        0.0000  1193382  100.00%
    440   343       10.3701  1997       89.0000        0.0000  1256984  100.00%
*   490+  353                           81.0000        0.0000           100.00%
    490   355       12.3320  1597       81.0000        0.0000  1261485  100.00%
Elapsed time = 517.40 sec. (302213.02 ticks, tree = 0.79 MB, solutions = 17)
    539   438       16.4190  1904       81.0000        0.0000  1340027  100.00%
    581   511       27.5996  1329       81.0000        0.0000  1397284  100.00%
*   591+  413                           78.0000        0.0000           100.00%
    636   529       27.1897  1341       78.0000        0.0000  1405338  100.00%
    696   537       19.2588  1600       78.0000        0.0000  1415146  100.00%
    773   583       19.0574  1574       78.0000        0.0000  1442088  100.00%
    854   647       36.4302   738       78.0000        0.0000  1440198  100.00%
    949   788       40.4695   566       78.0000        0.0000  1511671  100.00%
   1035   846       45.1716   495       78.0000        0.0000  1524336  100.00%
   1265  1001       57.2752   209       78.0000        0.0000  1546231  100.00%
   1543  1210       73.0393    38       78.0000        0.0000  1569786  100.00%
Elapsed time = 589.70 sec. (340567.42 ticks, tree = 2.40 MB, solutions = 18)
   1649  1050       32.5740   944       78.0000        0.0000  1642909  100.00%
*  1653+  978                           76.0000        0.0000           100.00%
*  1682+ 1169                           73.0000        0.0000           100.00%
*  1682+ 1152                           72.0000        0.0000           100.00%
*  1683+ 1114                           68.0000        0.0000           100.00%
*  1690+ 1141                           62.0000        0.0000           100.00%
   1788  1498       34.4756   680       62.0000        0.0000  1790278  100.00%
*  1847+ 1433                           61.0000        0.0000           100.00%
*  1849+ 1433                           60.0000        0.0000           100.00%
   1910  1181       43.6405   670       60.0000        0.0000  1665568  100.00%
*  1923+ 1556                           59.0000        0.0000           100.00%
   2057  1586       51.7500   160       59.0000        0.0000  1833123  100.00%
   2129  1747       54.6218   615       59.0000        0.0000  1870569  100.00%
*  2151+ 1142                           58.0000        0.0000           100.00%
   2154  1449        0.2241  3015       58.0000        0.0000  1797457  100.00%
   2155  1450        0.5020  3028       58.0000        0.0000  1805045  100.00%
   2156  1765        0.0586  3041       58.0000        0.0000  1901043  100.00%
*  2157+ 1591                           54.0000        0.0000           100.00%
*  2158+ 1181                           52.0000        0.0000           100.00%
*  2158+  786                           51.0000        0.0000           100.00%
*  2158+  524                           49.0000        0.0000           100.00%
   2158   525        0.0000  4095       49.0000        0.0000  2069626  100.00%
   2159   526        0.0439  3434       49.0000        0.0000  2101584  100.00%
Elapsed time = 913.20 sec. (549876.54 ticks, tree = 1.61 MB, solutions = 34)
   2163   423        1.0408  3383       49.0000        0.0000  2110973  100.00%
   2164   253        0.0000  1773       49.0000        0.0000  2083348  100.00%
   2165   256        1.3983  3174       49.0000        0.0000  2147399  100.00%
   2171   137        1.4275  3160       49.0000        0.0000  2153539  100.00%
   2173   128        4.0978  3296       49.0000        0.0000  2189994  100.00%
   2175   132        1.4169  3123       49.0000        0.0000  2281225  100.00%
   2176   114        4.0911  3328       49.0000        0.0000  2279909  100.00%
   2177   116        4.0930  3307       49.0000        0.0000  2306977  100.00%
   2182    68        4.1123  3216       49.0000        0.0000  2383787  100.00%
   2183    69        4.1237  3225       49.0000        0.0000  2393005  100.00%
Elapsed time = 1019.32 sec. (611718.42 ticks, tree = 0.16 MB, solutions = 34)
   2186    49        4.1024  3344       49.0000        0.0000  2336418  100.00%
   2189    53        4.1061  3327       49.0000        0.0000  2513038  100.00%
   2195    44        4.2583  3288       49.0000        0.0000  2518559  100.00%
   2197    33        4.1143  3461       49.0000        0.0000  2511438  100.00%
   2205    41        1.3504  2814       49.0000        0.0000  2581529  100.00%
   2207    40        4.2931  2729       49.0000        0.0000  2588946  100.00%
   2211    44        5.5259  3053       49.0000        0.0000  2675624  100.00%
   2213    46        6.5344  3185       49.0000        0.0000  2692932  100.00%
   2217    60        6.5122  3147       49.0000        0.0000  2748520  100.00%
   2221    54        5.3394  3386       49.0000        0.0000  2743463  100.00%
Elapsed time = 1113.10 sec. (663430.17 ticks, tree = 0.13 MB, solutions = 34)
   2222    63        6.7657  3050       49.0000        0.0000  2754379  100.00%
   2226    59        9.2710  2845       49.0000        0.0000  2794285  100.00%
   2237    73        8.3661  3075       49.0000        0.0000  2838199  100.00%
   2242    73        4.3924  2727       49.0000        0.0000  2843597  100.00%
   2250    74        5.3700  2858       49.0000        0.0000  2857130  100.00%
   2263    79        7.4042  2601       49.0000        0.0000  2859726  100.00%
   2270    83        5.7873  2807       49.0000        0.0000  2896500  100.00%
   2275    82        6.7501  2474       49.0000        0.0000  2871324  100.00%
   2282    96        9.7172  2569       49.0000        0.0000  2939973  100.00%
   2293    99        9.3397  2899       49.0000        0.0000  2946259  100.00%
Elapsed time = 1191.72 sec. (709833.21 ticks, tree = 0.29 MB, solutions = 34)
   2307   101        9.9903  2619       49.0000        0.0000  2951935  100.00%
   2317   126        8.6606  2057       49.0000        0.0000  2989907  100.00%
   2328   138       10.0019  2633       49.0000        0.0000  3045026  100.00%
   2336   164        9.0677  2300       49.0000        0.0000  3103569  100.00%
   2349   170        9.9185  2399       49.0000        0.0000  3111133  100.00%
   2358   174        9.9616  2346       49.0000        0.0000  3116024  100.00%
   2372   207       10.3851  2508       49.0000        0.0000  3193781  100.00%
   2381   199       17.6600  1985       49.0000        0.0000  3162061  100.00%
   2392   187       14.8266  2054       49.0000        0.0000  3141319  100.00%
   2396   214       11.3192  2375       49.0000        0.0000  3256916  100.00%
Elapsed time = 1268.84 sec. (751331.64 ticks, tree = 0.53 MB, solutions = 34)
   2403   215       13.5247  2375       49.0000        0.0000  3224070  100.00%
   2424   227       20.9140  1536       49.0000        0.0000  3295212  100.00%
   2452   242       28.2761  1346       49.0000        0.0000  3304605  100.00%
   2471   257       19.1535  2054       49.0000        0.0000  3348073  100.00%
   2481   268       16.2912  1603       49.0000        0.0000  3433111  100.00%
   2491   264       14.6995  2182       49.0000        0.0000  3402014  100.00%
   2493   264       26.6868  1637       49.0000        0.0000  3385163  100.00%
   2515   286       29.3940  1511       49.0000        0.0000  3469392  100.00%
   2548   367       37.0605  1460       49.0000        0.0000  3581402  100.00%
   2574   324       15.6821  2160       49.0000        0.0000  3531717  100.00%
Elapsed time = 1351.86 sec. (794984.33 ticks, tree = 0.93 MB, solutions = 34)
   2589   298        0.6034  3188       49.0000        0.0000  3517854  100.00%
   2594   330       17.5740  2160       49.0000        0.0000  3545234  100.00%
   2600   335       22.2548  1950       49.0000        0.0000  3556927  100.00%
   2614   302       11.1501  2866       49.0000        0.0000  3531874  100.00%
   2626   394        3.5942  3008       49.0000        0.0000  3616435  100.00%
   2637   415        cutoff             49.0000        0.0000  3712832  100.00%
   2643   442        3.8245  2598       49.0000        0.0000  3742725  100.00%
   2659   427       26.4497  1540       49.0000        0.0000  3738586  100.00%
   2665   447        4.8293  2409       49.0000        0.0000  3754159  100.00%
   2678   434       28.4788  1536       49.0000        0.0000  3765808  100.00%
Elapsed time = 1439.12 sec. (839496.32 ticks, tree = 1.04 MB, solutions = 34)
   2689   484       29.4116  1501       49.0000        0.0000  3906161  100.00%
   2715   503        5.8592  1882       49.0000        0.0000  3953938  100.00%
   2724   507        7.9153  1824       49.0000        0.0000  3963556  100.00%
   2732   509        9.1191  1804       49.0000        0.0000  3975209  100.00%
   2743   469        7.0411  2320       49.0000        0.0000  3852892  100.00%
   2754   470        7.8642  2406       49.0000        0.0000  3860384  100.00%
   2773   523       16.5483  1654       49.0000        0.0000  4003807  100.00%
   2784   477        9.8846  2068       49.0000        0.0000  3876189  100.00%
   2790   559        8.0261  2315       49.0000        0.0000  4107735  100.00%
   2797   539        cutoff             49.0000        0.0000  4070627  100.00%
Elapsed time = 1513.97 sec. (881528.80 ticks, tree = 1.36 MB, solutions = 34)
   2816   545       46.3173  1380       49.0000        0.0000  4071498  100.00%
   2825   544        0.6316  3068       49.0000        0.0000  4073425  100.00%
   2829   568       22.7301  1808       49.0000        0.0000  4139849  100.00%
   2835   572       22.9098  1779       49.0000        0.0000  4150037  100.00%
   2843   579        0.3657  2959       49.0000        0.0000  4196252  100.00%
   2850   596        2.7243  2801       49.0000        0.0000  4201807  100.00%
   2859   609       29.7309  1688       49.0000        0.0000  4261231  100.00%
   2873   609       33.1963  1655       49.0000        0.0000  4263979  100.00%
   2882   609       35.6706  1579       49.0000        0.0000  4266638  100.00%
   2897   626        0.8070  2275       49.0000        0.0000  4298562  100.00%
Elapsed time = 1586.09 sec. (923270.53 ticks, tree = 2.36 MB, solutions = 34)
   2927   635       42.3016  1511       49.0000        0.0000  4325650  100.00%
   2943   637        0.6425  3086       49.0000        0.0000  4334934  100.00%
   2953   642        2.5629  3029       49.0000        0.0000  4340626  100.00%
   2959   657        3.3459  1979       49.0000        0.0000  4450247  100.00%
   2969   636       16.6107  2374       49.0000        0.0000  4331571  100.00%
   2976   631        0.0000  1646       49.0000        0.0000  4441054  100.00%
   3007   666        9.3929  1675       49.0000        0.0000  4483435  100.00%
   3026   678       11.2124  1633       49.0000        0.0000  4492963  100.00%
   3039   680       16.0712  1639       49.0000        0.0000  4504315  100.00%
   3072   697       22.3231  2542       49.0000        0.0000  4512581  100.00%
Elapsed time = 1665.38 sec. (963617.29 ticks, tree = 2.60 MB, solutions = 34)
   3097   735       17.5800  1542       49.0000        0.0000  4611982  100.00%
   3125   732       31.5549  1271       49.0000        0.0000  4565900  100.00%
   3163   750       36.0120  1178       49.0000        0.0000  4575580  100.00%
   3188   749       25.9619  1405       49.0000        0.0000  4644263  100.00%
   3206   824       14.1312  2690       49.0000        0.0000  4687888  100.00%
   3214   829       26.4369  2566       49.0000        0.0000  4694031  100.00%
   3232   831       31.9254  2435       49.0000        0.0000  4699806  100.00%
   3250   832       33.8489  2376       49.0000        0.0000  4705137  100.00%
   3269   834       36.6548  2248       49.0000        0.0000  4710690  100.00%
   3279   863       44.0124  1957       49.0000        0.0000  4893111  100.00%
Elapsed time = 1738.74 sec. (1003000.88 ticks, tree = 2.85 MB, solutions = 34)
   3296   879       46.6266  1813       49.0000        0.0000  4901994  100.00%
   3305   883       39.2429  2006       49.0000        0.0000  4935623  100.00%
   3307   824        0.0091  3370       49.0000        0.0000  4842009  100.00%
   3309   886       44.1601  2005       49.0000        0.0000  4959557  100.00%
   3313   873        8.5408  3116       49.0000        0.0000  4875404  100.00%

Cover cuts applied:  401
Flow cuts applied:  399
Mixed integer rounding cuts applied:  128
Zero-half cuts applied:  12

Root node processing (before b&c):
  Real time             =   86.35 sec. (55000.86 ticks)
Parallel b&c, 4 threads:
  Real time             = 1713.66 sec. (982935.86 ticks)
  Sync time (average)   =   68.16 sec.
  Wait time (average)   =    0.00 sec.
                          ------------
Total (root+branch&cut) = 1800.01 sec. (1037936.72 ticks)
Solution status = Feasible
Solution value  = 49
Solution vector = 
[0, 0, 1, 1, 1, 0, 1, 1, 0, 0,
1, 1, 1, 0, 0, 0, 0, 1, 1, 0,
0, 1, 0, 0, 0, 1, 1, 0, 0, 0,
0, 0, 0, 1, 0, 0, 1, 0, 0, 0,
1, 1, 0, 0, 0, 0, 0, 1, 0, 0,
0, 1, 0, 0, 0, 1, 1, 0, 0, 0,
0, 0, 0, 0, 0, 0, 0, 0, 0, 0,
0, 0, 0, 0, 0, 0, 0, 0, 0, 0,
0, 1, 0, 0, 0, 0, 0, 0, 1, 1,
0, 1, 1, 0, 0, 0, 0, 0, 0, 0,
0, 0, 1, 0, 0, 1, 0, 0, 0, 1,
1, 0, 0, 0, 0, 0, 1, 0, 0, 1,
0, 0, 0, 0, 0, 0, 0, 0, 0, 0,
1, 0, 0, 1, 0, 0, 0, 0, 0, 0,
0, 0, 0, 0, 0, 0, 0, 0, 0, 0,
0, 0, 0, 1, 0, 0, 0, 1, 0, 0,
0, 1, 0, 0, 0, 0, 0, 0, 0, 0,
0, 1, 0, 0, 0, 1, 0, 0, 0, 0,
0, 0, 0, 0, 0, 1, 0, 0, 0, 1,
0, 0, 0, 0, 1, 1, 0, 0, 0, 1,
0, 0, 0, 1, 0, 0, 0, 0, 1, 0,
0, 0, 0, 1, 0, 0, 0, 1, 0, 0,
0, 0, 0, 0, 0, 0, 0, 0, 0, 0,
0, 0, 0, 0, 0, 0, 0, 1, 0, 0,
0, 0, 0, 0, 0, 0, 0, 0, 0, 0,
0, 0, 0, 0, 0, 0, 0, 0, 0, 0,
0, 0, 0, 0, 0, 0, 0, 0, 0, 0,
0, 0, 0, 0, 0, 0, 0, 0, 0, 0,
0, 0, 0, 0, 0, 0, 0, 0, 0, 0,
0, 0, 0, 0, 0, 0, 0, 0, 0, 0,
0, 0, 0, 0, 0, 0, 0, 0, 0, 0,
0, 0, 0, 0, 0, 0, 0, 0, 0, 0,
0, 0, 0, 0, 0, 0, 0, 0, 0, 0,
0, 0, 0, 0, 0, 0, 0, 0, 0, 0,
0, 0]
