CPXPARAM_TimeLimit                               1800
CPXPARAM_Threads                                 4
Tried aggregator 1 time.
MIP Presolve eliminated 0 rows and 3439 columns.
MIP Presolve modified 3420 coefficients.
Reduced MIP has 3963 rows, 5582 columns, and 40232 nonzeros.
Reduced MIP has 5582 binaries, 0 generals, 0 SOSs, and 0 indicators.
Presolve time = 0.02 sec. (19.16 ticks)
Found incumbent of value 342.000000 after 0.15 sec. (189.20 ticks)
Probing time = 0.02 sec. (2.91 ticks)
Tried aggregator 1 time.
Reduced MIP has 3963 rows, 5582 columns, and 40232 nonzeros.
Reduced MIP has 5582 binaries, 0 generals, 0 SOSs, and 0 indicators.
Presolve time = 0.02 sec. (23.35 ticks)
Probing time = 0.01 sec. (3.64 ticks)
Clique table members: 524.
MIP emphasis: balance optimality and feasibility.
MIP search method: dynamic search.
Parallel mode: deterministic, using up to 4 threads.
Root relaxation solution time = 0.60 sec. (506.33 ticks)

        Nodes                                         Cuts/
   Node  Left     Objective  IInf  Best Integer    Best Bound    ItCnt     Gap

*     0+    0                          342.0000        0.0000           100.00%
*     0+    0                          306.0000        0.0000           100.00%
*     0+    0                          283.0000        0.0000           100.00%
*     0+    0                          250.0000        0.0000           100.00%
      0     0        0.0000  2763      250.0000        0.0000        6  100.00%
*     0+    0                          117.0000        0.0000           100.00%
      0     0       -0.0000  3309      117.0000    Cuts: 1030     8308  100.00%
      0     0       -0.0000  3836      117.0000    Cuts: 1038    18213  100.00%
Heuristic still looking.
*     0+    0                          116.0000        0.0000           100.00%
      0     2        0.0000  3430      116.0000        0.0000    18213  100.00%
Elapsed time = 81.16 sec. (51876.16 ticks, tree = 0.01 MB, solutions = 6)
      1     3        0.0002  2883      116.0000        0.0000    49540  100.00%
*     2+    2                          112.0000        0.0000           100.00%
      2     4        0.0096  3070      112.0000        0.0000    65490  100.00%
      3     4        0.0905  3119      112.0000        0.0000    72647  100.00%
      4     6        0.4866  3143      112.0000        0.0000    93299  100.00%
*     5+    3                          111.0000        0.0000           100.00%
      5     5        0.0500  3113      111.0000        0.0000    73046  100.00%
      6     5        0.3795  2926      111.0000        0.0000    81780  100.00%
      7     7        0.5771  3003      111.0000        0.0000   126701  100.00%
      8     9        0.4513  2968      111.0000        0.0000   147216  100.00%
      9     8        0.3395  3081      111.0000        0.0000   140092  100.00%
     10    11        1.0390  2944      111.0000        0.0000   204903  100.00%
Elapsed time = 175.31 sec. (120886.94 ticks, tree = 0.01 MB, solutions = 9)
     13    13        1.4836  3001      111.0000        0.0000   246862  100.00%
     14    13        0.5708  2795      111.0000        0.0000   247942  100.00%
     16    14        1.4390  2996      111.0000        0.0000   249759  100.00%
     17    15        1.6564  2874      111.0000        0.0000   255276  100.00%
     18    16        2.3439  2865      111.0000        0.0000   266620  100.00%
     19    16        0.9276  3210      111.0000        0.0000   347317  100.00%
     20    14        0.0332  3293      111.0000        0.0000   334144  100.00%
     21    17        3.2216  3223      111.0000        0.0000   391127  100.00%
     22    21        1.8493  3155      111.0000        0.0000   406341  100.00%
     23    17        0.7955  3247      111.0000        0.0000   371372  100.00%
Elapsed time = 237.91 sec. (152773.01 ticks, tree = 0.02 MB, solutions = 9)
     24    22        3.1805  3161      111.0000        0.0000   421041  100.00%
     26    25        1.4734  3236      111.0000        0.0000   508783  100.00%
     28    22        0.2392  3307      111.0000        0.0000   457801  100.00%
     29    29        2.9215  3068      111.0000        0.0000   570447  100.00%
     30    30        0.1580  3286      111.0000        0.0000   615697  100.00%
     32    32        1.6256  3122      111.0000        0.0000   647226  100.00%
     34    33        3.3072  3033      111.0000        0.0000   653622  100.00%
     36    34        3.9682  3049      111.0000        0.0000   662993  100.00%
     38    30        2.8352  3066      111.0000        0.0000   578261  100.00%
     39    35        4.3370  3096      111.0000        0.0000   667654  100.00%
Elapsed time = 301.62 sec. (191911.14 ticks, tree = 0.03 MB, solutions = 9)
     40    39        3.1401  3044      111.0000        0.0000   734091  100.00%
     41    36        4.8268  3059      111.0000        0.0000   671941  100.00%
     43    40        5.4292  3029      111.0000        0.0000   738940  100.00%
     44    43        6.4754  2979      111.0000        0.0000   759944  100.00%
     47    41        3.5511  3019      111.0000        0.0000   743646  100.00%
     48    36        0.8345  3149      111.0000        0.0000   713648  100.00%
     49    42        3.6677  2983      111.0000        0.0000   748553  100.00%
     51    46        4.8388  3038      111.0000        0.0000   767696  100.00%
     53    38        2.7283  3161      111.0000        0.0000   726423  100.00%
     55    45        0.2396  3181      111.0000        0.0000   789536  100.00%
Elapsed time = 330.20 sec. (210382.76 ticks, tree = 0.37 MB, solutions = 9)
     57    50        4.3155  2983      111.0000        0.0000   807782  100.00%
     58    48        4.9427  3011      111.0000        0.0000   770914  100.00%
     59    49        5.5774  2991      111.0000        0.0000   774246  100.00%
     60    46        1.0239  3098      111.0000        0.0000   799951  100.00%
     62    51        5.4184  2845      111.0000        0.0000   817863  100.00%
     64    52        5.5865  2819      111.0000        0.0000   821850  100.00%
     66    60        5.8525  2907      111.0000        0.0000   846125  100.00%
     68    61        5.8557  2893      111.0000        0.0000   847791  100.00%
     70    62        6.0109  2885      111.0000        0.0000   849321  100.00%
     72    54        5.6627  2865      111.0000        0.0000   831187  100.00%
Elapsed time = 361.28 sec. (228096.65 ticks, tree = 0.50 MB, solutions = 9)
     73    63        6.9429  2867      111.0000        0.0000   853546  100.00%
     74    66        7.2588  2785      111.0000        0.0000   881289  100.00%
     76    65        6.1021  2911      111.0000        0.0000   860160  100.00%
     78    54        4.4050  3045      111.0000        0.0000   858788  100.00%
     80    69        7.1129  2776      111.0000        0.0000   894636  100.00%
     81    70        2.6985  3139      111.0000        0.0000   926844  100.00%
     83    66        6.1041  2912      111.0000        0.0000   860218  100.00%
*    84+   46                           93.0000        0.0000           100.00%
     86    72        7.3712  2700       93.0000        0.0000   902344  100.00%
     87    71        3.0339  3145       93.0000        0.0000   933720  100.00%
     89    73       10.3219  2692       93.0000        0.0000   906922  100.00%
Elapsed time = 397.78 sec. (249179.01 ticks, tree = 0.58 MB, solutions = 10)
     90    89        7.5572  2682       93.0000        0.0000  1018664  100.00%
     92    78        7.1725  2876       93.0000        0.0000   949645  100.00%
     93    72        2.7098  3103       93.0000        0.0000   940013  100.00%
     95    79        6.6863  2896       93.0000        0.0000   953412  100.00%
     97    90        9.7382  2713       93.0000        0.0000  1023995  100.00%
     99    81        6.7837  2915       93.0000        0.0000   959306  100.00%
    102    73        3.3473  3097       93.0000        0.0000   949483  100.00%
    105    84        3.1642  3145       93.0000        0.0000  1006852  100.00%
    108    82        7.7684  2880       93.0000        0.0000   964834  100.00%
    110    99        6.9405  2823       93.0000        0.0000  1074623  100.00%
Elapsed time = 420.89 sec. (264840.22 ticks, tree = 0.56 MB, solutions = 10)
    114    99        8.9277  2582       93.0000        0.0000  1040626  100.00%
    116   100        8.3075  2893       93.0000        0.0000  1080225  100.00%
    117   105        0.9005  3118       93.0000        0.0000  1106562  100.00%
    119    94        4.0679  3068       93.0000        0.0000  1060705  100.00%
    120   100        8.6733  2578       93.0000        0.0000  1041752  100.00%
    122   116        8.9456  2535       93.0000        0.0000  1124361  100.00%
    124    95        3.1624  3118       93.0000        0.0000  1067639  100.00%
    125   117       10.0342  2533       93.0000        0.0000  1127654  100.00%
    127   103        7.6549  2829       93.0000        0.0000  1092563  100.00%
    131   109        1.0418  3124       93.0000        0.0000  1121420  100.00%
Elapsed time = 448.23 sec. (280590.23 ticks, tree = 0.45 MB, solutions = 10)
    136   121       10.8646  2405       93.0000        0.0000  1134527  100.00%
    141   122       11.3990  2471       93.0000        0.0000  1136591  100.00%
    144   110        2.4402  3151       93.0000        0.0000  1126495  100.00%
    148   124       12.2124  2358       93.0000        0.0000  1141502  100.00%
    152   121        4.0841  3004       93.0000        0.0000  1159880  100.00%
    154   129       13.6235  2295       93.0000        0.0000  1145420  100.00%
    156   112        1.5107  3166       93.0000        0.0000  1133583  100.00%
    160   122        5.6691  3017       93.0000        0.0000  1165199  100.00%
    164   112        8.9216  2708       93.0000        0.0000  1102423  100.00%
    169   138       15.8754  2256       93.0000        0.0000  1155775  100.00%
Elapsed time = 471.47 sec. (294296.43 ticks, tree = 0.72 MB, solutions = 10)
    171   139       16.2119  2284       93.0000        0.0000  1157760  100.00%
    175   145        9.8341  2780       93.0000        0.0000  1230375  100.00%
    177   146        8.4186  2742       93.0000        0.0000  1231905  100.00%
    182   172       16.9505  2321       93.0000        0.0000  1266513  100.00%
    185   125        4.2393  2938       93.0000        0.0000  1179434  100.00%
    189   176       16.2201  2128       93.0000        0.0000  1270555  100.00%
    192   178       16.8338  2175       93.0000        0.0000  1272405  100.00%
    195   136        2.1193  2870       93.0000        0.0000  1214241  100.00%
    198   182       17.4184  2110       93.0000        0.0000  1276637  100.00%
    214   193       18.7194  2046       93.0000        0.0000  1281777  100.00%
Elapsed time = 496.99 sec. (309877.78 ticks, tree = 0.72 MB, solutions = 10)
    237   208       20.2744  2122       93.0000        0.0000  1287002  100.00%
    256   220       20.0578  2011       93.0000        0.0000  1295014  100.00%
    271   223       19.7953  2027       93.0000        0.0000  1298579  100.00%
    295   181        4.6584  2946       93.0000        0.0000  1312251  100.00%
    313   274       23.0012  1924       93.0000        0.0000  1407765  100.00%
    332   226        8.1448  2352       93.0000        0.0000  1357138  100.00%
    348   234        8.6138  2149       93.0000        0.0000  1361391  100.00%
    373   317        8.7923  2109       93.0000        0.0000  1463285  100.00%
*   392+  323                           90.0000        0.0000           100.00%
    393   307       32.1536  1469       90.0000        0.0000  1433465  100.00%
    414   330       11.6806  1661       90.0000        0.0000  1472282  100.00%
Elapsed time = 567.58 sec. (351250.66 ticks, tree = 1.01 MB, solutions = 11)
    444   340       10.5796  1572       90.0000        0.0000  1480154  100.00%
*   461+  343                           84.0000        0.0000           100.00%
    466   434       12.2436  1497       84.0000        0.0000  1569812  100.00%
*   494+  437                           72.0000        0.0000           100.00%
    495   425       38.6597  1176       72.0000        0.0000  1533495  100.00%
    538   453       40.5728  1060       72.0000        0.0000  1543622  100.00%
    586   453       15.8075  1236       72.0000        0.0000  1583611  100.00%
    620   459       15.3074  1258       72.0000        0.0000  1588653  100.00%
    669   537       49.0497   890       72.0000        0.0000  1568165  100.00%
    727   653       53.8392   786       72.0000        0.0000  1681249  100.00%
    835   476       13.1836  2100       72.0000        0.0000  1638006  100.00%
    934   509       18.2298  1124       72.0000        0.0000  1618353  100.00%
Elapsed time = 636.84 sec. (390553.69 ticks, tree = 1.85 MB, solutions = 13)
    962   494       13.6838  1973       72.0000        0.0000  1648793  100.00%
*   964+  517                           69.0000        0.0000           100.00%
   1002   776       15.5040  1960       69.0000        0.0000  1818287  100.00%
*  1027+  715                           63.0000        0.0000           100.00%
*  1027+  684                           60.0000        0.0000           100.00%
   1027   686        0.4856  3363       60.0000        0.0000  1716955  100.00%
   1051   666       21.2631  2195       60.0000        0.0000  1769815  100.00%
   1085   799       17.6968  1634       60.0000        0.0000  1830278  100.00%
   1132   870       22.2732  2048       60.0000        0.0000  1920189  100.00%
   1172   819       22.0876  1481       60.0000        0.0000  1840654  100.00%
*  1182+ 1015                           58.0000        0.0000           100.00%
*  1182+ 1015                           57.0000        0.0000           100.00%
   1216   890       24.9496  1890       57.0000        0.0000  1935131  100.00%
   1248  1044       27.3735  1985       57.0000        0.0000  2028134  100.00%
   1323  1083       31.6035   468       57.0000        0.0000  1970882  100.00%
Elapsed time = 705.84 sec. (430127.77 ticks, tree = 3.19 MB, solutions = 18)
*  1324+ 1004                           56.0000        0.0000           100.00%
   1369  1086       29.9037  1662       56.0000        0.0000  2044138  100.00%
   1381  1098       30.4322  1738       56.0000        0.0000  2054336  100.00%
   1394  1035        0.2432  3178       56.0000        0.0000  2037864  100.00%
   1395  1036        0.3096  3237       56.0000        0.0000  2047748  100.00%
*  1396+  829                           55.0000        0.0000           100.00%
*  1396+  552                           54.0000        0.0000           100.00%
   1396   553        0.0000  4223       54.0000        0.0000  2200789  100.00%
   1397   554        0.0429  3758       54.0000        0.0000  2233359  100.00%
   1398   554        0.0429  3744       54.0000        0.0000  2238180  100.00%
   1402   337        1.0401  3728       54.0000        0.0000  2277964  100.00%
   1404   224        0.3529  3284       54.0000        0.0000  2261510  100.00%
   1407   229        0.4203  3283       54.0000        0.0000  2304332  100.00%
Elapsed time = 1096.21 sec. (688808.10 ticks, tree = 0.79 MB, solutions = 22)
   1408    95        2.1377  3427       54.0000        0.0000  2269869  100.00%
   1409   103        0.4624  3215       54.0000        0.0000  2317855  100.00%
   1414    39        2.1881  3028       54.0000        0.0000  2346610  100.00%
   1417    33        2.2321  3056       54.0000        0.0000  2352158  100.00%
   1420    31        1.4518  3597       54.0000        0.0000  2415188  100.00%
   1425    27        3.1765  3505       54.0000        0.0000  2440350  100.00%
   1430    37        1.0771  3471       54.0000        0.0000  2519630  100.00%
   1436    41        2.4161  3021       54.0000        0.0000  2526678  100.00%
   1444    41        3.3619  3064       54.0000        0.0000  2531958  100.00%
   1446    43        1.3177  3691       54.0000        0.0000  2555648  100.00%
Elapsed time = 1170.47 sec. (737339.38 ticks, tree = 0.82 MB, solutions = 22)
   1452    54        2.4393  3022       54.0000        0.0000  2607370  100.00%
   1457    46        3.2957  3540       54.0000        0.0000  2581770  100.00%
   1464    60        3.3514  3540       54.0000        0.0000  2630592  100.00%
   1468    53        3.3102  3624       54.0000        0.0000  2611115  100.00%
   1478    64        3.3723  3487       54.0000        0.0000  2641252  100.00%
   1483    72        5.4988  2971       54.0000        0.0000  2680247  100.00%
   1488    88        6.4837  2957       54.0000        0.0000  2724806  100.00%
   1495    74        5.1486  3563       54.0000        0.0000  2711757  100.00%
   1498    94        5.7942  2786       54.0000        0.0000  2736310  100.00%
   1500    95        6.1120  2703       54.0000        0.0000  2742169  100.00%
Elapsed time = 1248.61 sec. (783474.23 ticks, tree = 1.89 MB, solutions = 22)
   1503    98        7.6465  3375       54.0000        0.0000  2799049  100.00%
   1511    96        3.3715  3501       54.0000        0.0000  2790654  100.00%
   1521   109        3.3713  3548       54.0000        0.0000  2835353  100.00%
   1523   115        1.4490  2382       54.0000        0.0000  2898598  100.00%
   1529   117        1.4680  2376       54.0000        0.0000  2904027  100.00%
   1535   127        6.3775  2506       54.0000        0.0000  2918349  100.00%
   1543   133        7.9472  2491       54.0000        0.0000  2926029  100.00%
   1544   129        4.5564  3340       54.0000        0.0000  2945496  100.00%
   1550   118        2.4157  2307       54.0000        0.0000  2907602  100.00%
   1559   153        4.6261  2336       54.0000        0.0000  2997336  100.00%
Elapsed time = 1329.06 sec. (831135.89 ticks, tree = 3.87 MB, solutions = 22)
   1568   160        9.9466  2352       54.0000        0.0000  2991498  100.00%
   1576   165        9.9792  2369       54.0000        0.0000  2997898  100.00%
   1584   158        9.5408  3266       54.0000        0.0000  3010288  100.00%
   1589   183       10.8234  2068       54.0000        0.0000  3065536  100.00%
   1593   184       14.4701  2009       54.0000        0.0000  3073313  100.00%
   1602   186       11.7574  2039       54.0000        0.0000  3081663  100.00%
   1615   192        2.9919  2140       54.0000        0.0000  3102696  100.00%
*  1617+  206                           53.0000        0.0000           100.00%
*  1617+  206                           52.0000        0.0000           100.00%
   1626   216       16.8967  1826       52.0000        0.0000  3185825  100.00%
   1638   226       20.3919  2061       52.0000        0.0000  3194221  100.00%
   1642   222        2.6272  2089       52.0000        0.0000  3228662  100.00%
Elapsed time = 1405.50 sec. (876145.61 ticks, tree = 4.09 MB, solutions = 24)
   1656   235       24.5218  1747       52.0000        0.0000  3207480  100.00%
   1662   238       24.7201  1736       52.0000        0.0000  3209342  100.00%
   1682   229        7.4327  2038       52.0000        0.0000  3252255  100.00%
   1696   276       29.2405  1467       52.0000        0.0000  3314153  100.00%
   1704   281       29.0278  1517       52.0000        0.0000  3318763  100.00%
   1723   291       31.3664  1442       52.0000        0.0000  3325280  100.00%
   1733   298       37.4319  1261       52.0000        0.0000  3335064  100.00%
   1746   344       32.9388  1273       52.0000        0.0000  3473938  100.00%
   1754   350       35.6890  1262       52.0000        0.0000  3478414  100.00%
   1782   289        8.5908  1841       52.0000        0.0000  3397651  100.00%
Elapsed time = 1480.82 sec. (918810.47 ticks, tree = 4.58 MB, solutions = 24)
*  1788+  364                           51.0000        0.0000           100.00%
   1795   373       35.4480  1280       51.0000        0.0000  3485177  100.00%
   1812   381       37.3533  1232       51.0000        0.0000  3495924  100.00%
   1822   307       14.4201  2414       51.0000        0.0000  3467492  100.00%
   1857   400       42.1875  1012       51.0000        0.0000  3517333  100.00%
   1876   404       15.3977  2370       51.0000        0.0000  3603865  100.00%
   1922   395       13.3575  2886       51.0000        0.0000  3583040  100.00%
   1930   418       30.1463  1512       51.0000        0.0000  3596070  100.00%
   1936   509        1.1459  3350       51.0000        0.0000  3735743  100.00%
   1944   513        1.1788  3367       51.0000        0.0000  3742515  100.00%
   1952   411       18.6047  2124       51.0000        0.0000  3650024  100.00%
Elapsed time = 1567.51 sec. (966289.57 ticks, tree = 4.89 MB, solutions = 25)
   1955   530       16.5275  2048       51.0000        0.0000  3825987  100.00%
   1963   524       13.2197  2670       51.0000        0.0000  3786147  100.00%
   1966   537       20.3158  2010       51.0000        0.0000  3841375  100.00%
   1970   541       21.3015  1954       51.0000        0.0000  3849188  100.00%
*  1975+  516                           50.0000        0.0000           100.00%
   1979   536        0.4550  2441       50.0000        0.0000  3850954  100.00%
   1992   561       23.0705  2371       50.0000        0.0000  3901090  100.00%
   1996   537        1.5304  2153       50.0000        0.0000  3870671  100.00%
   2001   565       22.2326  2109       50.0000        0.0000  3909165  100.00%
   2006   569       26.3411  2294       50.0000        0.0000  3916660  100.00%
   2010   571       23.2657  2332       50.0000        0.0000  3923218  100.00%
Elapsed time = 1649.26 sec. (1012879.46 ticks, tree = 4.77 MB, solutions = 26)
   2023   570       13.4228  2947       50.0000        0.0000  3964708  100.00%
   2028   592       24.8103  2221       50.0000        0.0000  3980091  100.00%
   2041   601        2.4720  3085       50.0000        0.0000  4076180  100.00%
   2053   605       26.8658  1870       50.0000        0.0000  3989194  100.00%
   2065   595        2.8336  3497       50.0000        0.0000  4030688  100.00%
   2080   611       14.4203  2994       50.0000        0.0000  4122828  100.00%
   2096   599        5.5110  3373       50.0000        0.0000  4041188  100.00%
*  2114+  669                           49.0000        0.0000           100.00%
   2117   674       37.8919  1426       49.0000        0.0000  4153304  100.00%
   2139   691       39.4921  1286       49.0000        0.0000  4163043  100.00%
   2156   602        4.9393  3286       49.0000        0.0000  4056088  100.00%
Elapsed time = 1726.35 sec. (1054943.58 ticks, tree = 5.43 MB, solutions = 27)
   2165   622       14.4772  2987       49.0000        0.0000  4153041  100.00%
   2169   698        0.4679  3673       49.0000        0.0000  4185012  100.00%
   2172   683        5.3531  3131       49.0000        0.0000  4213931  100.00%
   2176   701        1.6052  3428       49.0000        0.0000  4196489  100.00%
   2177   708       17.1523  2644       49.0000        0.0000  4311993  100.00%
*  2189+  710                           48.0000        0.0000           100.00%
*  2189+  710                           47.0000        0.0000           100.00%
*  2189+  710                           45.0000        0.0000           100.00%
   2189   741        6.1112  3113       45.0000        0.0000  4358578  100.00%
*  2190+  710                           44.0000        0.0000           100.00%
   2192   742        6.1493  3128       44.0000        0.0000  4364061  100.00%
   2198   697       16.8542  2159       44.0000        0.0000  4305331  100.00%
   2202   714       17.4048  2592       44.0000        0.0000  4411514  100.00%

Cover cuts applied:  633
Flow cuts applied:  472
Mixed integer rounding cuts applied:  227
Zero-half cuts applied:  8
Lift and project cuts applied:  1

Root node processing (before b&c):
  Real time             =   81.14 sec. (51846.86 ticks)
Parallel b&c, 4 threads:
  Real time             = 1718.88 sec. (1047716.60 ticks)
  Sync time (average)   =   70.60 sec.
  Wait time (average)   =    0.00 sec.
                          ------------
Total (root+branch&cut) = 1800.02 sec. (1099563.47 ticks)
Solution status = Feasible
Solution value  = 44
Solution vector = 
[1, 1, 1, 1, 1, 1, 1, 0, 1, 1,
0, 0, 1, 1, 1, 1, 1, 1, 1, 1,
1, 0, 0, 1, 0, 0, 0, 1, 1, 1,
0, 0, 0, 0, 0, 1, 0, 0, 1, 0,
0, 0, 1, 1, 1, 0, 0, 0, 1, 0,
0, 0, 0, 0, 0, 0, 0, 0, 0, 0,
0, 0, 0, 0, 0, 0, 0, 0, 0, 0,
0, 0, 0, 0, 0, 0, 0, 0, 0, 0,
0, 0, 0, 0, 0, 0, 0, 0, 0, 0,
1, 1, 0, 1, 1, 0, 0, 0, 0, 0,
0, 0, 0, 0, 0, 0, 0, 0, 0, 0,
0, 0, 0, 0, 0, 0, 0, 0, 1, 1,
0, 0, 1, 0, 0, 0, 0, 0, 0, 0,
0, 0, 1, 0, 0, 1, 1, 0, 0, 0,
0, 0, 0, 0, 0, 0, 0, 0, 0, 0,
0, 0, 0, 0, 0, 0, 0, 0, 0, 0,
0, 0, 0, 1, 0, 0, 0, 0, 0, 0,
0, 0, 0, 0, 0, 0, 0, 1, 0, 0,
0, 0, 0, 0, 0, 0, 0, 0, 0, 0,
0, 1, 0, 0, 0, 0, 0, 0, 0, 0,
0, 0, 0, 0, 0, 1, 0, 0, 0, 0,
0, 0, 0, 0, 0, 0, 0, 0, 0, 1,
0, 0, 0, 0, 0, 0, 0, 0, 0, 0,
0, 0, 0, 1, 0, 0, 0, 0, 0, 0,
0, 0, 0, 0, 0, 0, 0, 0, 0, 0,
0, 0, 0, 0, 0, 0, 0, 0, 0, 0,
0, 0, 0, 0, 0, 0, 0, 0, 0, 0,
0, 0, 0, 0, 0, 0, 0, 0, 0, 0,
0, 0, 0, 0, 0, 0, 0, 0, 0, 0,
0, 0, 0, 0, 0, 0, 0, 0, 0, 0,
0, 0, 0, 0, 0, 0, 0, 0, 0, 0,
0, 0, 0, 0, 0, 0, 0, 0, 0, 0,
0, 0, 0, 0, 0, 0, 0, 0, 0, 0,
0, 0, 0, 0, 0, 0, 0, 0, 0, 0,
0, 0]
