CPXPARAM_TimeLimit                               1800
CPXPARAM_Threads                                 4
Tried aggregator 1 time.
MIP Presolve eliminated 0 rows and 3439 columns.
MIP Presolve modified 3420 coefficients.
Reduced MIP has 3963 rows, 5582 columns, and 40232 nonzeros.
Reduced MIP has 5582 binaries, 0 generals, 0 SOSs, and 0 indicators.
Presolve time = 0.06 sec. (19.16 ticks)
Found incumbent of value 342.000000 after 0.46 sec. (189.19 ticks)
Probing time = 0.02 sec. (2.91 ticks)
Tried aggregator 1 time.
Reduced MIP has 3963 rows, 5582 columns, and 40232 nonzeros.
Reduced MIP has 5582 binaries, 0 generals, 0 SOSs, and 0 indicators.
Presolve time = 0.07 sec. (23.35 ticks)
Probing time = 0.01 sec. (3.64 ticks)
Clique table members: 524.
MIP emphasis: balance optimality and feasibility.
MIP search method: dynamic search.
Parallel mode: deterministic, using up to 4 threads.
Root relaxation solution time = 0.49 sec. (513.24 ticks)

        Nodes                                         Cuts/
   Node  Left     Objective  IInf  Best Integer    Best Bound    ItCnt     Gap

*     0+    0                          342.0000        0.0000           100.00%
*     0+    0                          306.0000        0.0000           100.00%
*     0+    0                          288.0000        0.0000           100.00%
*     0+    0                          250.0000        0.0000           100.00%
      0     0        0.0000  2792      250.0000        0.0000        6  100.00%
*     0+    0                          179.0000        0.0000           100.00%
      0     0        0.0000  3259      179.0000    Cuts: 1026     6984  100.00%
      0     0        0.0000  3785      179.0000     Cuts: 932    16298  100.00%
Heuristic still looking.
*     0+    0                          164.0000        0.0000           100.00%
      0     2       -0.0000  3390      164.0000        0.0000    16298  100.00%
Elapsed time = 79.30 sec. (49553.73 ticks, tree = 0.01 MB, solutions = 6)
      1     3        0.0069  2870      164.0000        0.0000    47792  100.00%
*     2+    1                          157.0000        0.0000           100.00%
      2     3        0.0000  1707      157.0000        0.0000    29485  100.00%
      3     4        0.0205  2793      157.0000        0.0000    58305  100.00%
      4     4        0.1574  2572      157.0000        0.0000    72810  100.00%
      5     5        0.0534  3272      157.0000        0.0000    84368  100.00%
      6     6        0.7688  2701      157.0000        0.0000    89694  100.00%
      7     9        0.8433  2655      157.0000        0.0000   149862  100.00%
*     8+    3                          156.0000        0.0000           100.00%
      8     5        0.0000  1356      156.0000        0.0000    78097  100.00%
      9     8        0.3535  2387      156.0000        0.0000   144752  100.00%
     10     7        1.0486  3043      156.0000        0.0000   137507  100.00%
Elapsed time = 166.45 sec. (112123.21 ticks, tree = 0.07 MB, solutions = 9)
     12    11        1.7908  3024      156.0000        0.0000   207044  100.00%
     13    14        0.9346  2858      156.0000        0.0000   281809  100.00%
     15    15        1.9387  2765      156.0000        0.0000   286452  100.00%
     16    12        2.4851  2984      156.0000        0.0000   226097  100.00%
     17    12        1.1379  3238      156.0000        0.0000   252297  100.00%
     18    16        2.4168  3270      156.0000        0.0000   289686  100.00%
     20    18        1.3961  3026      156.0000        0.0000   386765  100.00%
     21    21        2.0950  2754      156.0000        0.0000   414085  100.00%
     22    19        2.5804  3239      156.0000        0.0000   388583  100.00%
     23    15        0.9789  3145      156.0000        0.0000   326003  100.00%
Elapsed time = 208.82 sec. (135182.97 ticks, tree = 0.16 MB, solutions = 9)
     24    22        2.5961  2734      156.0000        0.0000   418207  100.00%
     27    21        3.4282  3013      156.0000        0.0000   393811  100.00%
     29    22        3.8828  2944      156.0000        0.0000   396344  100.00%
     30    18        3.3556  2808      156.0000        0.0000   372641  100.00%
     31    19        2.4301  3256      156.0000        0.0000   377033  100.00%
     32    24        3.4998  2828      156.0000        0.0000   437915  100.00%
     33    25        4.4645  2926      156.0000        0.0000   442359  100.00%
     35    27        0.3429  3134      156.0000        0.0000   480487  100.00%
     36    28        0.6845  2501      156.0000        0.0000   484917  100.00%
     37    29        1.9980  2669      156.0000        0.0000   489932  100.00%
Elapsed time = 258.69 sec. (159580.05 ticks, tree = 0.08 MB, solutions = 9)
     38    23        6.3578  2928      156.0000        0.0000   398660  100.00%
     40    30        0.7323  2498      156.0000        0.0000   495510  100.00%
     41    33        4.7275  2955      156.0000        0.0000   501315  100.00%
     42    31        2.7479  3003      156.0000        0.0000   504148  100.00%
     44    34        4.8339  2866      156.0000        0.0000   508797  100.00%
*    45+   40                           80.0000        0.0000           100.00%
     45    35        5.5922  2905       80.0000        0.0000   511848  100.00%
     47    36        5.6238  2851       80.0000        0.0000   514451  100.00%
     48    26        5.1964  3113       80.0000        0.0000   452329  100.00%
     51    51        3.5978  2805       80.0000        0.0000   594946  100.00%
     53    49        6.8973  2703       80.0000        0.0000   583715  100.00%
Elapsed time = 293.60 sec. (178502.90 ticks, tree = 0.34 MB, solutions = 9)
     55    50        7.7268  2699       80.0000        0.0000   586726  100.00%
     57    47        3.9478  2521       80.0000        0.0000   567283  100.00%
     59    51        8.8851  2659       80.0000        0.0000   590219  100.00%
     61    48        7.4841  2534       80.0000        0.0000   572014  100.00%
     65    50        4.8958  2517       80.0000        0.0000   576104  100.00%
     67    55        6.0799  2837       80.0000        0.0000   611811  100.00%
     70    56        4.7901  2763       80.0000        0.0000   613699  100.00%
     71    56        9.9252  2596       80.0000        0.0000   603375  100.00%
     73    57        6.0432  2617       80.0000        0.0000   617558  100.00%
     75    58        9.6806  2630       80.0000        0.0000   607616  100.00%
Elapsed time = 332.46 sec. (192462.78 ticks, tree = 0.28 MB, solutions = 10)
     76    63        9.1435  2594       80.0000        0.0000   630991  100.00%
     78    71        6.2386  2696       80.0000        0.0000   659988  100.00%
     81    65       10.2887  2500       80.0000        0.0000   637462  100.00%
     83    66       10.2116  2502       80.0000        0.0000   641009  100.00%
     85    73        7.2107  2306       80.0000        0.0000   668808  100.00%
     86    74        8.7110  2457       80.0000        0.0000   673112  100.00%
     89    75        7.9672  2387       80.0000        0.0000   676035  100.00%
     91    67       10.7399  2536       80.0000        0.0000   644328  100.00%
     94    80        6.6787  2498       80.0000        0.0000   690268  100.00%
     98    84        1.3849  1973       80.0000        0.0000   716943  100.00%
Elapsed time = 366.26 sec. (209123.58 ticks, tree = 0.38 MB, solutions = 10)
    100    82        8.5437  2408       80.0000        0.0000   695473  100.00%
    105    99        8.8946  2337       80.0000        0.0000   766657  100.00%
    107   100       10.8536  2461       80.0000        0.0000   769512  100.00%
    110    86        2.9558  2852       80.0000        0.0000   727571  100.00%
    113    86        7.2172  2301       80.0000        0.0000   706620  100.00%
    116    95       12.2094  2415       80.0000        0.0000   749980  100.00%
    118    96       13.5281  2362       80.0000        0.0000   753138  100.00%
    119    97       13.5468  2586       80.0000        0.0000   756212  100.00%
*   120+   86                           56.0000        0.0000           100.00%
    120    88        2.4010  1678       56.0000        0.0000   736793  100.00%
    121   112        4.0372  1725       56.0000        0.0000   816388  100.00%
Elapsed time = 399.19 sec. (224432.74 ticks, tree = 0.49 MB, solutions = 11)
    122   113        2.4214  1742       56.0000        0.0000   820562  100.00%
    123    98       14.0636  2385       56.0000        0.0000   757127  100.00%
    128   123       13.5335  2353       56.0000        0.0000   836529  100.00%
    132   125       14.2605  2347       56.0000        0.0000   838679  100.00%
    135   128        9.6414  2308       56.0000        0.0000   848909  100.00%
    141   115        3.4243  1972       56.0000        0.0000   832556  100.00%
    143   130       11.6745  2389       56.0000        0.0000   854755  100.00%
    148   132        9.7088  2290       56.0000        0.0000   856795  100.00%
    150   135       14.3325  2287       56.0000        0.0000   850834  100.00%
    154   117        3.4713  1691       56.0000        0.0000   841571  100.00%
Elapsed time = 425.42 sec. (237265.18 ticks, tree = 0.51 MB, solutions = 11)
    160   127        7.4381  2305       56.0000        0.0000   848901  100.00%
    163   136        9.8087  2332       56.0000        0.0000   865944  100.00%
    170   129        7.7882  2389       56.0000        0.0000   854071  100.00%
    176   133        3.4969  1699       56.0000        0.0000   884249  100.00%
    181   149       15.4056  2260       56.0000        0.0000   861774  100.00%
    185   142       12.2328  2271       56.0000        0.0000   874651  100.00%
    190   144       12.5981  2260       56.0000        0.0000   877437  100.00%
    195   136        3.6487  1520       56.0000        0.0000   896031  100.00%
    199   148       12.5349  2265       56.0000        0.0000   882817  100.00%
    202   139        8.0604  2318       56.0000        0.0000   871345  100.00%
Elapsed time = 459.08 sec. (250056.78 ticks, tree = 0.58 MB, solutions = 11)
    204   140        9.1168  2319       56.0000        0.0000   873596  100.00%
    209   139        3.7743  1534       56.0000        0.0000   906159  100.00%
    215   190       15.9972  2258       56.0000        0.0000   952123  100.00%
    219   193       16.1235  2220       56.0000        0.0000   954862  100.00%
    222   195       18.1490  2289       56.0000        0.0000   956957  100.00%
    227   161       11.8195  2232       56.0000        0.0000   935413  100.00%
    231   162       14.3352  2133       56.0000        0.0000   937910  100.00%
    234   142        3.8023  1626       56.0000        0.0000   919953  100.00%
    239   204       17.8446  2227       56.0000        0.0000   966484  100.00%
    255   212        9.0195  2222       56.0000        0.0000   997282  100.00%
Elapsed time = 487.45 sec. (264066.45 ticks, tree = 0.71 MB, solutions = 11)
    268   216       11.2186  2259       56.0000        0.0000  1007046  100.00%
    282   226       21.4210  2074       56.0000        0.0000   988539  100.00%
    300   277       19.9965  2007       56.0000        0.0000  1117492  100.00%
    322   219       10.2014  2188       56.0000        0.0000  1011093  100.00%
    343   251       19.8353  2175       56.0000        0.0000  1099600  100.00%
    363   257       20.8723  2143       56.0000        0.0000  1108244  100.00%
    374   329       21.0306  2182       56.0000        0.0000  1232029  100.00%
    391   334       20.8542  2032       56.0000        0.0000  1240781  100.00%
    418   307       13.3023  2165       56.0000        0.0000  1175185  100.00%
    433   315       13.7327  2138       56.0000        0.0000  1182943  100.00%
Elapsed time = 581.36 sec. (305039.98 ticks, tree = 1.05 MB, solutions = 11)
    445   378       21.9962  1903       56.0000        0.0000  1280582  100.00%
    462   353       22.3161  1962       56.0000        0.0000  1270187  100.00%
    489   393       25.2222  1948       56.0000        0.0000  1297779  100.00%
    517   477       29.9414  1840       56.0000        0.0000  1437626  100.00%
    552   496       29.3901  1655       56.0000        0.0000  1446571  100.00%
    590   520       34.3774  1734       56.0000        0.0000  1453133  100.00%
    633   543       41.3466  1278       56.0000        0.0000  1463026  100.00%
    668   571       47.9450  1151       56.0000        0.0000  1471114  100.00%
    717   464       26.3606  1867       56.0000        0.0000  1436786  100.00%
    732   541       18.2910  1833       56.0000        0.0000  1504420  100.00%
Elapsed time = 673.74 sec. (344533.40 ticks, tree = 1.54 MB, solutions = 11)
    745   550       21.0149  1849       56.0000        0.0000  1513526  100.00%
    764   602       19.4793  1749       56.0000        0.0000  1619435  100.00%
    773   607       21.4438  1925       56.0000        0.0000  1628358  100.00%
    798   616       21.8790  1799       56.0000        0.0000  1636728  100.00%
*   804+  578                           51.0000        0.0000           100.00%
*   804+  566                           49.0000        0.0000           100.00%
*   804+  550                           46.0000        0.0000           100.00%
    817   629       23.7554  1758       46.0000        0.0000  1646016  100.00%
    848   737       31.7377  1668       46.0000        0.0000  1776221  100.00%
    888   683        3.4706  3034       46.0000        0.0000  1712402  100.00%
    924   751       34.2367  1940       46.0000        0.0000  1795860  100.00%
    960   814       29.0073  1338       46.0000        0.0000  1831103  100.00%
   1006   886       34.3368  1516       46.0000        0.0000  1937954  100.00%
Elapsed time = 749.23 sec. (383802.19 ticks, tree = 2.26 MB, solutions = 14)
   1071   893       36.2271  1595       46.0000        0.0000  1946191  100.00%
   1155  1037       39.2648   983       46.0000        0.0000  1992146  100.00%
   1274  1097       42.7510   872       46.0000        0.0000  2006433  100.00%
   1375   955       44.8809  1297       46.0000        0.0000  1976648  100.00%
   1398  1154        5.6642  2778       46.0000        0.0000  2080479  100.00%
   1399   956        0.3353  2955       46.0000        0.0000  1994621  100.00%
   1402  1303        0.6441  2797       46.0000        0.0000  2186018  100.00%
   1406  1305        1.8099  2845       46.0000        0.0000  2195141  100.00%
   1408  1306        2.4631  3058       46.0000        0.0000  2201638  100.00%
*  1410+ 1144                           42.0000        0.0000           100.00%
*  1410+ 1144                           40.0000        0.0000           100.00%
   1415  1307        5.6971  2798       40.0000        0.0000  2224963  100.00%
Elapsed time = 838.17 sec. (434072.12 ticks, tree = 3.41 MB, solutions = 16)
   1417  1309        7.7154  2745       40.0000        0.0000  2234349  100.00%
*  1419+  764                           39.0000        0.0000           100.00%
*  1419+  509                           38.0000        0.0000           100.00%
*  1419+  338                           37.0000        0.0000           100.00%
   1419   339        0.0000  4245       37.0000        0.0000  2393156  100.00%
   1420   340        0.0607  3813       37.0000        0.0000  2426064  100.00%
   1421   341        0.0611  3824       37.0000        0.0000  2430252  100.00%
   1424   272        1.0519  3757       37.0000        0.0000  2436170  100.00%
   1426   275        1.0553  3757       37.0000        0.0000  2458912  100.00%
   1430    48        0.4463  3335       37.0000        0.0000  2454577  100.00%
   1432    53        2.0486  3705       37.0000        0.0000  2474612  100.00%
   1433    52        2.2059  3714       37.0000        0.0000  2516204  100.00%
   1436    41        2.4833  3196       37.0000        0.0000  2544632  100.00%
Elapsed time = 1233.60 sec. (694041.73 ticks, tree = 0.32 MB, solutions = 19)
   1439    25        1.3607  2756       37.0000        0.0000  2520587  100.00%
   1443    27        2.2687  3586       37.0000        0.0000  2588270  100.00%
   1447    33        2.2727  3589       37.0000        0.0000  2681223  100.00%
   1448    33        2.2805  3585       37.0000        0.0000  2687988  100.00%
   1459    34        2.3128  3621       37.0000        0.0000  2692044  100.00%
   1464    43        3.2945  3535       37.0000        0.0000  2728941  100.00%
   1472    45        3.2007  3775       37.0000        0.0000  2735444  100.00%
   1474    46        3.2387  3757       37.0000        0.0000  2740789  100.00%
   1475    56        2.2832  2948       37.0000        0.0000  2791493  100.00%
   1477    57        2.0882  3879       37.0000        0.0000  2812618  100.00%
Elapsed time = 1311.67 sec. (742361.78 ticks, tree = 1.04 MB, solutions = 19)
   1480    60        3.2070  3705       37.0000        0.0000  2824733  100.00%
   1484    62        4.2017  3802       37.0000        0.0000  2831606  100.00%
   1489    65        4.2019  3710       37.0000        0.0000  2837288  100.00%
   1490    64        1.5446  3519       37.0000        0.0000  2865734  100.00%
   1492    66        4.2914  3625       37.0000        0.0000  2853867  100.00%
   1493    73        4.3267  3466       37.0000        0.0000  2907177  100.00%
   1497    66        1.5969  3758       37.0000        0.0000  2874775  100.00%
   1500    75        1.5366  3247       37.0000        0.0000  2912127  100.00%
   1501    77        5.6225  3448       37.0000        0.0000  2923641  100.00%
   1505    76        1.6559  3702       37.0000        0.0000  2923973  100.00%
Elapsed time = 1407.62 sec. (798502.13 ticks, tree = 1.31 MB, solutions = 19)
   1511    83        1.5533  3665       37.0000        0.0000  3031302  100.00%
   1515    86        7.4002  3167       37.0000        0.0000  3051922  100.00%
   1520    85        2.5814  3576       37.0000        0.0000  3043922  100.00%
   1521    86        3.6002  3557       37.0000        0.0000  3055276  100.00%
   1523    87        4.6416  3465       37.0000        0.0000  3031239  100.00%
   1525   107        3.5572  3161       37.0000        0.0000  3204190  100.00%
   1526   101        4.4492  3503       37.0000        0.0000  3199714  100.00%
   1527   108        5.4925  3169       37.0000        0.0000  3214835  100.00%
   1532   104        5.4663  3343       37.0000        0.0000  3214399  100.00%
   1535   113        4.5498  3207       37.0000        0.0000  3232085  100.00%
Elapsed time = 1503.44 sec. (852753.41 ticks, tree = 2.45 MB, solutions = 19)
   1540   116        3.6098  3192       37.0000        0.0000  3237050  100.00%
   1542   118        3.6270  3148       37.0000        0.0000  3242238  100.00%
   1544   119        7.5271  3179       37.0000        0.0000  3252706  100.00%
   1552   122        4.5221  3035       37.0000        0.0000  3407798  100.00%
   1558   123        3.6112  3329       37.0000        0.0000  3418632  100.00%
   1569   148        7.6157  2812       37.0000        0.0000  3505872  100.00%
   1576   125        3.6271  3226       37.0000        0.0000  3436784  100.00%
   1582   151        5.8670  2405       37.0000        0.0000  3523786  100.00%
   1595   158        7.3368  2118       37.0000        0.0000  3535572  100.00%
   1598   165        7.4596  2079       37.0000        0.0000  3593042  100.00%
Elapsed time = 1603.63 sec. (909828.99 ticks, tree = 3.93 MB, solutions = 19)
   1616   178       11.2729  2034       37.0000        0.0000  3600129  100.00%
   1622   180       11.6490  1880       37.0000        0.0000  3608858  100.00%
   1628   174        8.6726  3076       37.0000        0.0000  3665599  100.00%
   1629   181       18.9377  1960       37.0000        0.0000  3622097  100.00%
   1633   184       16.5436  1838       37.0000        0.0000  3631038  100.00%
   1638   192       10.7300  2818       37.0000        0.0000  3764516  100.00%
   1650   216        9.6183  3024       37.0000        0.0000  3853811  100.00%
   1664   217       14.7484  1923       37.0000        0.0000  3816946  100.00%
   1673   221       13.9289  1895       37.0000        0.0000  3824308  100.00%
   1679   224       22.9795  1774       37.0000        0.0000  3834540  100.00%
Elapsed time = 1687.55 sec. (956826.44 ticks, tree = 7.27 MB, solutions = 19)
   1686   230       17.9755  1700       37.0000        0.0000  3839230  100.00%
   1694   200       12.9172  2781       37.0000        0.0000  3800800  100.00%
   1703   235        9.0211  3053       37.0000        0.0000  3897325  100.00%
   1722   241       23.1569  2419       37.0000        0.0000  3897248  100.00%
   1734   306       22.0103  2445       37.0000        0.0000  4030014  100.00%
   1747   280       16.9658  1420       37.0000        0.0000  3992993  100.00%
   1759   290       26.5043  1099       37.0000        0.0000  4002984  100.00%
   1815   337       31.5597  1082       37.0000        0.0000  4009337  100.00%
   1839   309        1.4576  3569       37.0000        0.0000  4053130  100.00%
   1842   318        7.1371  3076       37.0000        0.0000  4102019  100.00%
Elapsed time = 1767.57 sec. (1000068.18 ticks, tree = 11.13 MB, solutions = 19)
   1847   352        0.1818  3894       37.0000        0.0000  4030344  100.00%
   1853   353        1.1455  3893       37.0000        0.0000  4035032  100.00%
   1858   325        7.2535  3081       37.0000        0.0000  4120245  100.00%
   1865   401        1.2942  3604       37.0000        0.0000  4211568  100.00%

Cover cuts applied:  559
Flow cuts applied:  481
Mixed integer rounding cuts applied:  202
Zero-half cuts applied:  10

Root node processing (before b&c):
  Real time             =   79.26 sec. (49528.00 ticks)
Parallel b&c, 4 threads:
  Real time             = 1720.76 sec. (974889.09 ticks)
  Sync time (average)   =   65.27 sec.
  Wait time (average)   =    0.00 sec.
                          ------------
Total (root+branch&cut) = 1800.02 sec. (1024417.09 ticks)
Solution status = Feasible
Solution value  = 37
Solution vector = 
[0, 0, 0, 1, 1, 1, 1, 1, 1, 1,
1, 1, 1, 0, 0, 0, 0, 0, 1, 1,
1, 1, 1, 1, 1, 1, 1, 0, 0, 0,
0, 0, 0, 1, 1, 1, 0, 0, 0, 0,
0, 0, 0, 0, 0, 0, 0, 0, 1, 1,
1, 0, 0, 0, 0, 0, 0, 0, 0, 0,
0, 0, 0, 0, 0, 0, 0, 0, 0, 0,
0, 0, 0, 0, 0, 0, 0, 0, 0, 0,
0, 0, 0, 0, 0, 0, 0, 0, 0, 1,
0, 0, 0, 0, 0, 0, 0, 0, 0, 0,
0, 0, 1, 0, 0, 0, 0, 0, 0, 0,
0, 0, 0, 0, 0, 0, 0, 0, 1, 0,
0, 0, 0, 0, 0, 0, 0, 0, 0, 0,
0, 0, 0, 0, 0, 0, 0, 0, 0, 0,
0, 0, 0, 0, 0, 0, 0, 0, 0, 0,
0, 0, 0, 0, 0, 0, 0, 0, 1, 0,
0, 0, 0, 0, 0, 0, 0, 1, 0, 0,
0, 0, 0, 0, 0, 0, 0, 0, 0, 0,
0, 1, 0, 0, 0, 0, 0, 1, 0, 0,
0, 0, 0, 0, 0, 1, 0, 0, 0, 0,
0, 0, 0, 0, 0, 0, 0, 0, 0, 1,
0, 0, 0, 0, 0, 0, 1, 0, 0, 0,
0, 0, 0, 1, 0, 0, 0, 0, 0, 0,
0, 0, 0, 0, 0, 0, 0, 1, 0, 0,
0, 0, 0, 0, 0, 0, 0, 0, 0, 0,
0, 0, 0, 0, 0, 0, 0, 0, 0, 0,
0, 0, 0, 0, 0, 0, 0, 0, 0, 0,
0, 0, 0, 0, 0, 0, 0, 0, 0, 0,
0, 0, 0, 0, 0, 0, 0, 0, 0, 0,
0, 0, 0, 0, 0, 0, 0, 0, 0, 0,
0, 0, 0, 0, 0, 0, 0, 0, 0, 0,
0, 0, 0, 0, 0, 0, 0, 0, 0, 0,
0, 0, 0, 0, 0, 0, 0, 0, 0, 0,
0, 0, 0, 0, 0, 0, 0, 0, 0, 0,
0, 0]
