CPXPARAM_TimeLimit                               3600
CPXPARAM_Threads                                 4
Tried aggregator 1 time.
MIP Presolve eliminated 0 rows and 10 columns.
MIP Presolve modified 3420 coefficients.
Reduced MIP has 3964 rows, 5592 columns, and 40270 nonzeros.
Reduced MIP has 5592 binaries, 0 generals, 0 SOSs, and 0 indicators.
Presolve time = 0.06 sec. (17.73 ticks)
Found incumbent of value 342.000000 after 0.22 sec. (158.20 ticks)
Probing time = 0.01 sec. (2.92 ticks)
Tried aggregator 1 time.
Reduced MIP has 3964 rows, 5592 columns, and 40270 nonzeros.
Reduced MIP has 5592 binaries, 0 generals, 0 SOSs, and 0 indicators.
Presolve time = 0.02 sec. (23.38 ticks)
Probing time = 0.01 sec. (3.64 ticks)
Clique table members: 525.
MIP emphasis: balance optimality and feasibility.
MIP search method: dynamic search.
Parallel mode: deterministic, using up to 4 threads.
Root relaxation solution time = 0.54 sec. (508.81 ticks)

        Nodes                                         Cuts/
   Node  Left     Objective  IInf  Best Integer    Best Bound    ItCnt     Gap

*     0+    0                          342.0000        0.0000           100.00%
*     0+    0                          310.0000        0.0000           100.00%
*     0+    0                          278.0000        0.0000           100.00%
*     0+    0                          243.0000        0.0000           100.00%
      0     0        0.0000  2798      243.0000        0.0000        6  100.00%
*     0+    0                          234.0000        0.0000           100.00%
      0     0       -0.0000  3289      234.0000    Cuts: 1075     7889  100.00%
*     0+    0                          221.0000        0.0000           100.00%
      0     0       -0.0000  3824      221.0000     Cuts: 908    17133  100.00%
Heuristic still looking.
*     0+    0                          207.0000        0.0000           100.00%
      0     2        0.0000  3360      207.0000        0.0000    17133  100.00%
Elapsed time = 108.20 sec. (49447.08 ticks, tree = 0.01 MB, solutions = 7)
      1     3        0.0131  2811      207.0000        0.0000    58040  100.00%
*     2+    1                          205.0000        0.0000           100.00%
      2     3        0.0002  2051      205.0000        0.0000    72553  100.00%
*     3+    2                          200.0000        0.0000           100.00%
      3     4        0.0378  2793      200.0000        0.0000    74281  100.00%
      4     4        0.2819  2652      200.0000        0.0000    85279  100.00%
      5     7        1.3764  2850      200.0000        0.0002   162126  100.00%
      6     6        1.1433  2483      200.0000        0.0002   153026  100.00%
*     7+    3                          198.0000        0.0002           100.00%
*     7+    3                          171.0000        0.0002           100.00%
      7     5        0.0055  1773      171.0000        0.0002   144622  100.00%
      8     5        0.0698  2839      171.0000        0.0002   150234  100.00%
      9     8        1.4449  2686      171.0000        0.0002   181847  100.00%
     10     9        1.2050  2415      171.0000        0.0002   198188  100.00%
Elapsed time = 228.01 sec. (109306.53 ticks, tree = 0.01 MB, solutions = 11)
     11    11        0.5813  2319      171.0000        0.0055   266082  100.00%
     12    10        0.5739  2646      171.0000        0.0055   244188  100.00%
     14    10        2.5789  2441      171.0000        0.0055   221823  100.00%
     16    14        0.6141  2464      171.0000        0.0055   316681  100.00%
     18    18        2.3215  2557      171.0000        0.0055   405227  100.00%
     20    12        1.7625  2617      171.0000        0.0055   300830  100.00%
     21    13        2.4486  2473      171.0000        0.0055   309789  100.00%
     23    20        2.0317  2506      171.0000        0.0055   430288  100.00%
     25    22        2.3795  2427      171.0000        0.0055   461091  100.00%
     26    25        1.2794  2353      171.0000        0.0055   490145  100.00%
Elapsed time = 305.30 sec. (144523.77 ticks, tree = 0.13 MB, solutions = 11)
     27    21        3.1885  2175      171.0000        0.0055   441275  100.00%
     29    23        2.4569  2319      171.0000        0.0055   471386  100.00%
     31    26        2.8549  2584      171.0000        0.0055   499853  100.00%
     32    27        3.5179  2471      171.0000        0.0055   539176  100.00%
     35    27        2.4995  1946      171.0000        0.0055   508805  100.00%
     36    30        2.5139  2286      171.0000        0.0055   565750  100.00%
     38    34        2.9956  2131      171.0000        0.0055   600230  100.00%
     40    38        1.4707  2512      171.0000        0.0055   630342  100.00%
     42    31        4.0606  2305      171.0000        0.0055   584725  100.00%
     43    39        2.5369  2448      171.0000        0.0055   647179  100.00%
Elapsed time = 362.17 sec. (170687.57 ticks, tree = 0.14 MB, solutions = 11)
     45    36        4.1313  2201      171.0000        0.0055   615884  100.00%
     46    41        3.3746  2399      171.0000        0.0055   674780  100.00%
     47    44        2.4299  2252      171.0000        0.0055   706187  100.00%
     48    45        4.2206  2495      171.0000        0.0055   718106  100.00%
     50    42        4.2213  2139      171.0000        0.0055   686680  100.00%
     53    46        4.6660  2598      171.0000        0.0055   726095  100.00%
     54    50        4.3418  2125      171.0000        0.0055   763402  100.00%
     56    51        3.2110  2146      171.0000        0.0055   756643  100.00%
     58    47        6.6773  2507      171.0000        0.0055   736841  100.00%
     59    51        5.2846  2134      171.0000        0.0055   772031  100.00%
Elapsed time = 410.16 sec. (187583.67 ticks, tree = 0.15 MB, solutions = 11)
     61    47        4.3972  2139      171.0000        0.0055   736832  100.00%
     63    54        3.8160  1637      171.0000        0.0055   802326  100.00%
     66    53        4.4081  2107      171.0000        0.0055   784785  100.00%
     69    65        5.7666  2156      171.0000        0.0055   878777  100.00%
     71    54        7.9039  2064      171.0000        0.0055   792264  100.00%
     74    70        5.3882  2129      171.0000        0.0055   908325  100.00%
     75    56        4.1563  1618      171.0000        0.0055   821780  100.00%
     77    60        5.9695  2137      171.0000        0.0055   860549  100.00%
     79    72        5.5429  2114      171.0000        0.0055   917623  100.00%
     81    73        6.0635  2096      171.0000        0.0055   921855  100.00%
Elapsed time = 484.57 sec. (210040.69 ticks, tree = 0.22 MB, solutions = 11)
*    82+   65                          104.0000        0.0055            99.99%
     83    74        7.0306  2194      104.0000        0.0055   925195   99.99%
     86    75        7.0555  2315      104.0000        0.0055   946464   99.99%
     89    77        5.6979  2012      104.0000        0.0055   931077   99.99%
     91    78        6.7144  2168      104.0000        0.0055   933740   99.99%
     96    88        7.1342  2055      104.0000        0.0055  1006106   99.99%
    102    80        8.1374  2232      104.0000        0.0055   957218   99.99%
    103    81        8.3038  2240      104.0000        0.0055   959704   99.99%
    106    82        8.2504  2209      104.0000        0.0055   962824   99.99%
    109    82        4.9680  1768      104.0000        0.0055   993763   99.99%
    111    96        6.0098  1889      104.0000        0.0055  1036956   99.99%
Elapsed time = 545.87 sec. (223289.58 ticks, tree = 0.24 MB, solutions = 13)
    112    83        7.9376  1988      104.0000        0.0055   999322   99.99%
    115    85        7.5263  1786      104.0000        0.0055  1003679   99.99%
    123    87        5.6319  1733      104.0000        0.0055  1006477   99.99%
    125   104       10.6194  2184      104.0000        0.0055  1052664   99.99%
    130   105        9.7679  2136      104.0000        0.0055  1054769   99.99%
    134    96        7.7471  1972      104.0000        0.0055  1017862   99.99%
    138    97       10.2392  1979      104.0000        0.0055  1021086   99.99%
    144   109       11.0673  2078      104.0000        0.0055  1062679   99.99%
    148   103        7.2496  1861      104.0000        0.0055  1063089   99.99%
    150   119        6.8848  1771      104.0000        0.0055  1102534   99.99%
Elapsed time = 594.64 sec. (235636.21 ticks, tree = 0.27 MB, solutions = 13)
    152   121        6.9175  1804      104.0000        0.0055  1105222   99.99%
    156   124        7.0143  1715      104.0000        0.0055  1107791   99.99%
    160   129        7.4374  1823      104.0000        0.0055  1141575   99.99%
    163   115       12.9846  2059      104.0000        0.0055  1067743   99.99%
    168   127        7.5050  1695      104.0000        0.0055  1116051   99.99%
    172   128        7.5954  1736      104.0000        0.0055  1119000   99.99%
    179   129        9.2635  2027      104.0000        0.0055  1122143   99.99%
    186   143       10.5138  2060      104.0000        0.0055  1165582   99.99%
    192   165       12.4570  1960      104.0000        0.0055  1193584   99.99%
    200   169       14.1989  2017      104.0000        0.0055  1197088   99.99%
Elapsed time = 621.40 sec. (246863.59 ticks, tree = 0.36 MB, solutions = 14)
    207   149       10.6421  1971      104.0000        0.0055  1174001   99.99%
    210   140       12.2365  1917      104.0000        0.0055  1166541   99.99%
    216   177       15.3359  1926      104.0000        0.0055  1205431   99.99%
    221   180       13.4313  1870      104.0000        0.0055  1208613   99.99%
    226   183        8.9848  1700      104.0000        0.0055  1235764   99.99%
    230   144        9.9666  1763      104.0000        0.0055  1169980   99.99%
    244   188       10.2877  1751      104.0000        0.0055  1240875   99.99%
    256   158       12.8281  1950      104.0000        0.0055  1178853   99.99%
    264   164       12.7764  1952      104.0000        0.0055  1182813   99.99%
    268   168       13.8266  1918      104.0000        0.0055  1185677   99.99%
Elapsed time = 644.89 sec. (258432.91 ticks, tree = 0.40 MB, solutions = 14)
    271   209       11.7209  1883      104.0000        0.0055  1274851   99.99%
    277   192       10.9426  1808      104.0000        0.0055  1245207   99.99%
    283   212       12.0000  1942      104.0000        0.0055  1279938   99.99%
    290   214       12.0332  1949      104.0000        0.0055  1282760   99.99%
    300   192       14.3290  1903      104.0000        0.0055  1221516   99.99%
    307   197       14.4309  1793      104.0000        0.0055  1224111   99.99%
    311   219       12.3779  1858      104.0000        0.0055  1290777   99.99%
    313   221       12.4061  1897      104.0000        0.0055  1293911   99.99%
    315   223       11.6638  1849      104.0000        0.0055  1297854   99.99%
    325   201       10.2228  1745      104.0000        0.0055  1259749   99.99%
Elapsed time = 675.10 sec. (272612.38 ticks, tree = 0.61 MB, solutions = 14)
    352   255       15.2772  1816      104.0000        0.0055  1318288   99.99%
    374   305       16.8279  1715      104.0000        0.0055  1360160   99.99%
    392   323       13.6496  1440      104.0000        0.0055  1404827   99.99%
    405   331       13.8340  1731      104.0000        0.0055  1415620   99.99%
    443   324       17.5101  1695      104.0000        0.0055  1375454   99.99%
    465   343       13.2436  1811      104.0000        0.0055  1441176   99.99%
    485   434       15.0929  1431      104.0000        0.0055  1535020   99.99%
    510   378       15.1042  1722      104.0000        0.0055  1457312   99.99%
    534   381       15.1249  1721      104.0000        0.0055  1460412   99.99%
    557   392       16.1163  1760      104.0000        0.0055  1467446   99.99%
Elapsed time = 762.02 sec. (312512.05 ticks, tree = 1.13 MB, solutions = 14)
    599   519       16.2030  1708      104.0000        0.0055  1611854   99.99%
    639   602       21.2945  1395      104.0000        0.0055  1675981   99.99%
    711   567       26.0679  1497      104.0000        0.0055  1649245   99.99%
    786   660       24.2775  1188      104.0000        0.0055  1693601   99.99%
    858   571       20.6382  1688      104.0000        0.0055  1640678   99.99%
    919   620       31.7779  1296      104.0000        0.0055  1682316   99.99%
    997   927       32.6948  1291      104.0000        0.0055  1837873   99.99%
   1102   898       34.7253   861      104.0000        0.0055  1801896   99.99%
*  1174+  921                          103.0000        0.0055            99.99%
   1211   971       38.2158  1006      103.0000        0.0055  1857365   99.99%
*  1225+ 1014                           97.0000        0.0055            99.99%
   1376  1033       45.8625   841       97.0000        0.0055  1871000   99.99%
Elapsed time = 846.36 sec. (351298.83 ticks, tree = 3.12 MB, solutions = 16)
   1470  1055       18.1674  1636       97.0000        0.0055  1917232   99.99%
*  1557+ 1239                           96.0000        0.0055            99.99%
   1562  1066       19.4011  1567       96.0000        0.0055  1928662   99.99%
*  1576+ 1050                           78.0000        0.0055            99.99%
*  1576+  700                           76.0000        0.0055            99.99%
*  1576+  466                           75.0000        0.0055            99.99%
*  1576+  310                           73.0000        0.0055            99.99%
   1576   311        0.0000  4038       73.0000        0.0055  2102962   99.99%
*  1577+  206                           72.0000        0.0055            99.99%
   1577   208        0.0009  3557       72.0000        0.0055  2129739   99.99%
   1578   207        0.0277  3563       72.0000        0.0055  2135704   99.99%
*  1580+  139                           71.0000        0.0055            99.99%
   1582   115        0.0017  3381       71.0000        0.0055  2176241   99.99%
   1585   116        0.0023  3334       71.0000        0.0055  2180915   99.99%
   1587   117        0.0076  3176       71.0000        0.0076  2194006   99.99%
   1593    40        0.3185  3211       71.0000        0.0076  2201368   99.99%
   1596    21        1.3106  3206       71.0000        0.0076  2206982   99.99%
Elapsed time = 1209.48 sec. (566682.24 ticks, tree = 0.13 MB, solutions = 23)
   1601    25        1.0008  3314       71.0000        0.0076  2300661   99.99%
   1602    18        0.3533  3125       71.0000        0.0076  2264598   99.99%
   1605    28        1.0234  3478       71.0000        0.0076  2360454   99.99%
   1608    18        3.1351  3305       71.0000        0.0076  2318920   99.99%
   1616    34        1.3308  3163       71.0000        0.0076  2426995   99.99%
   1617    22        0.7599  2309       71.0000        0.0076  2356229   99.99%
   1622    43        4.1617  2923       71.0000        0.0076  2510923   99.99%
   1631    51        3.1276  3416       71.0000        0.0076  2560977   99.99%
   1639    54        3.1482  3445       71.0000        0.0076  2567875   99.99%
   1647    58        3.1369  3263       71.0000        0.0076  2575408   99.99%
Elapsed time = 1317.08 sec. (625892.73 ticks, tree = 0.13 MB, solutions = 23)
   1652    77        0.2251  2840       71.0000        0.0076  2654785   99.99%
   1656    57        1.4562  3043       71.0000        0.0076  2599525   99.99%
   1661    80        0.2415  2807       71.0000        0.0076  2663573   99.99%
   1662    59        3.4881  2558       71.0000        0.0076  2630299   99.99%
   1665    84       15.8234  1718       71.0000        0.0076  2707419   99.99%
   1671    89        2.5714  2931       71.0000        0.0076  2742699   99.99%
   1678    88        7.2264  3066       71.0000        0.0076  2736521   99.99%
   1685    90        8.1326  3054       71.0000        0.0076  2742060   99.99%
   1690   100        0.8824  2442       71.0000        0.0076  2785311   99.99%
   1694   108        2.9477  2690       71.0000        0.0076  2835690   99.99%
Elapsed time = 1395.89 sec. (669636.80 ticks, tree = 0.11 MB, solutions = 23)
   1695   102        5.2651  2274       71.0000        0.0076  2804703   99.99%
   1700   103        3.7409  2468       71.0000        0.0076  2822355   99.99%
   1710   124        1.7899  2408       71.0000        0.0076  2886847   99.99%
   1711   124        9.3114  2455       71.0000        0.0076  2908923   99.99%
   1717   129        3.7602  2490       71.0000        0.0076  2939298   99.99%
   1719   129        4.2683  2725       71.0000        0.0076  2940338   99.99%
   1725   130        6.2927  2811       71.0000        0.0076  2946657   99.99%
   1732   149       10.3634  2463       71.0000        0.0076  2990945   99.99%
   1734   132        4.8295  2390       71.0000        0.0076  2961444   99.99%
   1738   153        5.6431  2402       71.0000        0.0076  3023931   99.99%
Elapsed time = 1550.35 sec. (717195.94 ticks, tree = 0.43 MB, solutions = 23)
   1739   150       10.9733  2481       71.0000        0.0076  2992991   99.99%
   1744   159       10.8878  2418       71.0000        0.0076  3034215   99.99%
   1747   131        6.9808  2388       71.0000        0.0076  2962222   99.99%
   1752   164       10.5646  2395       71.0000        0.0076  3044400   99.99%
   1756   165       11.6983  2303       71.0000        0.0076  3052506   99.99%
   1760   182       12.3877  2384       71.0000        0.0076  3221093   99.99%
   1763   166        4.3813  2499       71.0000        0.0076  3094572   99.99%
   1772   169       16.3740  2510       71.0000        0.0076  3231862   99.99%
   1779   184        cutoff             71.0000        0.0076  3248417   99.99%
   1782   190        7.5429  2371       71.0000        0.0076  3265078   99.99%
Elapsed time = 1694.75 sec. (761658.12 ticks, tree = 0.53 MB, solutions = 23)
   1787   192       23.6077  2196       71.0000        0.0076  3324145   99.99%
   1790   193       25.9476  2182       71.0000        0.0076  3333308   99.99%
   1794   208       17.8462  2268       71.0000        0.0076  3400301   99.99%
   1801   215        8.4441  2401       71.0000        0.0076  3435010   99.99%
   1806   215       15.5872  2242       71.0000        0.0076  3421312   99.99%
   1809   219        8.5498  2493       71.0000        0.0076  3448145   99.99%
   1813   219       25.5007  2188       71.0000        0.0076  3456047   99.99%
   1819   221       27.7804  2138       71.0000        0.0076  3466472   99.99%
   1822   223       26.6852  2156       71.0000        0.0076  3475420   99.99%
   1837   243       12.1796  2509       71.0000        0.0076  3626870   99.99%
Elapsed time = 1810.71 sec. (816149.69 ticks, tree = 0.91 MB, solutions = 23)
   1839   222       40.5556  2192       71.0000        0.0076  3558798   99.99%
   1849   261       33.3317  1771       71.0000        0.0076  3681701   99.99%
   1853   228       20.2311  1816       71.0000        0.0076  3565705   99.99%
   1866   268       42.6365  1737       71.0000        0.0076  3693419   99.99%
   1887   266       32.2764  2027       71.0000        0.0076  3752091   99.99%
   1889   281       19.4267  1818       71.0000        0.0076  3797249   99.99%
   1894   247       13.7851  2525       71.0000        0.0076  3663401   99.99%
   1899   292       44.5032  1703       71.0000        0.0076  3729188   99.99%
   1901   269       33.0794  1913       71.0000        0.0076  3773386   99.99%
   1913   276       35.3825  1837       71.0000        0.0076  3782805   99.99%
Elapsed time = 1899.73 sec. (863239.69 ticks, tree = 1.84 MB, solutions = 23)
   1929   291       21.4524  1759       71.0000        0.0076  3891155   99.99%
   1936   318       35.6192  1842       71.0000        0.0076  3934246   99.99%
   1952   284       14.4319  2542       71.0000        0.0076  3876245   99.99%
   1955   344       13.8918  2329       71.0000        0.0076  4050305   99.99%
   1957   291        cutoff             71.0000        0.0076  3940477   99.99%
   1960   347       14.0511  2506       71.0000        0.0076  4073202   99.99%
   1965   348       14.1776  2360       71.0000        0.0076  4080187   99.99%
   1970   351       15.0018  2384       71.0000        0.0076  4088269   99.99%
   1977   357       15.1000  2346       71.0000        0.0076  4096457   99.99%
   1983   352       44.7065  1815       71.0000        0.0076  4141581   99.99%
Elapsed time = 2000.74 sec. (913548.04 ticks, tree = 3.87 MB, solutions = 23)
   1992   356       45.2092  1798       71.0000        0.0076  4150442   99.99%
   1995   386       38.7152  1800       71.0000        0.0076  4222020   99.99%
   2010   401       15.8152  2365       71.0000        0.0076  4286184   99.99%
   2020   400       40.1073  1738       71.0000        0.0076  4241183   99.99%
   2027   419       46.2210  1301       71.0000        0.0076  4427664   99.99%
   2041   402       42.2469  1216       71.0000        0.0076  4260632   99.99%
   2047   403       40.4357  1382       71.0000        0.0076  4271607   99.99%
   2053   406        0.1323  3103       71.0000        0.0076  4387890   99.99%
   2060   418       18.6876  2121       71.0000        0.0076  4335697   99.99%
   2067   448       43.6559  1146       71.0000        0.0076  4530826   99.99%
Elapsed time = 2087.36 sec. (958070.45 ticks, tree = 5.79 MB, solutions = 23)
   2083   459       45.1455  1130       71.0000        0.0076  4542716   99.99%
   2091   430       19.8601  2187       71.0000        0.0076  4359100   99.99%
   2107   469       49.2469  1114       71.0000        0.0699  4558708   99.90%
   2119   471       53.8038  1057       71.0000        0.0699  4571819   99.90%
   2137   479       56.5553   996       71.0000        0.0699  4584489   99.90%
   2152   492        5.0479  3147       71.0000        0.1502  4718257   99.79%
   2172   500       30.6112  1599       71.0000        0.1502  4604525   99.79%
   2183   482        0.3213  2764       71.0000        0.1502  4657435   99.79%
   2195   519       30.9262  1381       71.0000        0.1502  4621403   99.79%
   2223   546       33.7552  1249       71.0000        0.1502  4631448   99.79%
Elapsed time = 2166.19 sec. (998324.98 ticks, tree = 10.39 MB, solutions = 23)
   2241   497       10.0570  3083       71.0000        0.1593  4748362   99.78%
   2254   531        5.1599  2879       71.0000        0.1593  4851337   99.78%
   2274   642       40.0738   856       71.0000        0.1593  4922842   99.78%
   2292   653        cutoff             71.0000        0.1593  4930728   99.78%
   2332   693       52.7415   650       71.0000        0.1593  4941076   99.78%
   2354   534        5.2490  2638       71.0000        0.1593  4878243   99.78%
   2361   702        4.1490  2879       71.0000        0.1593  4960488   99.78%
   2363   703        7.0837  2771       71.0000        0.1593  4967040   99.78%
   2366   659        5.3373  2528       71.0000        0.1746  5107104   99.75%
   2368   704        7.3053  2371       71.0000        0.1746  4991250   99.75%
Elapsed time = 2315.67 sec. (1045287.05 ticks, tree = 13.38 MB, solutions = 23)
   2372   741        7.3082  2440       71.0000        0.1767  5186001   99.75%
   2379   743        8.2411  2356       71.0000        0.1767  5192998   99.75%
   2385   748        5.7501  2039       71.0000        0.1767  5217581   99.75%
   2389   751       11.6392  1888       71.0000        0.1767  5227332   99.75%
   2396   758       10.3118  2252       71.0000        0.1767  5234700   99.75%
   2397   747       12.1676  2777       71.0000        0.1767  5304835   99.75%
   2403   762        9.3205  2191       71.0000        0.1767  5244171   99.75%
   2413   778        8.4026  2015       71.0000        0.1767  5447321   99.75%
   2417   780       11.9238  2251       71.0000        0.1767  5454753   99.75%
   2421   760        8.4968  2344       71.0000        0.1767  5333548   99.75%
Elapsed time = 2407.87 sec. (1094693.36 ticks, tree = 13.56 MB, solutions = 23)
   2428   762        9.4796  2364       71.0000        0.1767  5341330   99.75%
   2433   765        9.4902  2320       71.0000        0.1767  5349109   99.75%
   2441   788       13.1605  2683       71.0000        0.1767  5482840   99.75%
   2447   760        cutoff             71.0000        0.1767  5447328   99.75%
   2455   764        9.1584  2315       71.0000        0.1767  5454402   99.75%
   2458   792       16.1131  2511       71.0000        0.1767  5498038   99.75%
   2460   815       14.6712  2515       71.0000        0.1767  5625346   99.75%
   2468   827        9.5454  2242       71.0000        0.1767  5689793   99.75%
   2473   802       46.0285  2165       71.0000        0.1767  5604231   99.75%
   2483   824       19.5438  2291       71.0000        0.1767  5651650   99.75%
Elapsed time = 2492.68 sec. (1141119.98 ticks, tree = 13.69 MB, solutions = 23)
   2493   830       18.1286  2016       71.0000        0.1767  5659383   99.75%
   2500   807       47.0410  2243       71.0000        0.1767  5628220   99.75%
   2508   830       14.9415  2022       71.0000        0.1767  5735308   99.75%
   2520   831       15.7199  1967       71.0000        0.1767  5743361   99.75%
   2538   867       16.5516  2043       71.0000        0.1767  5953474   99.75%
   2551   877       28.5902  1759       71.0000        0.1767  5889217   99.75%
   2561   884       30.6623  1522       71.0000        0.1767  5897773   99.75%
   2570   892       32.8912  1664       71.0000        0.1767  5905657   99.75%
   2573   895       30.7480  1544       71.0000        0.1767  5913780   99.75%
   2587   906       32.3264  1557       71.0000        0.1767  5922354   99.75%
Elapsed time = 2572.59 sec. (1182846.74 ticks, tree = 14.46 MB, solutions = 23)
   2604   919       39.9895  1144       71.0000        0.1767  5933834   99.75%
   2613   878        2.1223  2456       71.0000        0.1767  6005694   99.75%
   2634   962       38.1220  1258       71.0000        0.1767  6156161   99.75%
   2652   975       37.8419  1214       71.0000        0.1767  6164686   99.75%
   2667   985       42.0570  1449       71.0000        0.1767  6173172   99.75%
   2683   887       14.4722  2305       71.0000        0.1767  6054232   99.75%
   2693   889       16.3826  2255       71.0000        0.1767  6062262   99.75%
   2714  1009       48.4089   850       71.0000        0.1767  6198438   99.75%
   2720  1012       54.6957   765       71.0000        0.1767  6208811   99.75%
   2735   964        9.5365  2278       71.0000        0.1767  6266461   99.75%
Elapsed time = 2656.03 sec. (1224189.41 ticks, tree = 19.27 MB, solutions = 23)
   2745   972        7.0927  2676       71.0000        0.1767  6290279   99.75%
   2788  1094       56.2922   796       71.0000        0.1767  6374066   99.75%
   2844   965        cutoff             71.0000        0.1767  6297497   99.75%
   2850   978        9.3531  2268       71.0000        0.1767  6314714   99.75%
   2861  1083       11.6006  2185       71.0000        0.1796  6560014   99.75%
   2875  1085       33.6508  2354       71.0000        0.1796  6488824   99.75%
   2890   985       15.7862  2035       71.0000        0.1796  6344905   99.75%
   2919  1148        8.0211  2301       71.0000        0.1796  6433268   99.75%
   2935  1126       43.5042  2115       71.0000        0.1796  6511370   99.75%
   2943  1246       43.5601  2106       71.0000        0.1796  6751305   99.75%
Elapsed time = 2752.64 sec. (1272084.21 ticks, tree = 36.53 MB, solutions = 23)
   2951  1178       12.6305  2203       71.0000        0.1796  6625913   99.75%
   2959  1249       43.5650  2077       71.0000        0.1796  6759120   99.75%
   2970  1252       43.6304  2044       71.0000        0.1796  6766994   99.75%
   2982  1258       43.6629  1881       71.0000        0.1796  6775624   99.75%
   2993  1183       16.4948  2045       71.0000        0.1796  6664532   99.75%
   3001  1184    infeasible             71.0000        0.1796  6673362   99.75%
   3007  1291       45.6655  1854       71.0000        0.1796  6932892   99.75%
   3010  1263        cutoff             71.0000        0.1796  6889031   99.75%
   3015  1297       47.5339  1996       71.0000        0.1796  6950559   99.75%
   3022  1300       47.5592  1999       71.0000        0.1796  6959828   99.75%
Elapsed time = 2839.95 sec. (1314773.42 ticks, tree = 38.95 MB, solutions = 23)
   3025  1302       47.5634  2004       71.0000        0.1796  6968168   99.75%
   3034  1267       23.0100  1963       71.0000        0.1796  6923012   99.75%
   3042  1312       48.5583  1934       71.0000        0.1796  6983901   99.75%
   3060  1323       48.6810  1779       71.0000        0.1796  6993064   99.75%
   3070  1306        cutoff             71.0000        0.1796  7147323   99.75%
   3074  1300        cutoff             71.0000        0.1796  7011008   99.75%
   3077  1302        4.9121  3092       71.0000        0.1796  7016307   99.75%
   3086  1303        5.5013  2997       71.0000        0.1796  7022742   99.75%
   3093  1360       52.7057  1988       71.0000        0.1796  7244855   99.75%
   3108  1374       53.0292  1684       71.0000        0.1796  7252051   99.75%
Elapsed time = 2925.23 sec. (1355915.89 ticks, tree = 42.19 MB, solutions = 23)
   3120  1386       56.7815  1653       71.0000        0.1796  7259478   99.75%
   3136  1398       57.8054  1625       71.0000        0.1796  7264503   99.75%
   3157  1307        3.0303  3043       71.0000        0.1796  7196739   99.75%
   3177  1434        cutoff             71.0000        0.1796  7462080   99.75%
   3200  1439        cutoff             71.0000        0.1796  7475662   99.75%
   3216  1365        cutoff             71.0000        0.1796  7325627   99.75%
   3224  1435       13.5772  2525       71.0000        0.1796  7521997   99.75%
   3230  1372        9.3457  3357       71.0000        0.3266  7372193   99.54%
   3234  1376       17.3879  3269       71.0000        0.3266  7377917   99.54%
   3239  1377       17.4533  3245       71.0000        0.3266  7383984   99.54%
Elapsed time = 3010.79 sec. (1401188.67 ticks, tree = 48.00 MB, solutions = 23)
   3250  1450        5.0969  2688       71.0000        0.3266  7523388   99.54%
   3256  1478        6.8746  2588       71.0000        0.3266  7642380   99.54%
   3274  1484        8.9369  2558       71.0000        0.3266  7650030   99.54%
   3281  1485       19.5764  2716       71.0000        0.3266  7715937   99.54%
   3298  1500       27.9520  2497       71.0000        0.3266  7721827   99.54%
   3344  1468       33.3770  1052       71.0000        0.3266  7608102   99.54%
   3355  1506       40.5468  1993       71.0000        0.3266  7789748   99.54%
   3365  1515       41.5576  2022       71.0000        0.3266  7798805   99.54%
   3370  1517        cutoff             71.0000        0.3266  7807092   99.54%
   3388  1518        2.3535  3783       71.0000        0.3266  7751377   99.54%
Elapsed time = 3106.22 sec. (1448417.03 ticks, tree = 51.77 MB, solutions = 23)
   3390  1527        3.0358  2683       71.0000        0.3266  7843160   99.54%
   3395  1518        2.6191  3097       71.0000        0.4540  7832769   99.36%
   3398  1592        3.3307  3114       71.0000        0.6073  7992700   99.14%
   3404  1537        2.9995  3986       71.0000        0.6073  7887852   99.14%
   3406  1592        cutoff             71.0000        0.6073  8010488   99.14%
   3409  1573        3.5151  4019       71.0000        0.6073  7953112   99.14%
   3414  1595        5.6818  3078       71.0000        0.6073  8022661   99.14%
   3425  1579        5.4512  3588       71.0000        0.6073  7967580   99.14%
   3433  1598        6.5815  3019       71.0000        0.6073  8041691   99.14%
   3438  1540        3.7776  3876       71.0000        0.6073  7925616   99.14%
Elapsed time = 3200.72 sec. (1502540.01 ticks, tree = 58.18 MB, solutions = 23)
   3445  1626    infeasible             71.0000        0.6073  8172233   99.14%
   3454  1613        9.2367  2551       71.0000        0.6073  8109315   99.14%
   3458  1634        4.7828  3204       71.0000        0.6073  8231955   99.14%
   3465  1638        5.7669  3148       71.0000        0.6073  8237187   99.14%
   3469  1627        5.3349  3204       71.0000        0.6073  8136016   99.14%
   3470  1631       10.7691  2795       71.0000        0.6073  8209940   99.14%
   3476  1634       11.8189  2757       71.0000        0.6073  8216889   99.14%
   3481  1628        7.7376  3452       71.0000        0.6073  8158869   99.14%
   3484  1645        6.3244  3177       71.0000        0.6073  8276972   99.14%
   3491  1678        8.9574  2324       71.0000        0.6073  8479063   99.14%
Elapsed time = 3307.04 sec. (1557251.25 ticks, tree = 60.02 MB, solutions = 23)
   3499  1652        cutoff             71.0000        0.6073  8375305   99.14%
   3500  1664       47.7215  2624       71.0000        0.6073  8482727   99.14%
   3502  1647        5.9042  2937       71.0000        0.6073  8325510   99.14%
   3505  1685        7.2942  3270       71.0000        0.6073  8533394   99.14%
   3508  1684        1.0999  2922       71.0000        0.6073  8599043   99.14%
   3516  1686        2.9919  2955       71.0000        0.6073  8605733   99.14%
   3521  1691        3.9741  2930       71.0000        0.6073  8613549   99.14%
   3524  1687        6.9105  2961       71.0000        0.6073  8560629   99.14%
   3530  1688        7.3168  3277       71.0000        0.6073  8566161   99.14%
   3531  1697       51.0000  2532       71.0000        0.6073  8634123   99.14%
Elapsed time = 3436.82 sec. (1617570.01 ticks, tree = 60.46 MB, solutions = 23)
   3534  1696        1.4726  3151       71.0000        0.6073  8646098   99.14%
   3536  1692       48.7215  2624       71.0000        0.6073  8753457   99.14%
   3547  1701       18.2214  2560       71.0000        0.6073  8761934   99.14%
*  3553+ 1728                           69.0000        0.6073            99.12%
*  3553+ 1728                           68.0000        0.6073            99.11%
*  3553+ 1728                           67.0000        0.6073            99.09%
   3557  1699       19.1040  3029       67.0000        0.6073  8815074   99.09%
   3564  1692       18.5901  2547       67.0000        0.6073  8964276   99.09%
   3568  1693       19.1162  2530       67.0000        0.6073  8974903   99.09%
   3569  1705       10.4231  3434       67.0000        0.6073  8844233   99.09%
   3571  1695       19.5749  2527       67.0000        0.6073  8991911   99.09%
   3572  1722       15.1897  2539       67.0000        0.6073  8927288   99.09%
   3576  1706        9.9589  3453       67.0000        0.6073  8868980   99.09%
Elapsed time = 3531.98 sec. (1673180.20 ticks, tree = 59.13 MB, solutions = 26)
   3581  1703       11.9213  3323       67.0000        0.6073  9088408   99.09%
   3585  1708       17.7933  2516       67.0000        0.6073  9164649   99.09%
   3588  1713       20.5383  2496       67.0000        0.6073  9250703   99.09%
   3589  1700       22.0845  2994       67.0000        0.6073  9099528   99.09%
   3591  1721       13.1384  3364       67.0000        0.6073  9327203   99.09%
   3595  1723       14.0151  3206       67.0000        0.6073  9335129   99.09%
   3597  1715       21.3793  2494       67.0000        0.6073  9286860   99.09%

Cover cuts applied:  679
Flow cuts applied:  507
Mixed integer rounding cuts applied:  235
Zero-half cuts applied:  41

Root node processing (before b&c):
  Real time             =  108.15 sec. (49419.73 ticks)
Parallel b&c, 4 threads:
  Real time             = 3491.87 sec. (1661432.30 ticks)
  Sync time (average)   =  139.75 sec.
  Wait time (average)   =    0.01 sec.
                          ------------
Total (root+branch&cut) = 3600.02 sec. (1710852.03 ticks)
Solution status = Feasible
Solution value  = 67
