CPXPARAM_TimeLimit                               3600
CPXPARAM_Threads                                 4
Tried aggregator 1 time.
MIP Presolve eliminated 0 rows and 10 columns.
MIP Presolve modified 3420 coefficients.
Reduced MIP has 3964 rows, 5592 columns, and 40270 nonzeros.
Reduced MIP has 5592 binaries, 0 generals, 0 SOSs, and 0 indicators.
Presolve time = 0.04 sec. (17.73 ticks)
Found incumbent of value 342.000000 after 0.14 sec. (69.14 ticks)
Probing time = 0.01 sec. (2.92 ticks)
Tried aggregator 1 time.
Reduced MIP has 3964 rows, 5592 columns, and 40270 nonzeros.
Reduced MIP has 5592 binaries, 0 generals, 0 SOSs, and 0 indicators.
Presolve time = 0.03 sec. (23.38 ticks)
Probing time = 0.01 sec. (3.64 ticks)
Clique table members: 525.
MIP emphasis: balance optimality and feasibility.
MIP search method: dynamic search.
Parallel mode: deterministic, using up to 4 threads.
Root relaxation solution time = 0.56 sec. (507.01 ticks)

        Nodes                                         Cuts/
   Node  Left     Objective  IInf  Best Integer    Best Bound    ItCnt     Gap

*     0+    0                          342.0000        0.0000           100.00%
*     0+    0                          305.0000        0.0000           100.00%
*     0+    0                          281.0000        0.0000           100.00%
*     0+    0                          235.0000        0.0000           100.00%
      0     0        0.0000  2760      235.0000        0.0000        6  100.00%
*     0+    0                          224.0000        0.0000           100.00%
      0     0        0.0000  3241      224.0000     Cuts: 864     7551  100.00%
*     0+    0                          220.0000        0.0000           100.00%
      0     0       -0.0000  3876      220.0000    Cuts: 1060    17750  100.00%
Heuristic still looking.
*     0+    0                          206.0000        0.0000           100.00%
      0     2       -0.0000  3485      206.0000        0.0000    17750  100.00%
Elapsed time = 83.86 sec. (51794.99 ticks, tree = 0.01 MB, solutions = 7)
      1     3        0.0385  3081      206.0000        0.0000    40712  100.00%
*     2+    1                          205.0000        0.0000           100.00%
      2     3        0.0000  1741      205.0000        0.0000    28062  100.00%
*     3+    2                          199.0000        0.0000           100.00%
      3     4        0.1314  2867      199.0000        0.0000    52424  100.00%
      4     4        0.4377  2786      199.0000        0.0000    79470  100.00%
      5     5        0.2533  3261      199.0000        0.0000    86670  100.00%
      6     6        1.3805  2972      199.0000        0.0000   103845  100.00%
*     7+    3                          193.0000        0.0000           100.00%
      7     5        0.0107  3298      193.0000        0.0000   101757  100.00%
      8     8        1.0258  2817      193.0000        0.0000   166552  100.00%
      9     9        1.4481  2959      193.0000        0.0000   201694  100.00%
     11    10        2.7574  3122      193.0000        0.0000   207189  100.00%
Elapsed time = 177.17 sec. (109211.04 ticks, tree = 0.01 MB, solutions = 10)
     12    14        1.4882  2974      193.0000        0.0107   328350   99.99%
     13    11        2.2391  2954      193.0000        0.0107   280589   99.99%
     16    11        1.9367  3041      193.0000        0.0107   258182   99.99%
     19    16        2.6740  3147      193.0000        0.0107   334873   99.99%
     20    12        0.6518  3178      193.0000        0.0107   259452   99.99%
     23    13        2.4509  2799      193.0000        0.0107   290607   99.99%
     25    17        2.5057  3098      193.0000        0.0107   362595   99.99%
     26    20        3.6808  2735      193.0000        0.0107   394144   99.99%
     28    21        2.6440  2999      193.0000        0.0107   398995   99.99%
     30    18        4.1647  3157      193.0000        0.0107   358915   99.99%
Elapsed time = 217.13 sec. (134194.29 ticks, tree = 0.18 MB, solutions = 10)
     32    23        3.7044  3056      193.0000        0.0107   439025   99.99%
     33    22        4.5060  2970      193.0000        0.0107   408597   99.99%
     35    32        3.7464  2728      193.0000        0.0107   477910   99.99%
     37    29        2.4996  2834      193.0000        0.0107   467222   99.99%
     38    35        1.5269  2946      193.0000        0.0107   499963   99.99%
     39    36        1.0235  3055      193.0000        0.0107   501515   99.99%
     40    37        2.1539  2892      193.0000        0.0107   505138   99.99%
     43    38        4.0452  2750      193.0000        0.0107   518015   99.99%
     46    30        4.0882  2957      193.0000        0.0107   485836   99.99%
     47    40        1.9135  2966      193.0000        0.0107   514294   99.99%
Elapsed time = 252.34 sec. (153228.75 ticks, tree = 0.56 MB, solutions = 10)
     48    39        5.1839  3134      193.0000        0.0107   524954   99.99%
     50    43        2.5038  2800      193.0000        0.0107   594789   99.99%
     53    51        3.6745  2697      193.0000        0.0107   614539   99.99%
     55    52        1.7589  2912      193.0000        0.0107   616586   99.99%
     56    53        2.6290  2871      193.0000        0.0107   618768   99.99%
     58    45        2.5064  2847      193.0000        0.0107   605701   99.99%
     59    53        4.4347  2751      193.0000        0.0107   625915   99.99%
     61    54        3.2118  2651      193.0000        0.0107   624397   99.99%
     63    48        3.2864  2862      193.0000        0.0107   612665   99.99%
     65    40        4.2222  3189      193.0000        0.0107   580644   99.99%
Elapsed time = 279.53 sec. (168363.39 ticks, tree = 0.43 MB, solutions = 10)
     66    49        3.3650  2895      193.0000        0.0107   616025   99.99%
     69    55        5.1582  2938      193.0000        0.0107   636861   99.99%
*    71+   53                          136.0000        0.0107            99.99%
     71    55        4.2628  3159      136.0000        0.0107   652390   99.99%
     73    56        2.8620  3169      136.0000        0.0107   653107   99.99%
*    74+   53                          105.0000        0.0107            99.99%
     74    57        3.5054  3162      105.0000        0.0107   656606   99.99%
     76    55        3.9608  3018      105.0000        0.0107   634673   99.99%
     77    59        2.9055  3142      105.0000        0.0107   659207   99.99%
     78    60        3.5715  3114      105.0000        0.0107   661390   99.99%
     79    79        2.9080  3117      105.0000        0.0107   737907   99.99%
     81    80        2.9321  3147      105.0000        0.0107   739260   99.99%
Elapsed time = 317.69 sec. (188021.10 ticks, tree = 0.53 MB, solutions = 12)
     82    81        3.2796  2617      105.0000        0.0107   742771   99.99%
     84    72        5.4600  3008      105.0000        0.0107   735374   99.99%
     86    82        3.3046  2822      105.0000        0.0107   747041   99.99%
     89    86        5.6482  2992      105.0000        0.0107   761177   99.99%
     91    83        3.3005  2850      105.0000        0.0107   751653   99.99%
     94    90        5.3484  2949      105.0000        0.0107   770071   99.99%
     97    92        6.1607  2945      105.0000        0.0107   773092   99.99%
    100    89        3.9386  2775      105.0000        0.0107   783003   99.99%
    103    96        4.1417  2920      105.0000        0.0107   778537   99.99%
    105    90        5.0342  2874      105.0000        0.0107   783895   99.99%
Elapsed time = 355.09 sec. (209483.97 ticks, tree = 0.74 MB, solutions = 12)
    106    97        5.6298  2940      105.0000        0.0107   783201   99.99%
    108    91        6.1526  2758      105.0000        0.0107   795344   99.99%
    112   106        4.2705  2846      105.0000        0.0107   808478   99.99%
    115   108        4.2887  2813      105.0000        0.0107   810425   99.99%
    116   109        6.5216  2761      105.0000        0.0107   812920   99.99%
    118    92        6.5089  2686      105.0000        0.0107   802218   99.99%
    122   113        4.5292  2821      105.0000        0.0107   817390   99.99%
    123    81        4.4942  3148      105.0000        0.0107   741914   99.99%
    125   114        2.9372  3045      105.0000        0.0107   849216   99.99%
    126    93        7.2264  2792      105.0000        0.0107   811874   99.99%
Elapsed time = 385.71 sec. (226293.43 ticks, tree = 0.97 MB, solutions = 12)
    129   115        2.9500  3042      105.0000        0.0107   853809   99.99%
    130   118        5.9854  2674      105.0000        0.0107   885910   99.99%
    131   117        6.9277  2720      105.0000        0.0107   830228   99.99%
    133   116        3.0896  3094      105.0000        0.0107   859228   99.99%
    134   111        4.1808  2516      105.0000        0.0107   850774   99.99%
    135   119        7.6047  2536      105.0000        0.0107   894490   99.99%
    138   133        5.0750  2732      105.0000        0.0107   914102   99.99%
    139   134        7.3878  2720      105.0000        0.0107   915900   99.99%
    141   113        6.1289  2527      105.0000        0.0107   858800   99.99%
    146   137        5.1547  2743      105.0000        0.0107   919326   99.99%
Elapsed time = 406.20 sec. (238165.91 ticks, tree = 0.95 MB, solutions = 12)
    149   139        7.7611  2581      105.0000        0.0107   924205   99.99%
    153   118        3.1622  3057      105.0000        0.0107   876342   99.99%
    155   141        3.1638  3050      105.0000        0.0107   960292   99.99%
    156   141        7.8479  2624      105.0000        0.0107   929618   99.99%
    158   142        3.2208  3055      105.0000        0.0107   965196   99.99%
    160   143        6.9796  2612      105.0000        0.0107   934824   99.99%
    161   144        5.8352  2655      105.0000        0.0107   936877   99.99%
    163   140        5.3153  2424      105.0000        0.0107   950848   99.99%
    165   141        5.4411  2333      105.0000        0.0107   953383   99.99%
    168   149        6.0329  2601      105.0000        0.0107   943034   99.99%
Elapsed time = 433.15 sec. (253183.38 ticks, tree = 0.90 MB, solutions = 12)
    170   143        6.6612  3071      105.0000        0.0107   977057   99.99%
    175   147        7.6460  2483      105.0000        0.0107   985927   99.99%
    176   166        8.0654  2660      105.0000        0.0107  1022169   99.99%
    179   145        3.2818  3039      105.0000        0.0107   983476   99.99%
    182   174        5.7492  2287      105.0000        0.0107  1056280   99.99%
    184   175        7.3204  2283      105.0000        0.0107  1059041   99.99%
    187   150        7.8667  2504      105.0000        0.0107   998780   99.99%
    189   170        6.9534  2242      105.0000        0.0107  1033454   99.99%
    191   177        7.2335  2211      105.0000        0.0107  1066579   99.99%
    199   153        8.8232  2370      105.0000        0.0107  1011337   99.99%
Elapsed time = 465.75 sec. (270752.94 ticks, tree = 1.03 MB, solutions = 12)
*   204+  170                          103.0000        0.0107            99.99%
    206   188        9.0054  2277      103.0000        0.0107  1113272   99.99%
    210   182        9.7897  2206      103.0000        0.0107  1083131   99.99%
    220   209       10.7691  2188      103.0000        0.0107  1177898   99.99%
    229   213       10.8385  2238      103.0000        0.0107  1185097   99.99%
*   235+  195                          101.0000        0.0107            99.99%
    235   203       11.9810  2093      101.0000        0.0107  1159586   99.99%
    243   207       12.1827  2056      101.0000        0.0107  1166653   99.99%
    252   232       13.1197  1879      101.0000        0.0107  1250668   99.99%
    268   217        9.7713  2150      101.0000        0.0107  1192025   99.99%
    276   243       14.3198  2230      101.0000        0.0107  1286842   99.99%
    291   251       13.1504  1837      101.0000        0.0107  1267732   99.99%
Elapsed time = 540.05 sec. (312314.22 ticks, tree = 1.14 MB, solutions = 14)
    305   261       12.0536  2083      101.0000        0.0107  1318499   99.99%
    325   300       15.2599  1811      101.0000        0.0107  1389395   99.99%
    338   306       15.4207  1751      101.0000        0.0107  1397397   99.99%
    352   267       10.7340  2688      101.0000        0.0107  1368495   99.99%
    362   272       11.3669  1996      101.0000        0.0107  1349889   99.99%
    376   322       16.7184  1922      101.0000        0.0107  1444240   99.99%
    388   273       10.4036  2705      101.0000        0.0107  1387896   99.99%
*   392+  330                          100.0000        0.0107            99.99%
    400   380       21.2125  1609      100.0000        0.0107  1516429   99.99%
    409   383       19.5336  1470      100.0000        0.0107  1518392   99.99%
    425   387       11.6075  2557      100.0000        0.0107  1559880   99.99%
Elapsed time = 618.15 sec. (354417.13 ticks, tree = 1.48 MB, solutions = 15)
    445   401       22.0387  1811      100.0000        0.0107  1532406   99.99%
    468   350       16.2161  2091      100.0000        0.0107  1525049   99.99%
    491   425       19.0341  1906      100.0000        0.0107  1624850   99.99%
    516   439       25.8189  1343      100.0000        0.0107  1557279   99.99%
    535   496       26.0649  1216      100.0000        0.0107  1708913   99.99%
*   561+  503                           89.0000        0.0107            99.99%
    567   509       27.8898  1172       89.0000        0.0107  1714195   99.99%
    602   455       23.3070  1805       89.0000        0.0107  1648880   99.99%
    630   468       24.5091  1559       89.0000        0.0107  1657862   99.99%
    678   527       14.7188  2159       89.0000        0.0107  1763250   99.99%
    715   618       30.4471  1441       89.0000        0.0107  1817822   99.99%
Elapsed time = 693.02 sec. (394213.73 ticks, tree = 1.96 MB, solutions = 16)
    745   590       36.4090   947       89.0000        0.0107  1745302   99.99%
    806   614       19.0915  1973       89.0000        0.0107  1860094   99.99%
    841   747       38.6984   810       89.0000        0.0107  1902068   99.99%
    894   781       44.4404   824       89.0000        0.0107  1911445   99.99%
    961   823       47.5875   618       89.0000        0.0107  1921653   99.99%
   1021   640       22.5706  1850       89.0000        0.0107  1887258   99.99%
   1110   921       58.9587   349       89.0000        0.0107  1940789   99.99%
*  1206+  975                           88.0000        0.0107            99.99%
*  1235+ 1083                           86.0000        0.0107            99.99%
   1300  1131       66.3499    88       86.0000        0.0107  2023254   99.99%
*  1380+ 1189                           84.0000        0.0107            99.99%
   1421   995       50.8675   799       84.0000        0.0107  2012005   99.99%
   1524  1158       26.0961  1614       84.0000        0.0107  2072994   99.99%
Elapsed time = 762.91 sec. (432954.85 ticks, tree = 5.90 MB, solutions = 19)
   1537  1171       28.7347  1589       84.0000        0.0107  2079796   99.99%
   1568  1202       33.8449  1426       84.0000        0.0107  2089343   99.99%
*  1572+ 1045                           83.0000        0.0107            99.99%
*  1572+  696                           72.0000        0.0107            99.99%
*  1572+  464                           70.0000        0.0107            99.98%
*  1572+  309                           68.0000        0.0107            99.98%
   1572   310        0.0000  4127       68.0000        0.0107  2239554   99.98%
   1573   311        0.0623  3677       68.0000        0.0107  2267094   99.98%
   1577   209        1.0562  3611       68.0000        0.0107  2272765   99.98%
   1581   214        2.0587  3621       68.0000        0.0107  2287210   99.98%
   1591    40        1.0622  3648       68.0000        0.0107  2290350   99.98%
   1598    34        0.5909  3286       68.0000        0.0107  2336101   99.98%
   1602    29        1.5415  3290       68.0000        0.0107  2340952   99.98%
   1607    35        2.4882  3269       68.0000        0.0107  2359549   99.98%
Elapsed time = 1124.40 sec. (657021.09 ticks, tree = 0.41 MB, solutions = 23)
   1611    39        3.4682  3210       68.0000        0.0107  2377965   99.98%
   1618    46        3.1196  3336       68.0000        0.0107  2464253   99.98%
   1625    49        2.1481  3369       68.0000        0.0107  2472283   99.98%
   1628    50        2.1623  3447       68.0000        0.0107  2481363   99.98%
   1631    57        2.6014  3194       68.0000        0.0107  2538822   99.98%
   1636    61        2.6507  3164       68.0000        0.0107  2546017   99.98%
   1641    47        1.5802  2201       68.0000        0.0107  2522895   99.98%
   1646    71        0.4186  3325       68.0000        0.0107  2615032   99.98%
   1652    76        2.7322  2739       68.0000        0.0107  2648617   99.98%
   1654    73        4.5000  2038       68.0000        0.0107  2647154   99.98%
Elapsed time = 1215.46 sec. (712819.14 ticks, tree = 1.38 MB, solutions = 23)
   1658    53        6.0807  2281       68.0000        0.0107  2579599   99.98%
   1664    91        3.2447  2843       68.0000        0.0107  2701643   99.98%
   1666    92        6.0227  2725       68.0000        0.0107  2708522   99.98%
   1672    90        2.8036  3098       68.0000        0.0107  2789488   99.98%
   1675    94        3.4571  3244       68.0000        0.0107  2820731   99.98%
   1678    95        3.4740  2729       68.0000        0.0107  2713458   99.98%
   1681   104        9.7151  2376       68.0000        0.0107  2873754   99.98%
   1691   112        3.5084  2657       68.0000        0.0107  2879634   99.98%
   1701   116        3.5410  2847       68.0000        0.0107  2922007   99.98%
   1704   126       10.9929  2238       68.0000        0.0107  2954037   99.98%
Elapsed time = 1311.76 sec. (768258.85 ticks, tree = 3.09 MB, solutions = 23)
   1712   106        7.6662  2323       68.0000        0.0107  2926220   99.98%
   1719   136        7.8268  2346       68.0000        0.0107  2969249   99.98%
   1724   127        8.1619  1784       68.0000        0.0107  3029050   99.98%
   1726   153        8.6685  2367       68.0000        0.0107  3089374   99.98%
   1730   156       14.3266  2305       68.0000        0.0107  3097557   99.98%
   1735   158       15.5824  1936       68.0000        0.0107  3106694   99.98%
   1742   165       11.4395  2277       68.0000        0.0107  3186832   99.98%
   1746   154        7.0423  2690       68.0000        0.0107  3179165   99.98%
   1758   163        7.4756  3039       68.0000        0.0107  3181780   99.98%
   1764   173        7.5153  2395       68.0000        0.0107  3206424   99.98%
Elapsed time = 1397.88 sec. (818963.23 ticks, tree = 5.07 MB, solutions = 23)
   1773   176        7.5427  2414       68.0000        0.0107  3213216   99.98%
   1782   201       29.9119  2119       68.0000        0.0107  3318166   99.98%
   1787   181       10.1176  2640       68.0000        0.0107  3265097   99.98%
   1794   183        8.0395  2627       68.0000        0.0107  3304752   99.98%
   1800   213       29.8243  1920       68.0000        0.0107  3341558   99.98%
   1806   214       19.8561  2025       68.0000        0.0107  3350935   99.98%
   1815   230       10.0766  2642       68.0000        0.0107  3422034   99.98%
   1831   219       16.4397  2191       68.0000        0.0107  3347168   99.98%
   1836   240       20.5310  1821       68.0000        0.0107  3396868   99.98%
   1845   222       16.4421  2166       68.0000        0.0107  3363269   99.98%
Elapsed time = 1474.97 sec. (862775.55 ticks, tree = 5.81 MB, solutions = 23)
   1859   258       25.0713  1669       68.0000        0.0107  3412503   99.98%
   1870   263       33.7731  1268       68.0000        0.0107  3423225   99.98%
   1888   296       11.3530  2558       68.0000        0.0107  3623249   99.98%
   1900   264       17.4836  2097       68.0000        0.0107  3537047   99.98%
   1905   298       36.2507  1153       68.0000        0.0107  3606531   99.98%
   1941   331       43.1883  1043       68.0000        0.0107  3618356   99.98%
   1957   343       65.5083   867       68.0000        0.0107  3632128   99.98%
   2013   393       58.8097   701       68.0000        0.0107  3644179   99.98%
   2067   476       66.9666   578       68.0000        0.0107  3789579   99.98%
   2074   302       26.2274  2167       68.0000        0.0107  3691007   99.98%
Elapsed time = 1559.31 sec. (909212.44 ticks, tree = 5.86 MB, solutions = 23)
   2080   332       21.9989  1690       68.0000        0.0107  3716243   99.98%
   2086   337       22.2827  1658       68.0000        0.0107  3725930   99.98%
   2092   343       22.5582  1652       68.0000        0.0107  3735381   99.98%
   2100   473       15.4257  2434       68.0000        0.0107  3895739   99.98%
   2106   494       24.7152  1586       68.0000        0.0107  3960224   99.98%
   2110   497       27.3316  1585       68.0000        0.0107  3968377   99.98%
   2115   501       27.1329  1551       68.0000        0.0107  3976339   99.98%
   2124   505       30.0898  1547       68.0000        0.0107  3987137   99.98%
   2132   512       30.5411  1426       68.0000        0.0107  4000675   99.98%
   2133   518       15.5629  2653       68.0000        0.0107  4027810   99.98%
Elapsed time = 1648.45 sec. (958136.07 ticks, tree = 6.07 MB, solutions = 23)
   2135   543       31.9507  1591       68.0000        0.0107  4098473   99.98%
   2140   545       32.4985  1609       68.0000        0.0107  4106652   99.98%
   2149   554       16.5062  2615       68.0000        0.0107  4198082   99.98%
   2158   557       34.1958  1601       68.0000        0.0107  4124624   99.98%
   2166   553       17.7274  2524       68.0000        0.0107  4176077   99.98%
   2170   556        2.0985  3570       68.0000        0.0107  4189109   99.98%
   2179   574       34.5630  1574       68.0000        0.0107  4255096   99.98%
   2195   580       37.3419  1597       68.0000        0.0107  4265989   99.98%
   2201   585       37.7148  1607       68.0000        0.0107  4274321   99.98%
   2207   590        2.6417  3441       68.0000        0.0107  4357353   99.98%
Elapsed time = 1731.22 sec. (1005390.81 ticks, tree = 6.07 MB, solutions = 23)
   2211   598       18.4028  2508       68.0000        0.0107  4388395   99.98%
   2225   604       48.4400  1126       68.0000        0.0107  4312346   99.98%
   2230   639       20.8120  2395       68.0000        0.0107  4506820   99.98%
   2244   641       41.5908  1514       68.0000        0.0107  4460368   99.98%
   2261   602       19.5036  2482       68.0000        0.0107  4425563   99.98%
   2264   657       42.3704  1415       68.0000        0.0107  4470154   99.98%
   2284   673       46.2067  1244       68.0000        0.0107  4481431   99.98%
   2288   642       21.7713  2367       68.0000        0.0107  4512650   99.98%
   2296   654       23.7375  2330       68.0000        0.0107  4610120   99.98%
   2305   708       47.0199   838       68.0000        0.0107  4664776   99.98%
Elapsed time = 1814.16 sec. (1051492.18 ticks, tree = 6.61 MB, solutions = 23)
   2321   719       45.5134  1216       68.0000        0.0107  4674810   99.98%
   2324   722       44.7021  1165       68.0000        0.0107  4677856   99.98%
   2330   661       24.7809  2363       68.0000        0.0107  4641563   99.98%
   2341   713        5.9392  2337       68.0000        0.0107  4744317   99.98%
   2354   736       54.0828   867       68.0000        0.0107  4715877   99.98%
   2380   713        6.6806  2411       68.0000        0.0107  4756575   99.98%
   2391   781       27.3084  2280       68.0000        0.0107  4880997   99.98%
   2396   782       29.2092  2232       68.0000        0.0107  4896013   99.98%
   2397   716       24.7779  1825       68.0000        0.0107  4789888   99.98%
   2401   787       24.1776  2327       68.0000        0.0107  4953488   99.98%
Elapsed time = 1909.68 sec. (1103564.66 ticks, tree = 6.76 MB, solutions = 23)
   2407   789       25.8814  1860       68.0000        0.0107  5014552   99.98%
   2411   770        0.0000  2279       68.0000        0.0107  4838698   99.98%
   2414   806       27.3953  2242       68.0000        0.0107  5083095   99.98%
   2420   808       27.4004  2287       68.0000        0.0107  5091675   99.98%
   2426   812       28.3759  2245       68.0000        0.0107  5099169   99.98%
   2434   817       29.8815  2057       68.0000        0.0107  5181311   99.98%
   2439   819       29.8823  2009       68.0000        0.0107  5181967   99.98%
   2442   821       29.9609  2119       68.0000        0.0107  5193050   99.98%
   2450   824       28.8968  1813       68.0000        0.0107  5229434   99.98%
   2460   827       30.2116  1752       68.0000        0.0107  5240157   99.98%
Elapsed time = 1995.91 sec. (1151079.96 ticks, tree = 6.70 MB, solutions = 23)
   2466   858       32.7458  1995       68.0000        0.0107  5371545   99.98%
   2470   829       31.0381  1760       68.0000        0.0107  5258661   99.98%
   2480   865       33.3884  2054       68.0000        0.0107  5387628   99.98%
   2489   833       33.6850  1772       68.0000        0.0107  5277198   99.98%
   2490   834       33.5374  2117       68.0000        0.0107  5284314   99.98%
   2494   838       31.2617  2170       68.0000        0.0107  5383991   99.98%
   2497   875       34.1094  1407       68.0000        0.0107  5410223   99.98%
   2506   895       35.0046  1373       68.0000        0.0107  5483138   99.98%
   2514   902       35.5818  1315       68.0000        0.0107  5491999   99.98%
   2523   900        0.1111  3829       68.0000        0.0107  5622604   99.98%
Elapsed time = 2074.97 sec. (1194738.07 ticks, tree = 7.20 MB, solutions = 23)
   2529   902        1.0792  3808       68.0000        0.0107  5630104   99.98%
   2532   870       34.5543  2293       68.0000        0.0107  5483049   99.98%
   2536   905       35.6075  2045       68.0000        0.0107  5604996   99.98%
   2544   915       39.7919  1353       68.0000        0.0107  5551565   99.98%
   2557   938       42.2114  1212       68.0000        0.0107  5751674   99.98%
   2571   951       44.2976  1046       68.0000        0.0107  5764926   99.98%
   2586   963       43.8791  1167       68.0000        0.0107  5770764   99.98%
   2610   984       46.1804   825       68.0000        0.0107  5784312   99.98%
   2633  1002       59.4193   494       68.0000        0.0107  5800038   99.98%
   2647   942       33.0003  2094       68.0000        0.0107  5816921   99.98%
Elapsed time = 2164.84 sec. (1240336.58 ticks, tree = 7.36 MB, solutions = 23)
   2648   943       33.4118  2121       68.0000        0.0107  5824974   99.98%
   2651  1010        0.2302  4000       68.0000        0.0107  5829005   99.98%
   2654  1032       35.8533  2102       68.0000        0.0107  5959618   99.98%
   2656  1026        1.1761  3969       68.0000        0.0107  5919949   99.98%
   2657   909       37.5959  1776       68.0000        0.0107  5776307   99.98%
   2660  1033       35.7292  1980       68.0000        0.0107  5995668   99.98%
   2662  1034       35.7632  1996       68.0000        0.0107  6004517   99.98%
   2665  1040       35.2493  2253       68.0000        0.0107  6091997   99.98%
   2669  1042       35.2595  2286       68.0000        0.0107  6100118   99.98%
   2671  1049        1.6227  3027       68.0000        0.0107  6139981   99.98%
Elapsed time = 2254.59 sec. (1293300.25 ticks, tree = 7.93 MB, solutions = 23)
   2678  1053       39.8746  1941       68.0000        0.0107  6196253   99.98%
   2689  1063       36.2049  2278       68.0000        0.0107  6282632   99.98%
   2697  1081        2.6689  2915       68.0000        0.0107  6330937   99.98%
   2702  1065       36.3253  2143       68.0000        0.0107  6287338   99.98%
   2708  1068       36.3710  2073       68.0000        0.0107  6294205   99.98%
   2716  1087        3.7637  2707       68.0000        0.0107  6349088   99.98%
   2721  1074       63.2766  1098       68.0000        0.0107  6328899   99.98%
   2731  1058        4.0783  3989       68.0000        0.0107  6264706   99.98%
   2739  1083       40.2896  2078       68.0000        0.0107  6343792   99.98%
   2748  1099       39.6811  1926       68.0000        0.0107  6435542   99.98%
Elapsed time = 2335.67 sec. (1338871.07 ticks, tree = 8.26 MB, solutions = 23)
   2770  1127        4.1681  2552       68.0000        0.0107  6567596   99.98%
   2774  1116       42.6801  1867       68.0000        0.0107  6454881   99.98%
   2780  1117       53.1246  1802       68.0000        0.0107  6471327   99.98%
   2785  1131        6.4647  2518       68.0000        0.0107  6591696   99.98%
   2791  1135        7.0695  2526       68.0000        0.0107  6598590   99.98%
   2805  1138        4.3324  2375       68.0000        0.0107  6605026   99.98%
   2811  1174       41.0302  1269       68.0000        0.0107  6665812   99.98%
   2826  1181       43.0069  1298       68.0000        0.0107  6676750   99.98%
   2855  1199        4.7700  2265       68.0000        0.0107  6795555   99.98%
   2875  1182       39.2884  1692       68.0000        0.0107  6748439   99.98%
Elapsed time = 2412.29 sec. (1382338.72 ticks, tree = 8.67 MB, solutions = 23)
   2893  1218       48.7814   775       68.0000        0.0107  6708047   99.98%
   2925  1276       53.5572   758       68.0000        0.0107  6866472   99.98%
   2944  1208        7.6252  1931       68.0000        0.0107  6828139   99.98%
   2946  1210        7.7321  1753       68.0000        0.0107  6835669   99.98%
   2950  1187       40.5380  1680       68.0000        0.0107  6757357   99.98%
   2954  1214        7.7712  1753       68.0000        0.0107  6842032   99.98%
   2960  1324       10.3035  1708       68.0000        0.0107  6970906   99.98%
   2965  1328       12.1320  1761       68.0000        0.0107  6980940   99.98%
   2968  1330       10.3136  1676       68.0000        0.0107  6989961   99.98%
   2976  1334       11.8592  1702       68.0000        0.0107  7000099   99.98%
Elapsed time = 2502.08 sec. (1432211.30 ticks, tree = 9.60 MB, solutions = 23)
   2981  1297       40.6055  1570       68.0000        0.0107  6971316   99.98%
   2989  1300       43.2577  1455       68.0000        0.0107  6980652   99.98%
   2995  1345       13.4719  1598       68.0000        0.0107  7028924   99.98%
   3001  1342        5.8098  3321       68.0000        0.0107  7056175   99.98%
   3016  1354       44.9994  1454       68.0000        0.0107  7137536   99.98%
   3019  1343        5.3341  3171       68.0000        0.0107  7066912   99.98%
   3026  1394       20.9719  1449       68.0000        0.0107  7218710   99.98%
   3042  1407       24.0349  1527       68.0000        0.0107  7228195   99.98%
   3051  1344        5.6950  2850       68.0000        0.0107  7083030   99.98%
   3063  1368       48.5679  1433       68.0000        0.0107  7193502   99.98%
Elapsed time = 2576.87 sec. (1473672.04 ticks, tree = 9.35 MB, solutions = 23)
   3085  1383        0.1434  3845       68.0000        0.0107  7267451   99.98%
   3122  1460       31.2586  1030       68.0000        0.0107  7266549   99.98%
   3149  1480       35.2400   952       68.0000        0.0107  7277277   99.98%
   3179  1531       40.9185   922       68.0000        0.0107  7467442   99.98%
   3202  1547       44.2895   839       68.0000        0.0107  7478509   99.98%
   3231  1443        cutoff             68.0000        0.0107  7434301   99.98%
   3244  1387        0.1704  3945       68.0000        0.0107  7296226   99.98%
   3272  1585       60.2702   151       68.0000        0.0107  7522365   99.98%
   3297  1532       13.5443  2807       68.0000        0.0107  7588722   99.98%
   3302  1535       13.5612  2931       68.0000        0.0107  7596454   99.98%
Elapsed time = 2666.26 sec. (1518656.59 ticks, tree = 10.38 MB, solutions = 23)
   3307  1537       13.5526  2872       68.0000        0.0107  7601907   99.98%
   3314  1530        2.3178  3825       68.0000        0.0107  7539080   99.98%
   3317  1578        4.5834  2955       68.0000        0.0107  7676665   99.98%
   3318  1539        6.7149  2704       68.0000        0.0107  7621303   99.98%
   3321  1541        6.8748  2652       68.0000        0.0107  7627768   99.98%
   3328  1583        7.0562  2326       68.0000        0.0107  7697398   99.98%
   3334  1586        6.9601  2575       68.0000        0.0107  7766847   99.98%
   3343  1588        7.8171  2579       68.0000        0.0327  7773679   99.95%
   3350  1696       12.8683  1431       68.0000        0.0327  7962617   99.95%
   3356  1574        1.1756  3861       68.0000        0.0327  7734870   99.95%
Elapsed time = 2747.10 sec. (1565069.32 ticks, tree = 11.11 MB, solutions = 23)
   3363  1701       17.8479  1433       68.0000        0.0327  7986340   99.95%
   3367  1700        cutoff             68.0000        0.0327  8000049   99.95%
   3370  1576        4.2458  3791       68.0000        0.0327  7754639   99.95%
   3375  1699        1.1856  3823       68.0000        0.0327  8009389   99.95%
   3379  1705        1.3553  3325       68.0000        0.0327  8056189   99.95%
   3387  1714       20.1143  2338       68.0000        0.0327  8140339   99.95%
   3394  1717       28.2060  1989       68.0000        0.0327  8151520   99.95%
   3401  1719       22.7640  2033       68.0000        0.0327  8159054   99.95%
   3409  1713        4.7463  2602       68.0000        0.0327  8082905   99.95%
   3418  1734        6.6543  2645       68.0000        0.0327  8236176   99.95%
Elapsed time = 2830.20 sec. (1612603.20 ticks, tree = 10.85 MB, solutions = 23)
   3425  1737        9.5067  2572       68.0000        0.0327  8245566   99.95%
   3439  1721        8.3715  1962       68.0000        0.0327  8106647   99.95%
   3445  1746       10.6252  1718       68.0000        0.0327  8324452   99.95%
   3459  1781       30.4951  2305       68.0000        0.0327  8375865   99.95%
   3474  1789       32.3891  2205       68.0000        0.0327  8382889   99.95%
   3489  1758       21.6132  1386       68.0000        0.0327  8350078   99.95%
   3505  1800       40.4999   802       68.0000        0.0327  8400597   99.95%
   3530  1795       24.8306  2301       68.0000        0.0327  8431204   99.95%
   3571  1840       63.5954   440       68.0000        0.0327  8423804   99.95%
   3586  1798       25.1200  1965       68.0000        0.0327  8450835   99.95%
Elapsed time = 2919.55 sec. (1660238.67 ticks, tree = 11.43 MB, solutions = 23)
   3590  1802       25.1696  2106       68.0000        0.0327  8460650   99.95%
   3598  1807       25.5004  2121       68.0000        0.0327  8475305   99.95%
   3601  1827        6.2501  3751       68.0000        0.0327  8559184   99.95%
   3607  1828        4.1597  3730       68.0000        0.0327  8567109   99.95%
   3608  1818        3.1299  3906       68.0000        0.0327  8519026   99.95%
   3609  1848       26.0084  1778       68.0000        0.0327  8659905   99.95%
   3611  1830        7.1357  3699       68.0000        0.0327  8598865   99.95%
   3613  1848        4.2129  3735       68.0000        0.0327  8677417   99.95%
   3617  1845        0.2299  3949       68.0000        0.0327  8426027   99.95%
   3619  1849       33.6441  1763       68.0000        0.0327  8736205   99.95%
Elapsed time = 3047.27 sec. (1731853.53 ticks, tree = 11.91 MB, solutions = 23)
   3621  1926       28.8171  2152       68.0000        0.0327  8918368   99.95%
   3625  1927       29.5322  1668       68.0000        0.0327  8935257   99.95%
   3631  1932       29.1047  2019       68.0000        0.0327  8942645   99.95%
   3638  1852        4.1015  2487       68.0000        0.0327  8785053   99.95%
   3639  1939       29.1494  2022       68.0000        0.0327  8947868   99.95%
   3646  1945       31.7246  1812       68.0000        0.0327  8956160   99.95%
   3647  1945       39.9403  1593       68.0000        0.0327  8964636   99.95%
   3659  1930        5.1711  3816       68.0000        0.0327  8980628   99.95%
   3676  1979       50.6665  1454       68.0000        0.0327  9109102   99.95%
   3690  1991       51.2052  1292       68.0000        0.0327  9118223   99.95%
Elapsed time = 3138.71 sec. (1783446.28 ticks, tree = 12.05 MB, solutions = 23)
   3710  2002       65.2707   842       68.0000        0.0327  9142308   99.95%
   3716  1938        6.5486  3640       68.0000        0.0327  9074536   99.95%
   3719  2000        0.1259  4127       68.0000        0.1120  9162402   99.84%
   3720  1940        7.1960  2907       68.0000        0.1120  9090986   99.84%
   3723  1935       11.4469  3391       68.0000        0.1120  9035598   99.84%
   3727  1974        7.9872  2933       68.0000        0.1120  9246227   99.84%
   3729  1971        2.2553  4117       68.0000        0.1120  9222371   99.84%
   3733  1976        7.6600  2772       68.0000        0.1120  9258533   99.84%
   3737  1978        7.7591  2899       68.0000        0.1120  9269603   99.84%
   3740  1980        9.3213  2852       68.0000        0.1120  9276427   99.84%
Elapsed time = 3241.12 sec. (1843327.44 ticks, tree = 12.22 MB, solutions = 23)
   3747  1983        8.8349  2833       68.0000        0.1120  9284230   99.84%
   3750  2026        2.2536  3271       68.0000        0.1120  9491459   99.84%
   3756  2036        9.8261  2837       68.0000        0.1120  9522092   99.84%
   3763  2039       10.4946  2827       68.0000        0.1120  9527721   99.84%
   3767  1986        3.2329  3940       68.0000        0.1120  9415268   99.84%
   3769  1988        3.2428  3955       68.0000        0.1120  9421074   99.84%
   3773  2040       14.4153  2610       68.0000        0.1120  9548480   99.84%
   3779  2060        2.4451  2767       68.0000        0.1120  9715061   99.84%
   3783  2044       11.5508  2811       68.0000        0.1120  9561623   99.84%
   3789  2050        4.2321  3653       68.0000        0.1120  9661436   99.84%
Elapsed time = 3325.43 sec. (1890787.99 ticks, tree = 12.39 MB, solutions = 23)
   3796  2054        4.0547  3502       68.0000        0.1120  9667522   99.84%
   3804  2069        2.5851  2654       68.0000        0.1120  9746707   99.84%
   3810  2070        3.5303  2616       68.0000        0.1120  9753156   99.84%
   3818  2077       13.7153  2729       68.0000        0.1120  9788878   99.84%
   3822  2079       11.8533  2736       68.0000        0.1120  9795802   99.84%
   3829  2081       12.0162  2717       68.0000        0.1120  9803156   99.84%
   3837  2088        8.0422  3054       68.0000        0.1120  9850292   99.84%
   3844  2093        8.0749  3189       68.0000        0.1120  9857550   99.84%
   3852  2094        9.0761  3227       68.0000        0.1120  9865700   99.84%
   3855  2090       12.5861  2726       68.0000        0.1120  9831237   99.84%
Elapsed time = 3423.83 sec. (1940241.84 ticks, tree = 12.44 MB, solutions = 23)
   3857  2122       25.9801  2190       68.0000        0.1120  9996320   99.84%
   3861  2137       13.2184  2684       68.0000        0.1120 10023557   99.84%
   3883  2140       13.2859  2650       68.0000        0.1120 10030201   99.84%
   3889  2106        4.5692  3530       68.0000        0.1120  9937529   99.84%
   3892  2139       42.0000  1955       68.0000        0.1120 10023644   99.84%
   3896  2141       42.0000  1559       68.0000        0.1120 10032865   99.84%
   3901  2172       42.0002  1563       68.0000        0.1120 10182234   99.84%
   3908  2151       16.2311  1914       68.0000        0.1120 10126902   99.84%
   3924  2185       46.4413   963       68.0000        0.1120 10203852   99.84%
   3951  2207       53.4563   710       68.0000        0.1120 10215276   99.84%
Elapsed time = 3505.65 sec. (1988053.16 ticks, tree = 13.08 MB, solutions = 23)
   3974  2163       10.3439  3103       68.0000        0.1120 10145186   99.84%
   3978  2185        5.6154  3463       68.0000        0.1120 10275461   99.84%
   3980  2201       16.9425  2104       68.0000        0.1120 10337544   99.84%
   3984  2164       10.9005  2843       68.0000        0.1120 10168473   99.84%
*  3987+ 2202                           66.0000        0.1120            99.83%
   3987  2204       18.7735  1566       66.0000        0.1120 10351358   99.83%
   3995  2188        6.5679  3496       66.0000        0.1120 10304994   99.83%
   3997  2197       20.5411  1503       66.0000        0.1120 10454254   99.83%
   4003  2202       24.8224  1636       66.0000        0.1120 10463225   99.83%
   4011  2208       25.4749  1453       66.0000        0.1120 10481895   99.83%
   4015  2220       11.8568  2869       66.0000        0.1120 10464019   99.83%
Elapsed time = 3599.67 sec. (2041035.55 ticks, tree = 13.64 MB, solutions = 24)

Cover cuts applied:  834
Flow cuts applied:  559
Mixed integer rounding cuts applied:  287
Zero-half cuts applied:  25

Root node processing (before b&c):
  Real time             =   83.83 sec. (51765.37 ticks)
Parallel b&c, 4 threads:
  Real time             = 3516.18 sec. (1993011.06 ticks)
  Sync time (average)   =  153.64 sec.
  Wait time (average)   =    0.00 sec.
                          ------------
Total (root+branch&cut) = 3600.02 sec. (2044776.43 ticks)
Solution status = Feasible
Solution value  = 66
