CPXPARAM_TimeLimit                               3600
CPXPARAM_Threads                                 4
Tried aggregator 1 time.
MIP Presolve eliminated 0 rows and 10 columns.
MIP Presolve modified 3420 coefficients.
Reduced MIP has 3964 rows, 5592 columns, and 40270 nonzeros.
Reduced MIP has 5592 binaries, 0 generals, 0 SOSs, and 0 indicators.
Presolve time = 0.02 sec. (17.73 ticks)
Found incumbent of value 342.000000 after 0.06 sec. (69.11 ticks)
Probing time = 0.01 sec. (2.92 ticks)
Tried aggregator 1 time.
Reduced MIP has 3964 rows, 5592 columns, and 40270 nonzeros.
Reduced MIP has 5592 binaries, 0 generals, 0 SOSs, and 0 indicators.
Presolve time = 0.02 sec. (23.38 ticks)
Probing time = 0.01 sec. (3.64 ticks)
Clique table members: 525.
MIP emphasis: balance optimality and feasibility.
MIP search method: dynamic search.
Parallel mode: deterministic, using up to 4 threads.
Root relaxation solution time = 0.51 sec. (518.36 ticks)

        Nodes                                         Cuts/
   Node  Left     Objective  IInf  Best Integer    Best Bound    ItCnt     Gap

*     0+    0                          342.0000        0.0000           100.00%
*     0+    0                          305.0000        0.0000           100.00%
*     0+    0                          281.0000        0.0000           100.00%
*     0+    0                          235.0000        0.0000           100.00%
      0     0        0.0000  2790      235.0000        0.0000        6  100.00%
*     0+    0                          226.0000        0.0000           100.00%
      0     0       -0.0000  3284      226.0000    Cuts: 1019     7512  100.00%
*     0+    0                          115.0000        0.0000           100.00%
      0     0       -0.0000  3807      115.0000     Cuts: 874    17392  100.00%
Heuristic still looking.
*     0+    0                          114.0000        0.0000           100.00%
      0     2        0.0000  3472      114.0000        0.0000    17392  100.00%
Elapsed time = 74.38 sec. (49081.60 ticks, tree = 0.01 MB, solutions = 7)
      1     3        0.0002  2947      114.0000        0.0000    48356  100.00%
      2     4        0.0892  3067      114.0000        0.0000    61357  100.00%
*     3+    1                          111.0000        0.0000           100.00%
      3     3        0.0000  2497      111.0000        0.0000    72217  100.00%
      4     5        0.4122  2982      111.0000        0.0000    92468  100.00%
      5     5        0.5096  3057      111.0000        0.0000    96467  100.00%
      6     4        0.0074  3016      111.0000        0.0000    87607  100.00%
      7     6        0.0155  2962      111.0000        0.0000   156532  100.00%
      8     7        0.4714  2928      111.0000        0.0000   173841  100.00%
      9     8        0.6117  2960      111.0000        0.0000   211023  100.00%
     11    12        0.7204  2917      111.0000        0.0000   319673  100.00%
Elapsed time = 156.98 sec. (111881.04 ticks, tree = 0.01 MB, solutions = 10)
     12     9        0.3453  3051      111.0000        0.0000   255211  100.00%
     14    13        1.3732  2898      111.0000        0.0000   321222  100.00%
     15    13        1.2116  2909      111.0000        0.0000   296743  100.00%
     18    15        1.5075  2769      111.0000        0.0000   328060  100.00%
     20    14        0.8607  2766      111.0000        0.0000   363016  100.00%
     21    15        0.5188  2884      111.0000        0.0000   364674  100.00%
     22    16        2.4520  2789      111.0000        0.0000   343830  100.00%
     24    10        0.1367  3021      111.0000        0.0000   308887  100.00%
     26    19        3.0685  2785      111.0000        0.0000   383651  100.00%
     27    20        1.9913  2828      111.0000        0.0000   385688  100.00%
Elapsed time = 200.94 sec. (138290.59 ticks, tree = 0.33 MB, solutions = 10)
     30    21        3.1299  2840      111.0000        0.0000   388464  100.00%
     31    24        1.4560  2787      111.0000        0.0000   425958  100.00%
     35    24        4.1269  2749      111.0000        0.0000   392329  100.00%
     39    26        4.5168  2792      111.0000        0.0000   393934  100.00%
     42    29        1.5406  2610      111.0000        0.0000   509679  100.00%
     45    41        2.7535  2740      111.0000        0.0000   544697  100.00%
     47    43        0.1590  2855      111.0000        0.0000   567342  100.00%
     48    46        1.7115  2654      111.0000        0.0000   591387  100.00%
     50    49        3.3180  2720      111.0000        0.0000   609458  100.00%
     53    51        3.5854  2756      111.0000        0.0000   611133  100.00%
Elapsed time = 233.64 sec. (156969.39 ticks, tree = 0.28 MB, solutions = 10)
     56    54        2.2442  2719      111.0000        0.0000   612628  100.00%
     57    38        3.1375  2777      111.0000        0.0000   507182  100.00%
     61    49        1.8049  2745      111.0000        0.0000   600873  100.00%
     62    51        3.3156  2757      111.0000        0.0000   614164  100.00%
     63    45        0.2096  2914      111.0000        0.0000   583178  100.00%
     65    51        1.8573  2649      111.0000        0.0000   607711  100.00%
     66    52        3.1770  2759      111.0000        0.0000   621305  100.00%
     67    46        0.6602  2834      111.0000        0.0000   592306  100.00%
     70    54        4.7721  2697      111.0000        0.0000   626620  100.00%
     71    55        4.7456  2651      111.0000        0.0000   628836  100.00%
Elapsed time = 257.86 sec. (171081.44 ticks, tree = 0.21 MB, solutions = 10)
     72    62        3.6850  2620      111.0000        0.0000   672125  100.00%
     74    57        4.8121  2565      111.0000        0.0000   632076  100.00%
*    76+   53                          110.0000        0.0000           100.00%
     76    55        0.3740  2952      110.0000        0.0000   649389  100.00%
     78    56        2.2445  2713      110.0000        0.0000   614408  100.00%
     80    80        2.7128  2708      110.0000        0.0000   708172  100.00%
     81    81        2.2687  2717      110.0000        0.0000   710033  100.00%
     83    82        3.3243  2680      110.0000        0.0000   712429  100.00%
     86    83        2.3122  2660      110.0000        0.0000   714141  100.00%
     87    65        4.3892  2632      110.0000        0.0000   682982  100.00%
     90    85        2.4330  2623      110.0000        0.0000   718332  100.00%
Elapsed time = 277.44 sec. (182703.37 ticks, tree = 0.28 MB, solutions = 11)
     91    65        1.5264  2831      110.0000        0.0000   687740  100.00%
     93    86        4.7868  2670      110.0000        0.0000   722948  100.00%
     96    74        6.9263  2508      110.0000        0.0000   704140  100.00%
     98    75        6.3127  2471      110.0000        0.0000   705143  100.00%
    100    67        1.8016  2720      110.0000        0.0000   697246  100.00%
    103    86        8.0350  2495      110.0000        0.0000   715944  100.00%
    106    89        2.5428  2570      110.0000        0.0000   728831  100.00%
    110    90        9.3922  2349      110.0000        0.0000   720126  100.00%
    113   104        2.9166  2611      110.0000        0.0000   779733  100.00%
    118    95       11.1379  2368      110.0000        0.0000   724518  100.00%
Elapsed time = 299.90 sec. (195415.56 ticks, tree = 0.56 MB, solutions = 11)
    122   106        3.4321  2527      110.0000        0.0000   783808  100.00%
    127    97        4.6405  2417      110.0000        0.0000   766034  100.00%
    130   108        3.3850  2566      110.0000        0.0000   788382  100.00%
    132   109        3.1619  2611      110.0000        0.0000   790563  100.00%
    136   100        5.1138  2289      110.0000        0.0000   772347  100.00%
    139   114        4.1785  2564      110.0000        0.0000   794965  100.00%
    143   117        3.2693  2584      110.0000        0.0000   796671  100.00%
    146   119        4.1682  2636      110.0000        0.0000   799397  100.00%
    149   122       11.2281  2281      110.0000        0.0000   795678  100.00%
*   151+   91                           90.0000        0.0000           100.00%
    152   123       12.6118  2293       90.0000        0.0000   798004  100.00%
Elapsed time = 321.33 sec. (207304.78 ticks, tree = 0.68 MB, solutions = 12)
    156   126       12.6628  2325       90.0000        0.0000   800151  100.00%
    162   130       10.3820  2222       90.0000        0.0000   802452  100.00%
    167   134       12.1898  2206       90.0000        0.0000   805483  100.00%
    169   136       12.8521  2300       90.0000        0.0000   807607  100.00%
    174   140       12.2093  2276       90.0000        0.0000   809457  100.00%
    180   129        0.8555  2521       90.0000        0.0000   824256  100.00%
    184   145        5.8202  2427       90.0000        0.0000   843426  100.00%
    190   149       13.7216  2188       90.0000        0.0000   816957  100.00%
    195   148        5.8867  2360       90.0000        0.0000   848215  100.00%
    201   131        1.2753  2518       90.0000        0.0000   832835  100.00%
Elapsed time = 342.75 sec. (218909.91 ticks, tree = 0.98 MB, solutions = 12)
    205   188       14.5520  2206       90.0000        0.0000   895614  100.00%
    214   192       14.1808  2121       90.0000        0.0000   898457  100.00%
    218   162        7.2344  2188       90.0000        0.0000   883886  100.00%
    221   136        3.7244  2363       90.0000        0.0000   844878  100.00%
    225   195       12.2626  2074       90.0000        0.0000   901400  100.00%
    228   197       12.5219  2090       90.0000        0.0000   903502  100.00%
    233   211        9.5743  2220       90.0000        0.0000   949675  100.00%
    239   214        9.2062  2173       90.0000        0.0000   951647  100.00%
    245   217        9.3030  2153       90.0000        0.0000   953742  100.00%
    246   201        1.8763  2426       90.0000        0.0000   939166  100.00%
Elapsed time = 367.21 sec. (231965.87 ticks, tree = 1.05 MB, solutions = 12)
    249   204       14.6211  1923       90.0000        0.0000   912248  100.00%
    252   206       15.1742  1934       90.0000        0.0000   914530  100.00%
    257   209       16.5306  1868       90.0000        0.0000   917873  100.00%
    261   244       16.8961  1786       90.0000        0.0000   993438  100.00%
    268   248       18.2342  1883       90.0000        0.0000   995936  100.00%
    276   254       19.0263  1762       90.0000        0.0000   998530  100.00%
    284   256       19.7763  1909       90.0000        0.0000  1000938  100.00%
    294   226       11.4314  2154       90.0000        0.0000   961661  100.00%
    301   266       20.5534  1781       90.0000        0.0000  1007660  100.00%
    326   284       20.9301  1722       90.0000        0.0000  1017983  100.00%
Elapsed time = 394.94 sec. (246195.69 ticks, tree = 1.16 MB, solutions = 12)
    353   278       10.8716  2118       90.0000        0.0000  1039864  100.00%
    380   313       25.8971  1512       90.0000        0.0000  1034030  100.00%
    411   378       27.3193  1463       90.0000        0.0000  1121601  100.00%
    444   388       26.0493  1426       90.0000        0.0000  1124740  100.00%
    488   318       18.0049  1612       90.0000        0.0000  1075316  100.00%
    544   440       35.1602  1209       90.0000        0.0000  1144937  100.00%
    588   457       18.7969  1450       90.0000        0.0000  1199682  100.00%
    637   485       36.0743  1036       90.0000        0.0000  1159086  100.00%
    687   596       38.7899  1019       90.0000        0.0000  1265101  100.00%
*   688+  482                           89.0000        0.0000           100.00%
    749   483       16.8321  1869       89.0000        0.0000  1239041  100.00%
Elapsed time = 467.09 sec. (284918.45 ticks, tree = 2.22 MB, solutions = 13)
    834   688       52.5200   802       89.0000        0.0000  1294838  100.00%
    936   663        5.5761  2258       89.0000        0.0000  1339572  100.00%
   1028   743       19.2399  1667       89.0000        0.0000  1380221  100.00%
   1153  1019       69.0568   320       89.0000        0.0000  1457024  100.00%
   1412   801       23.8108  1475       89.0000        0.0000  1397909  100.00%
*  1413+  985                           82.0000        0.0000           100.00%
   1473  1132       27.7462  1263       82.0000        0.0000  1533329  100.00%
*  1483+ 1076                           76.0000        0.0000           100.00%
*  1484+ 1018                           70.0000        0.0000           100.00%
*  1486+  995                           68.0000        0.0000           100.00%
   1529  1024       27.2487  1030       68.0000        0.0000  1488574  100.00%
*  1543+ 1270                           67.0000        0.0000           100.00%
*  1546+ 1230                           65.0000        0.0000           100.00%
*  1546+ 1230                           60.0000        0.0000           100.00%
*  1546+ 1230                           59.0000        0.0000           100.00%
   1564  1185       32.5404  1205       59.0000        0.0000  1553866  100.00%
   1618  1231       38.4522  1029       59.0000        0.0000  1566444  100.00%
   1662  1335       43.0916   948       59.0000        0.0000  1664843  100.00%
Elapsed time = 537.67 sec. (323875.47 ticks, tree = 3.87 MB, solutions = 22)
   1728  1383       46.8068   950       59.0000        0.0000  1678230  100.00%
   1860  1367       16.8829  1056       59.0000        0.0000  1715158  100.00%
   1879  1330        1.8969  2759       59.0000        0.0000  1718571  100.00%
*  1881+ 1056                           55.0000        0.0000           100.00%
*  1881+  704                           53.0000        0.0000           100.00%
*  1881+  469                           52.0000        0.0000           100.00%
*  1881+  312                           50.0000        0.0000           100.00%
*  1881+  208                           49.0000        0.0000           100.00%
   1881   209        0.0000  3973       49.0000        0.0000  1879274  100.00%
   1882   210        0.0319  3460       49.0000        0.0000  1918010  100.00%
   1884   211        0.0319  3426       49.0000        0.0000  1922949  100.00%
   1886   127        1.0313  3387       49.0000        0.0000  1933183  100.00%
   1888   128        0.0940  3414       49.0000        0.0000  1940304  100.00%
   1890   132        0.1029  3424       49.0000        0.0000  1998129  100.00%
   1892    88        1.0592  3202       49.0000        0.0000  1977913  100.00%
Elapsed time = 857.26 sec. (541518.42 ticks, tree = 0.35 MB, solutions = 28)
   1897    75        0.1113  3483       49.0000        0.0000  2009337  100.00%
   1900    71        1.1567  3233       49.0000        0.0000  2053152  100.00%
   1903    43        0.1197  3434       49.0000        0.0000  2075285  100.00%
   1912    28        0.2996  3443       49.0000        0.0000  2135875  100.00%
   1913    29        3.3023  3345       49.0000        0.0000  2144601  100.00%
   1916    23        3.0257  3471       49.0000        0.0000  2161346  100.00%
   1918    36        1.0658  3191       49.0000        0.0000  2240312  100.00%
   1922    37        1.2947  3373       49.0000        0.0000  2281457  100.00%
   1925    38        3.1354  3343       49.0000        0.0000  2290646  100.00%
   1926    42       10.2242  3166       49.0000        0.0000  2349554  100.00%
Elapsed time = 951.41 sec. (597574.14 ticks, tree = 0.76 MB, solutions = 28)
   1929    44       10.2930  2976       49.0000        0.0000  2355613  100.00%
   1936    45       10.4718  2910       49.0000        0.0000  2361363  100.00%
   1947    54       10.2964  2845       49.0000        0.0000  2410493  100.00%
   1951    55       10.3421  3014       49.0000        0.0000  2421425  100.00%
   1956    60        3.1549  3175       49.0000        0.0000  2429985  100.00%
   1965    60       10.3235  2784       49.0000        0.0000  2433002  100.00%
   1972    72        3.0758  2915       49.0000        0.0000  2441893  100.00%
   1978    81       11.2842  2902       49.0000        0.0000  2516731  100.00%
   1983    84       12.2638  2526       49.0000        0.0000  2522637  100.00%
   1985    71       10.0946  3099       49.0000        0.0000  2514320  100.00%
Elapsed time = 1031.98 sec. (644182.64 ticks, tree = 1.09 MB, solutions = 28)
   1989    87        7.2374  2707       49.0000        0.0000  2547298  100.00%
   1990    88        5.5197  2583       49.0000        0.0000  2560580  100.00%
   2000   110        5.5368  2569       49.0000        0.0000  2667464  100.00%
   2014   115       10.0295  2838       49.0000        0.0000  2728571  100.00%
   2020   124        4.5377  2410       49.0000        0.0000  2728591  100.00%
   2025   126        6.8907  2104       49.0000        0.0000  2736266  100.00%
   2038   119        9.1303  2941       49.0000        0.0000  2751182  100.00%
   2045   128       21.1178  2358       49.0000        0.0000  2765840  100.00%
   2052   144        7.7088  2394       49.0000        0.0000  2777216  100.00%
   2067   154        8.7582  2104       49.0000        0.0000  2784019  100.00%
Elapsed time = 1113.05 sec. (692472.12 ticks, tree = 2.59 MB, solutions = 28)
   2081   155        9.7732  2562       49.0000        0.0000  2824843  100.00%
   2085   165        9.6492  2533       49.0000        0.0000  2860662  100.00%
   2091   189       10.7091  2123       49.0000        0.0000  2894102  100.00%
   2099   170       10.7578  2337       49.0000        0.0000  2875742  100.00%
   2108   209       22.1731  2357       49.0000        0.0000  2979284  100.00%
   2114   195       10.7605  2114       49.0000        0.0000  2905070  100.00%
   2125   212       23.1344  2523       49.0000        0.0000  2995423  100.00%
   2135   216       26.1217  2388       49.0000        0.0000  3010567  100.00%
   2144   223       12.1918  2206       49.0000        0.0000  3008151  100.00%
   2154   257       23.2109  2181       49.0000        0.0000  3138878  100.00%
Elapsed time = 1192.76 sec. (738759.02 ticks, tree = 7.71 MB, solutions = 28)
   2161   252       13.4810  1755       49.0000        0.0000  3069347  100.00%
   2176   264       13.9350  1735       49.0000        0.0000  3076685  100.00%
   2186   294       20.4250  1649       49.0000        0.0000  3200310  100.00%
   2192   296       22.3364  1473       49.0000        0.0000  3209487  100.00%
   2201   270       14.1900  2006       49.0000        0.0000  3170849  100.00%
   2221   274       16.5962  2017       49.0000        0.0000  3179356  100.00%
   2227   277       17.6720  2041       49.0000        0.0000  3188827  100.00%
   2245   311       17.9275  1532       49.0000        0.0000  3248413  100.00%
*  2268+  331                           48.0000        0.0000           100.00%
   2268   333       17.2851  2000       48.0000        0.0000  3331790  100.00%
   2290   363       21.8078  1477       48.0000        0.0000  3400247  100.00%
Elapsed time = 1268.82 sec. (782532.79 ticks, tree = 13.78 MB, solutions = 29)
   2319   317       16.0593  2432       48.0000        0.0000  3317392  100.00%
   2331   381        cutoff             48.0000        0.0000  3420039  100.00%
   2341   416       16.0972  1986       48.0000        0.0000  3473309  100.00%
   2345   419       17.0725  1710       48.0000        0.0000  3481575  100.00%
   2357   424       39.1202  1617       48.0000        0.0000  3455573  100.00%
   2373   438        0.0000  1991       48.0000        0.0000  3498923  100.00%
   2390   453       43.8122  1475       48.0000        0.0000  3470274  100.00%
   2407   444        1.1262  3474       48.0000        0.0000  3560693  100.00%
   2409   440        0.0009  1988       48.0000        0.0000  3531055  100.00%
   2411   445        5.1239  3373       48.0000        0.0000  3601641  100.00%
Elapsed time = 1383.02 sec. (847809.13 ticks, tree = 18.25 MB, solutions = 29)
   2413   446        1.1392  3418       48.0000        0.0000  3610116  100.00%
   2416   457       18.1481  2128       48.0000        0.0000  3745889  100.00%
   2423   458       26.9842   939       48.0000        0.0000  3764463  100.00%
   2426   452        2.1507  3314       48.0000        0.0000  3638542  100.00%
   2428   460       19.1242  2079       48.0000        0.0000  3784652  100.00%
   2429   524       18.2392  2366       48.0000        0.0000  3919952  100.00%
   2430   465        4.0008  1898       48.0000        0.0000  3858594  100.00%
   2431   519        2.4569  3653       48.0000        0.0000  3900634  100.00%
   2432   528        7.1322  3031       48.0000        0.0000  4013421  100.00%
   2434   525       18.4078  2379       48.0000        0.0000  3929698  100.00%
Elapsed time = 1512.75 sec. (921124.97 ticks, tree = 23.39 MB, solutions = 29)
   2446   528        4.3663  3600       48.0000        0.0000  4056194  100.00%
   2447   536        2.3434  3853       48.0000        0.0000  4127174  100.00%
   2450   537        2.6933  3466       48.0000        0.0000  4136142  100.00%
   2453   531        6.2765  3627       48.0000        0.0000  4077767  100.00%
   2454   546       18.2343  3456       48.0000        0.0000  4250192  100.00%
   2460   552       23.5127  1940       48.0000        0.0000  4199270  100.00%
   2463   562       23.7826  2044       48.0000        0.0000  4325417  100.00%
   2465   547        7.2212  3596       48.0000        0.0000  4270512  100.00%
   2468   544        5.0297  2955       48.0000        0.0000  4215661  100.00%
   2472   549        8.2014  3533       48.0000        0.0000  4281289  100.00%
Elapsed time = 1608.83 sec. (975215.69 ticks, tree = 24.94 MB, solutions = 29)
   2478   546        5.0953  2804       48.0000        0.0000  4228681  100.00%
   2483   570        6.0000  1442       48.0000        0.0000  4414378  100.00%
   2486   551        9.8338  2197       48.0000        0.0000  4301137  100.00%
   2494   569       10.5119  3380       48.0000        0.0000  4422315  100.00%
   2496   573        5.0671  3324       48.0000        0.0000  4433353  100.00%
   2508   575        9.1784  3327       48.0000        0.0000  4485112  100.00%
   2512   603       17.3179  3286       48.0000        0.0000  4600892  100.00%
   2537   578        5.0894  2609       48.0000        0.0000  4458258  100.00%
   2545   579        5.1222  3246       48.0000        0.0000  4464486  100.00%
   2556   612       31.8454  1857       48.0000        0.0000  4587982  100.00%
Elapsed time = 1688.82 sec. (1023089.63 ticks, tree = 27.43 MB, solutions = 29)
   2560   607        5.1262  2859       48.0000        0.0000  4666187  100.00%
   2564   608        5.1344  2783       48.0000        0.0000  4672185  100.00%
   2567   635       31.9622  1811       48.0000        0.0000  4728548  100.00%
   2576   662       16.3000  3136       48.0000        0.0000  4753031  100.00%
   2580   643       32.9403  1801       48.0000        0.0000  4749664  100.00%
   2586   610        5.2766  3527       48.0000        0.0000  4701473  100.00%
   2594   670       17.2966  3095       48.0000        0.0000  4773929  100.00%
   2599   613        5.5865  3408       48.0000        0.0000  4714121  100.00%
   2603   655       34.8172  1684       48.0000        0.0000  4793377  100.00%
   2612   659       37.6508  1633       48.0000        0.0000  4803062  100.00%
Elapsed time = 1769.98 sec. (1069424.21 ticks, tree = 31.63 MB, solutions = 29)
   2617   677       10.4392  2720       48.0000        0.0000  4888046  100.00%
   2622   706       36.4597  1562       48.0000        0.0000  4986923  100.00%
   2629   679        6.1945  3311       48.0000        0.0000  4846813  100.00%
   2632   681        7.0714  3281       48.0000        0.0000  4854137  100.00%
   2636   684        7.0901  3362       48.0000        0.0000  4859803  100.00%
   2640   713       35.3895  1588       48.0000        0.0000  5011725  100.00%
   2663   724       38.6492  1474       48.0000        0.0000  5026322  100.00%
   2671   729       39.5939  1467       48.0000        0.0000  5037079  100.00%
   2692   736        7.7554  2707       48.0000        0.0000  5130872  100.00%
   2698   777       44.9503  1347       48.0000        0.0000  5204800  100.00%
Elapsed time = 1859.85 sec. (1119368.25 ticks, tree = 37.72 MB, solutions = 29)
   2708   739        8.6664  2630       48.0000        0.0000  5146099  100.00%
   2717   787       44.1366  1293       48.0000        0.0000  5226531  100.00%
   2728   793        cutoff             48.0000        0.0000  5241164  100.00%
   2744   745       11.8774  2723       48.0000        0.0000  5169190  100.00%
   2749   787       13.0448  2738       48.0000        0.0000  5328735  100.00%
   2753   779       15.1800  2382       48.0000        0.0000  5307184  100.00%
   2757   795       16.0950  2328       48.0000        0.0000  5377315  100.00%
   2765   791       13.4395  2694       48.0000        0.0000  5334811  100.00%
   2767   801       21.9416  1991       48.0000        0.0000  5401386  100.00%
   2774   799       13.5060  2639       48.0000        0.0000  5347655  100.00%
Elapsed time = 1959.53 sec. (1173792.72 ticks, tree = 39.34 MB, solutions = 29)
   2790   803        1.1919  3537       48.0000        0.0000  5513955  100.00%
   2793   805        1.2945  2908       48.0000        0.0000  5520366  100.00%
   2801   810        1.6159  1932       48.0000        0.0000  5527686  100.00%
   2809   802       22.2171  2091       48.0000        0.0000  5440498  100.00%
   2815   875       15.5188  2615       48.0000        0.0000  5663695  100.00%
   2820   815        1.9727  2113       48.0000        0.0000  5534002  100.00%
   2829   892        5.9748  1395       48.0000        0.0000  5796439  100.00%
   2835   878       23.0619  2021       48.0000        0.0000  5757072  100.00%
   2846   889       19.4923  2618       48.0000        0.0000  5700523  100.00%
   2854   887       26.2073  1936       48.0000        0.0000  5771684  100.00%
Elapsed time = 2061.01 sec. (1222914.95 ticks, tree = 45.21 MB, solutions = 29)
   2865   844        2.0157  2479       48.0000        0.0000  5680091  100.00%
   2872   935       27.0640  1965       48.0000        0.0000  6000995  100.00%
   2879   940       28.0150  1916       48.0000        0.0000  6008438  100.00%
   2889   942        0.1024  3860       48.0000        0.0000  6055578  100.00%
   2897   950       29.9348  1904       48.0000        0.0000  6024474  100.00%
   2900   951       30.4336  1847       48.0000        0.0000  6032650  100.00%
   2906   953       30.9705  1856       48.0000        0.0000  6041974  100.00%
   2918   962       31.1029  1704       48.0000        0.0000  6051538  100.00%
   2922   948        4.2907  3643       48.0000        0.0000  6091221  100.00%
   2925   989       31.6878  1649       48.0000        0.0000  6183772  100.00%
Elapsed time = 2171.31 sec. (1274996.01 ticks, tree = 51.23 MB, solutions = 29)
   2929   960       21.2213  1902       48.0000        0.0000  6136512  100.00%
   2939   996       32.6476  1632       48.0000        0.0000  6206599  100.00%
   2946  1000       10.0113  3366       48.0000        0.0000  6247539  100.00%
   2955   925        3.0385  3221       48.0000        0.0000  5980050  100.00%
   2958  1003       11.1083  3085       48.0000        0.0000  6262713  100.00%
   2961   970       21.6290  1676       48.0000        0.0000  6191587  100.00%
   2968  1015       22.5479  1815       48.0000        0.0000  6380163  100.00%
   2978  1012       18.7603  1241       48.0000        0.0000  6285717  100.00%
   2996  1005        3.6484  3141       48.0000        0.0000  6321372  100.00%
   2999  1030       39.7560  1872       48.0000        0.0000  6469966  100.00%
Elapsed time = 2282.06 sec. (1323532.57 ticks, tree = 51.95 MB, solutions = 29)
   3002  1021       23.9155  1449       48.0000        0.0000  6423783  100.00%
   3008  1025        0.7259  3326       48.0000        0.0000  6313193  100.00%
   3020  1035       32.9663  1159       48.0000        0.0000  6448906  100.00%
   3026  1040       27.6772  1119       48.0000        0.0000  6457462  100.00%
   3040  1103       30.2749  1078       48.0000        0.0000  6695315  100.00%
   3072  1132       39.9055   933       48.0000        0.0000  6707168  100.00%
   3094  1147       34.9470   984       48.0000        0.0000  6716372  100.00%
   3105  1155       38.2170   850       48.0000        0.0000  6722755  100.00%
   3122  1166       43.3449   569       48.0000        0.0000  6742183  100.00%
   3142  1037       40.0086  1461       48.0000        0.0000  6528636  100.00%
Elapsed time = 2394.14 sec. (1373869.10 ticks, tree = 54.25 MB, solutions = 29)
   3146  1080        5.4609  3373       48.0000        0.0000  6624902  100.00%
   3150  1083        7.4053  3377       48.0000        0.0000  6630097  100.00%
   3158  1117        7.6665  3126       48.0000        0.0000  6839839  100.00%
   3165  1115       36.7108  1543       48.0000        0.0000  6802285  100.00%
   3171  1216        2.0286  3181       48.0000        0.0000  6967127  100.00%
   3173  1139        9.5713  2998       48.0000        0.0000  6888664  100.00%
   3181  1122       10.2584  2898       48.0000        0.0000  6867756  100.00%
   3192  1219        6.6686  2909       48.0000        0.0000  6987553  100.00%
   3201  1130       15.5344  2735       48.0000        0.0000  6880933  100.00%
   3214  1228       43.4984  1312       48.0000        0.0000  7050464  100.00%
Elapsed time = 2492.53 sec. (1419366.26 ticks, tree = 61.34 MB, solutions = 29)
   3227  1234       14.4716  1705       48.0000        0.0000  7006328  100.00%
   3264  1260       44.6872   658       48.0000        0.0000  7015936  100.00%
   3285  1152        9.0351  2358       48.0000        0.0000  6932488  100.00%
   3292  1263       10.0651  2412       48.0000        0.0000  7175133  100.00%
   3303  1268       16.9877  2101       48.0000        0.0000  7183210  100.00%
   3313  1272       11.9793  2229       48.0000        0.0009  7190119  100.00%
   3321  1276       13.3027  2110       48.0000        0.0009  7195701  100.00%
   3326  1278       14.3027  2127       48.0000        0.0009  7202895  100.00%
   3339  1287       18.5797  2297       48.0000        0.0009  7209743  100.00%
   3350  1297       15.9811  2162       48.0000        0.0009  7216345  100.00%
Elapsed time = 2588.34 sec. (1462245.14 ticks, tree = 67.95 MB, solutions = 29)
   3370  1265       29.0651  2491       48.0000        0.0009  7171715  100.00%
   3379  1305       27.3558  1946       48.0000        0.0009  7231960  100.00%
   3400  1421       23.6861  2071       48.0000        0.0009  7440649  100.00%
   3415  1360        3.0050  2140       48.0000        0.0009  7388705  100.00%
   3421  1437       24.3696  1716       48.0000        0.0009  7457206  100.00%
   3436  1345        1.4243  3009       48.0000        0.0009  7347283  100.00%
   3441  1456       27.4508  1584       48.0000        0.0009  7474524  100.00%
   3451  1346        1.7715  2713       48.0000        0.0009  7360896  100.00%
   3465  1348        1.8944  2582       48.0000        0.0009  7367467  100.00%
   3492  1440       14.9360  1608       48.0000        0.0009  7475202  100.00%
Elapsed time = 2672.83 sec. (1504152.26 ticks, tree = 74.81 MB, solutions = 29)
   3515  1501       31.7338  1001       48.0000        0.0009  7502007  100.00%
   3536  1447        3.9322  2560       48.0000        0.0009  7543960  100.00%
   3540  1448        3.9517  2516       48.0000        0.0009  7550403  100.00%
   3551  1456       17.7417  2458       48.0000        0.0009  7503609  100.00%
   3558  1458        cutoff             48.0000        0.0009  7512821  100.00%
   3563  1454        8.7144  2278       48.0000        0.0009  7571596  100.00%
   3579  1465       12.0323  2206       48.0000        0.0009  7579753  100.00%
   3593  1473       15.5318  2182       48.0000        0.0011  7589105  100.00%
   3600  1587       22.5089  1928       48.0000        0.0011  7774295  100.00%
   3608  1589       23.9963  1483       48.0000        0.0011  7783662  100.00%
Elapsed time = 2771.46 sec. (1545450.15 ticks, tree = 83.70 MB, solutions = 29)
   3627  1471        3.6833  2984       48.0000        0.0011  7645767  100.00%
   3631  1474        3.8112  2993       48.0000        0.0011  7652589  100.00%
   3654  1616       42.8512   961       48.0000        0.0011  7818989  100.00%
   3673  1551        4.3893  2960       48.0000        0.0011  7735579  100.00%
   3678  1640        3.3443  2662       48.0000        0.0043  7927077   99.99%
   3682  1554        5.4702  2813       48.0000        0.0043  7748498   99.99%
   3691  1558        6.4853  2768       48.0000        0.0043  7754006   99.99%
   3696  1642        4.1867  1806       48.0000        0.0043  7943095   99.99%
   3704  1659        6.5419  2762       48.0000        0.0043  7993384   99.99%
   3715  1645        4.1887  2186       48.0000        0.0043  7956575   99.99%
Elapsed time = 2865.78 sec. (1588516.74 ticks, tree = 90.47 MB, solutions = 29)
   3724  1710        3.0602  3264       48.0000        0.0043  8077696   99.99%
   3733  1647        4.1913  2189       48.0000        0.0043  7970267   99.99%
   3739  1669       18.7642  2218       48.0000        0.0043  8026334   99.99%
   3744  1732        5.0371  1797       48.0000        0.0043  8207236   99.99%
   3748  1673       20.9160  2110       48.0000        0.0043  8056363   99.99%
   3753  1753       23.0306  2020       48.0000        0.0043  8283409   99.99%
   3759  1722        7.6106  2523       48.0000        0.0043  8199201   99.99%
   3763  1719        3.2882  2457       48.0000        0.0043  8136657   99.99%
   3766  1728        8.5832  2471       48.0000        0.0043  8222164   99.99%
   3771  1756       24.8083  1999       48.0000        0.0043  8299172   99.99%
Elapsed time = 2999.68 sec. (1648746.34 ticks, tree = 95.13 MB, solutions = 29)
   3783  1776        8.7565  2149       48.0000        0.0043  8446381   99.99%
   3798  1738        5.1061  3188       48.0000        0.0043  8230485   99.99%
   3803  1780       10.2929  1334       48.0000        0.0043  8394956   99.99%
   3806  1785        6.1632  2974       48.0000        0.0043  8476949   99.99%
   3810  1788        6.1701  2964       48.0000        0.0043  8483995   99.99%
   3818  1795        6.1785  2926       48.0000        0.0043  8489973   99.99%
   3823  1781        8.7731  1309       48.0000        0.0043  8506160   99.99%
   3828  1809        8.7754  1859       48.0000        0.0043  8626794   99.99%
   3831  1797        6.3054  2443       48.0000        0.0043  8511805   99.99%
   3839  1812        9.5784  1948       48.0000        0.0043  8656542   99.99%
Elapsed time = 3094.95 sec. (1701724.79 ticks, tree = 98.16 MB, solutions = 29)
   3845  1774       32.7251  1787       48.0000        0.0043  8317226   99.99%
   3853  1815        9.5801  1949       48.0000        0.0043  8681598   99.99%
   3883  1821       10.0839  1948       48.0000        0.0043  8690666   99.99%
   3897  1836       10.5979  2167       48.0000        0.0043  8716121   99.99%
   3902  1822       42.9796  1387       48.0000        0.0043  8730322   99.99%
   3905  1874       18.9562  2088       48.0000        0.0043  8805841   99.99%
   3924  1893       22.2856  1958       48.0000        0.0043  8815834   99.99%
   3934  1900       22.8073  1904       48.0000        0.0043  8823675   99.99%
   3947  1876       38.0569  1424       48.0000        0.0043  8790510   99.99%
   3965  1893       45.7095   492       48.0000        0.0043  8801985   99.99%
Elapsed time = 3208.28 sec. (1750278.65 ticks, tree = 100.94 MB, solutions = 29)
   3973  1893        2.0708  3638       48.0000        0.0043  8810111   99.99%
   3984  1936        2.0995  3658       48.0000        0.0043  9050772   99.99%
   3988  1947        2.0544  3701       48.0000        0.0043  9177122   99.99%
   3990  1941        4.1723  1604       48.0000        0.0043  9064716   99.99%
   3996  1983       25.1546  1761       48.0000        0.0043  9216550   99.99%
   4005  1954        4.0993  3297       48.0000        0.0043  9194157   99.99%
   4019  1986       26.0055  1776       48.0000        0.0043  9237889   99.99%
   4036  1970       11.7608  1318       48.0000        0.0043  9083894   99.99%
   4044  1956        5.3996  2467       48.0000        0.0043  9211592   99.99%
   4060  1993       28.1611  1760       48.0000        0.0043  9264672   99.99%
Elapsed time = 3310.82 sec. (1795370.78 ticks, tree = 107.73 MB, solutions = 29)
   4070  1994       32.4944  1695       48.0000        0.0043  9281283   99.99%
   4079  1996       29.4060  1725       48.0000        0.0043  9290123   99.99%
   4083  1999       29.4324   583       48.0000        0.0043  9299927   99.99%
   4086  1996       34.8026   545       48.0000        0.0043  9354422   99.99%
   4099  2011       29.7140  1524       48.0000        0.0043  9313708   99.99%
   4115  2095       33.6402  1367       48.0000        0.0043  9567092   99.99%
   4152  2101        cutoff             48.0000        0.0043  9577579   99.99%
   4190  2131       38.9191   444       48.0000        0.0043  9586887   99.99%
   4258  2014       14.5543  1551       48.0000        0.0043  9414866   99.99%
   4269  2017       15.3598  1296       48.0000        0.0043  9424220   99.99%
Elapsed time = 3405.09 sec. (1838945.47 ticks, tree = 114.21 MB, solutions = 29)
   4329  2022       17.5293  1146       48.0000        0.0043  9436736   99.99%
   4332  2077        4.0003  1920       48.0000        0.0043  9506461   99.99%
   4336  2175        3.1106  2157       48.0000        0.0245  9691420   99.95%
   4344  2082        3.0555  3235       48.0000        0.0245  9517895   99.95%
   4354  2203       20.1754  1077       48.0000        0.0245  9736253   99.95%
   4357  2182        4.1606  3396       48.0000        0.0245  9709256   99.95%
   4359  2202        0.1185  3809       48.0000        0.0245  9748525   99.95%
   4364  2204        0.1478  3345       48.0000        0.0245  9754481   99.95%
   4367  2231        4.1596  2140       48.0000        0.0245  9819457   99.95%
   4377  2232        4.1834  2267       48.0000        0.0274  9826116   99.94%
Elapsed time = 3504.59 sec. (1886776.66 ticks, tree = 128.23 MB, solutions = 29)
   4380  2209        1.1398  2662       48.0000        0.0274  9774402   99.94%
   4384  2310        5.0879  3403       48.0000        0.0274  9865914   99.94%
   4394  2236        6.1165  2129       48.0000        0.0274  9848416   99.94%
   4396  2315        5.1316  3089       48.0000        0.0274  9884900   99.94%
   4402  2339        2.1978  3124       48.0000        0.0463  9979938   99.90%
   4405  2341        3.7333  1737       48.0000        0.0463  9988485   99.90%
   4408  2317        5.6644  2635       48.0000        0.0463  9909707   99.90%
   4414  2352        9.0911  3022       48.0000        0.0463 10059072   99.90%
   4417  2345        2.0508  2269       48.0000        0.0463 10011252   99.90%

Cover cuts applied:  541
Flow cuts applied:  492
Mixed integer rounding cuts applied:  213
Zero-half cuts applied:  17

Root node processing (before b&c):
  Real time             =   74.36 sec. (49053.93 ticks)
Parallel b&c, 4 threads:
  Real time             = 3526.13 sec. (1899318.67 ticks)
  Sync time (average)   =  449.73 sec.
  Wait time (average)   =    0.00 sec.
                          ------------
Total (root+branch&cut) = 3600.49 sec. (1948372.60 ticks)
Solution status = Feasible
Solution value  = 48
