CPXPARAM_TimeLimit                               3600
CPXPARAM_Threads                                 4
Tried aggregator 1 time.
MIP Presolve eliminated 0 rows and 10 columns.
MIP Presolve modified 3420 coefficients.
Reduced MIP has 3964 rows, 5592 columns, and 40270 nonzeros.
Reduced MIP has 5592 binaries, 0 generals, 0 SOSs, and 0 indicators.
Presolve time = 0.02 sec. (17.73 ticks)
Found incumbent of value 342.000000 after 0.06 sec. (69.10 ticks)
Probing time = 0.01 sec. (2.92 ticks)
Tried aggregator 1 time.
Reduced MIP has 3964 rows, 5592 columns, and 40270 nonzeros.
Reduced MIP has 5592 binaries, 0 generals, 0 SOSs, and 0 indicators.
Presolve time = 0.02 sec. (23.38 ticks)
Probing time = 0.01 sec. (3.64 ticks)
Clique table members: 525.
MIP emphasis: balance optimality and feasibility.
MIP search method: dynamic search.
Parallel mode: deterministic, using up to 4 threads.
Root relaxation solution time = 0.46 sec. (508.20 ticks)

        Nodes                                         Cuts/
   Node  Left     Objective  IInf  Best Integer    Best Bound    ItCnt     Gap

*     0+    0                          342.0000        0.0000           100.00%
*     0+    0                          305.0000        0.0000           100.00%
*     0+    0                          288.0000        0.0000           100.00%
*     0+    0                          235.0000        0.0000           100.00%
      0     0        0.0000  2760      235.0000        0.0000        6  100.00%
*     0+    0                          228.0000        0.0000           100.00%
      0     0       -0.0000  3329      228.0000     Cuts: 871     8180  100.00%
*     0+    0                          225.0000        0.0000           100.00%
      0     0       -0.0000  3829      225.0000    Cuts: 1009    17472  100.00%
Heuristic still looking.
*     0+    0                          215.0000        0.0000           100.00%
      0     2       -0.0000  3337      215.0000        0.0000    17472  100.00%
Elapsed time = 78.05 sec. (51875.67 ticks, tree = 0.01 MB, solutions = 7)
*     1+    1                          208.0000        0.0000           100.00%
      1     3       -0.0000  1685      208.0000        0.0000    26580  100.00%
      2     3        0.0142  2787      208.0000        0.0000    46371  100.00%
      3     4        0.1425  3189      208.0000        0.0000    46287  100.00%
*     4+    3                          199.0000        0.0000           100.00%
*     4+    3                          191.0000        0.0000           100.00%
*     4+    3                          182.0000        0.0000           100.00%
      4     5        0.0795  3012      182.0000        0.0000    79453  100.00%
      5     4       -0.0000  1340      182.0000        0.0000    38352  100.00%
      6     5        0.3865  2939      182.0000        0.0000    89802  100.00%
      7     6        0.8315  2315      182.0000        0.0000   103720  100.00%
      8     7        1.2903  2723      182.0000        0.0000   135402  100.00%
      9    10        2.1302  2902      182.0000        0.0000   203822  100.00%
     11     9        1.4670  3175      182.0000        0.0000   187631  100.00%
Elapsed time = 168.18 sec. (113738.37 ticks, tree = 0.01 MB, solutions = 12)
     12    11        1.4216  2895      182.0000        0.0000   233216  100.00%
     13    12        2.7703  2969      182.0000        0.0000   238609  100.00%
     15    11        2.8012  2880      182.0000        0.0000   227773  100.00%
     16    13        2.7420  2928      182.0000        0.0000   282259  100.00%
     19    16        2.6041  2822      182.0000        0.0000   334701  100.00%
     21    17        2.3895  3024      182.0000        0.0000   386331  100.00%
     23    17        2.5912  3016      182.0000        0.0000   340263  100.00%
     24    18        3.7852  2994      182.0000        0.0000   392092  100.00%
     27    18        2.7422  2800      182.0000        0.0000   345333  100.00%
     29    19        3.7525  2884      182.0000        0.0000   396777  100.00%
Elapsed time = 206.28 sec. (138133.93 ticks, tree = 0.27 MB, solutions = 12)
     31    24        3.8015  3047      182.0000        0.0000   445089  100.00%
     33    25        3.9182  2967      182.0000        0.0000   447330  100.00%
     35    27        4.3170  2911      182.0000        0.0000   463037  100.00%
     37    31        3.4520  2919      182.0000        0.0000   486785  100.00%
     38    34        3.7188  2585      182.0000        0.0000   500748  100.00%
     39    35        4.6475  2727      182.0000        0.0000   510085  100.00%
     42    32        2.8034  2832      182.0000        0.0000   490192  100.00%
     43    38        4.8967  3013      182.0000        0.0000   518190  100.00%
     44    36        5.4508  2752      182.0000        0.0000   518796  100.00%
     47    46        3.8119  2573      182.0000        0.0000   566890  100.00%
Elapsed time = 244.30 sec. (160085.65 ticks, tree = 0.12 MB, solutions = 12)
     48    44        2.9693  2886      182.0000        0.0000   553755  100.00%
     51    48        5.0803  2912      182.0000        0.0000   580940  100.00%
     53    47        6.3742  2568      182.0000        0.0000   574599  100.00%
     54    51        5.2907  2979      182.0000        0.0000   598819  100.00%
     58    50        5.7563  2794      182.0000        0.0000   586301  100.00%
     59    52        5.8681  3026      182.0000        0.0000   602783  100.00%
     61    51        6.3352  2828      182.0000        0.0000   590257  100.00%
     63    49        4.6945  2569      182.0000        0.0000   584134  100.00%
     66    47        4.6415  2750      182.0000        0.0000   570590  100.00%
     67    55        7.8583  2994      182.0000        0.0000   610110  100.00%
Elapsed time = 269.17 sec. (173938.56 ticks, tree = 0.29 MB, solutions = 12)
     69    56        4.0222  2718      182.0000        0.0000   628065  100.00%
     73    57        5.7984  2741      182.0000        0.0000   630598  100.00%
     75    58        4.6001  2707      182.0000        0.0000   632232  100.00%
     76    54        6.1903  2835      182.0000        0.0000   604619  100.00%
     78    62        4.9140  2477      182.0000        0.0000   658055  100.00%
     79    63        6.8390  2573      182.0000        0.0000   661919  100.00%
     81    67        7.0102  2637      182.0000        0.0000   678120  100.00%
     82    65        5.8286  2438      182.0000        0.0000   667286  100.00%
     83    68        8.8576  2625      182.0000        0.0000   685550  100.00%
     86    67        7.4726  2689      182.0000        0.0000   676053  100.00%
Elapsed time = 300.32 sec. (191061.37 ticks, tree = 0.24 MB, solutions = 12)
     89    71        7.1215  2633      182.0000        0.0000   691322  100.00%
     92    83        6.7855  2913      182.0000        0.0000   727133  100.00%
     94    90        7.7868  2608      182.0000        0.0000   745452  100.00%
     97    84        8.1706  2869      182.0000        0.0000   734295  100.00%
    101    91        8.1111  2560      182.0000        0.0000   749666  100.00%
    103    95        6.7646  2760      182.0000        0.0000   759073  100.00%
    106    92        9.1873  2582      182.0000        0.0000   753064  100.00%
    109    97        7.4299  2704      182.0000        0.0000   762576  100.00%
    115    94        9.7596  2583      182.0000        0.0000   756984  100.00%
    118   101        8.1033  2690      182.0000        0.0000   767020  100.00%
Elapsed time = 326.69 sec. (204556.22 ticks, tree = 0.24 MB, solutions = 12)
    122    96        9.8718  2519      182.0000        0.0000   761876  100.00%
    124    97       10.5839  2536      182.0000        0.0000   764308  100.00%
    128   102        6.0605  2336      182.0000        0.0000   782258  100.00%
    130   106        8.1751  2622      182.0000        0.0000   777008  100.00%
    133   104        8.0595  2227      182.0000        0.0000   787975  100.00%
    140   115       11.3507  2491      182.0000        0.0000   810313  100.00%
    144   106        8.2635  2297      182.0000        0.0000   792157  100.00%
    148   119       13.3552  2471      182.0000        0.0000   814740  100.00%
    151   120       13.5262  2477      182.0000        0.0000   817186  100.00%
    153   121       11.6100  2443      182.0000        0.0000   818913  100.00%
Elapsed time = 350.25 sec. (217910.03 ticks, tree = 0.31 MB, solutions = 12)
    157   123       11.7481  2411      182.0000        0.0000   820995  100.00%
*   158+   90                          136.0000        0.0000           100.00%
    160   140        7.6491  2872      136.0000        0.0000   865703  100.00%
    163   125       13.6948  2462      136.0000        0.0000   825265  100.00%
    166   126       12.4501  2532      136.0000        0.0000   826919  100.00%
    170   127       13.3257  2592      136.0000        0.0000   828747  100.00%
    175   129       14.3399  2435      136.0000        0.0000   831224  100.00%
*   179+  109                          104.0000        0.0000           100.00%
    179   131       14.4399  2434      104.0000        0.0000   833205  100.00%
    182   139        6.3956  2612      104.0000        0.0000   860838  100.00%
    185   160       12.6125  2536      104.0000        0.0000   891990  100.00%
    189   161       14.0250  2539      104.0000        0.0000   894074  100.00%
Elapsed time = 378.76 sec. (229922.87 ticks, tree = 0.36 MB, solutions = 13)
    190   111        7.9722  2211      104.0000        0.0000   804367  100.00%
    191   170        9.2499  2199      104.0000        0.0000   918624  100.00%
    194   183        7.1366  2674      104.0000        0.0000   941818  100.00%
    197   173        7.9887  2236      104.0000        0.0000   923798  100.00%
    199   174        8.1991  2229      104.0000        0.0000   925805  100.00%
    200   186        7.2844  2664      104.0000        0.0000   948220  100.00%
    203   176        8.2638  2214      104.0000        0.0000   930792  100.00%
    207   188        7.5045  2669      104.0000        0.0000   951736  100.00%
    213   166       15.6227  2472      104.0000        0.0000   899423  100.00%
    217   168       13.5277  2465      104.0000        0.0000   900859  100.00%
Elapsed time = 398.26 sec. (244047.84 ticks, tree = 0.45 MB, solutions = 14)
    221   194        8.6833  2847      104.0000        0.0000   957909  100.00%
    224   193        7.2687  2592      104.0000        0.0000   960613  100.00%
    227   197        7.7461  2820      104.0000        0.0000   961324  100.00%
    230   198        8.1966  2820      104.0000        0.0000   963113  100.00%
    232   196        7.6495  2709      104.0000        0.0000   966776  100.00%
    236   206       13.6932  2453      104.0000        0.0000   971503  100.00%
    239   207       15.0077  2548      104.0000        0.0000   973735  100.00%
    242   200        6.7873  2679      104.0000        0.0000   972551  100.00%
    245   221        6.8423  2637      104.0000        0.0000   999599  100.00%
    255   227        7.5115  2654      104.0000        0.0000  1007591  100.00%
Elapsed time = 429.29 sec. (259281.99 ticks, tree = 0.49 MB, solutions = 14)
    262   231        8.5256  2182      104.0000        0.0000  1023416  100.00%
    273   247       17.4811  2227      104.0000        0.0000  1051717  100.00%
    291   253       19.6194  2185      104.0000        0.0000  1058997  100.00%
    307   259       20.6681  2029      104.0000        0.0000  1067287  100.00%
    323   282       11.7737  2427      104.0000        0.0000  1104030  100.00%
    336   286       12.2459  2429      104.0000        0.0000  1112126  100.00%
    346   249       11.7595  1911      104.0000        0.0000  1062271  100.00%
    362   342       11.6627  2698      104.0000        0.0000  1209210  100.00%
    374   330       24.7067  2111      104.0000        0.0000  1188479  100.00%
    380   307       13.3338  1824      104.0000        0.0000  1161994  100.00%
Elapsed time = 503.91 sec. (299673.37 ticks, tree = 0.76 MB, solutions = 14)
    397   337       24.5362  2113      104.0000        0.0000  1198177  100.00%
    418   345       26.3644  2084      104.0000        0.0000  1206793  100.00%
    444   387       14.4503  1659      104.0000        0.0000  1286423  100.00%
    456   389       15.0702  1665      104.0000        0.0000  1294947  100.00%
    480   434       33.5965  1609      104.0000        0.0000  1337326  100.00%
    507   436       20.0721  2319      104.0000        0.0000  1363478  100.00%
    552   485       41.3024  1271      104.0000        0.0000  1352459  100.00%
    595   509       44.4332  1189      104.0000        0.0000  1359003  100.00%
*   628+  399                           88.0000        0.0000           100.00%
    660   480       17.1105  1834       88.0000        0.0000  1409550  100.00%
    721   607       56.9747  1089       88.0000        0.0000  1383070  100.00%
Elapsed time = 580.14 sec. (339490.07 ticks, tree = 1.08 MB, solutions = 15)
    786   719       62.5999   745       88.0000        0.0000  1478379  100.00%
    830   753       65.6201   824       88.0000        0.0000  1487413  100.00%
    895   798       69.9674   738       88.0000        0.0000  1498049  100.00%
   1043   926       83.5619   313       88.0000        0.0000  1515548  100.00%
   1135   719       24.3226  2165       88.0000        0.0000  1526344  100.00%
   1165   802       24.7221  2012       88.0000        0.0000  1619534  100.00%
   1184   777       17.8504  1739       88.0000        0.0000  1606834  100.00%
*  1204+  825                           75.0000        0.0000           100.00%
*  1204+  794                           71.0000        0.0000           100.00%
*  1204+  787                           70.0000        0.0000           100.00%
*  1204+  779                           69.0000        0.0000           100.00%
*  1204+  757                           68.0000        0.0000           100.00%
*  1209+  924                           64.0000        0.0000           100.00%
   1211   820       27.1210  1954       64.0000        0.0000  1635941  100.00%
   1220   880        0.7610  2983       64.0000        0.0000  1699975  100.00%
*  1223+  920                           61.0000        0.0000           100.00%
*  1223+  920                           60.0000        0.0000           100.00%
   1223   922       29.7289  1924       60.0000        0.0000  1758385  100.00%
Elapsed time = 655.35 sec. (379697.62 ticks, tree = 2.83 MB, solutions = 21)
*  1229+  887                           59.0000        0.0000           100.00%
   1229   889        0.2463  2918       59.0000        0.0000  1747977  100.00%
   1237   925       22.4790  1609       59.0000        0.0000  1808317  100.00%
   1244   932       21.0926  1608       59.0000        0.0000  1818158  100.00%
   1248   896        1.7106  2988       59.0000        0.0000  1784861  100.00%
*  1250+  625                           57.0000        0.0000           100.00%
*  1250+  416                           52.0000        0.0000           100.00%
*  1250+  277                           51.0000        0.0000           100.00%
*  1250+  184                           49.0000        0.0000           100.00%
   1250   185        0.0000  4209       49.0000        0.0000  1965918  100.00%
   1251   186        0.0361  3626       49.0000        0.0000  2010862  100.00%
   1256   129        0.0499  3520       49.0000        0.0000  2035321  100.00%
   1259    72        0.3284  3694       49.0000        0.0000  2052886  100.00%
   1262    49        1.3370  3256       49.0000        0.0000  2077166  100.00%
   1265    55        0.0551  3483       49.0000        0.0000  2146394  100.00%
Elapsed time = 1075.98 sec. (654823.78 ticks, tree = 0.16 MB, solutions = 30)
   1269    24        3.2771  3631       49.0000        0.0000  2145069  100.00%
   1271    23        0.0559  3471       49.0000        0.0000  2183656  100.00%
   1272    20        0.0000  1569       49.0000        0.0000  2174647  100.00%
   1276    19        3.3914  3545       49.0000        0.0000  2198773  100.00%
   1277    26        1.7380  3579       49.0000        0.0000  2310902  100.00%
   1286    27        3.4882  3809       49.0000        0.0000  2350823  100.00%
   1288    31        4.1474  3723       49.0000        0.0000  2367786  100.00%
   1292    36        0.8429  3629       49.0000        0.0000  2393998  100.00%
   1293    33        4.1539  3721       49.0000        0.0000  2375667  100.00%
   1295    43        0.1327  3763       49.0000        0.0000  2427884  100.00%
Elapsed time = 1179.74 sec. (714482.82 ticks, tree = 0.04 MB, solutions = 30)
   1296    40        4.8408  3510       49.0000        0.0000  2423894  100.00%
   1297    44        0.1333  3735       49.0000        0.0000  2440223  100.00%
   1300    45        4.8089  3539       49.0000        0.0000  2441827  100.00%
   1301    46        4.8647  3562       49.0000        0.0000  2449053  100.00%
   1305    46        0.3138  3165       49.0000        0.0000  2461701  100.00%
   1308    57        4.8859  3465       49.0000        0.0000  2551185  100.00%
   1311    50        2.3568  3798       49.0000        0.0000  2521477  100.00%
   1317    61        1.0184  3557       49.0000        0.0000  2565044  100.00%
   1318    62        0.9615  3667       49.0000        0.0000  2573021  100.00%
   1321    63        1.3756  3324       49.0000        0.0000  2581419  100.00%
Elapsed time = 1262.16 sec. (764458.37 ticks, tree = 0.06 MB, solutions = 30)
   1324    67        0.3721  3033       49.0000        0.0000  2654221  100.00%
   1327    75        3.3830  2403       49.0000        0.0000  2699855  100.00%
   1328    62        2.3014  3845       49.0000        0.0000  2608883  100.00%
   1330    76        2.1277  3222       49.0000        0.0000  2719644  100.00%
   1335    81        5.0493  3498       49.0000        0.0000  2745414  100.00%
   1338    76        2.0504  3612       49.0000        0.0000  2700585  100.00%
   1345    83        8.0519  3494       49.0000        0.0000  2756985  100.00%
   1355    91        5.4938  2989       49.0000        0.0000  2769047  100.00%
   1366    86        3.6498  3611       49.0000        0.0000  2769984  100.00%
   1369    88        9.5817  3357       49.0000        0.0000  2773022  100.00%
Elapsed time = 1348.11 sec. (813989.53 ticks, tree = 0.12 MB, solutions = 30)
   1371   107        9.4996  2842       49.0000        0.0000  2812209  100.00%
   1377   110       10.4536  2851       49.0000        0.0000  2818243  100.00%
   1381   113       10.3059  2611       49.0000        0.0000  2825061  100.00%
   1385   111        9.4120  2839       49.0000        0.0000  2862356  100.00%
   1395   136        2.1975  3543       49.0000        0.0000  2946948  100.00%
   1404   114        4.1828  3681       49.0000        0.0000  2887348  100.00%
   1411   131       14.9628  2298       49.0000        0.0000  2924091  100.00%
   1419   134       15.1133  2091       49.0000        0.0000  2932708  100.00%
   1439   155       11.2880  2874       49.0000        0.0000  2984660  100.00%
   1475   165       11.3898  2618       49.0000        0.0000  2989944  100.00%
Elapsed time = 1421.11 sec. (855703.83 ticks, tree = 1.18 MB, solutions = 30)
*  1477+  167                           47.0000        0.0000           100.00%
*  1477+  167                           46.0000        0.0000           100.00%
   1501   207        5.2488  3629       46.0000        0.0000  3054191  100.00%
   1521   208        6.3053  3538       46.0000        0.0000  3059457  100.00%
   1541   177       14.6733  2443       46.0000        0.0000  2999617  100.00%
   1550   180       15.1671  2150       46.0000        0.0000  3006683  100.00%
   1559   217        2.5223  3341       46.0000        0.0000  3091175  100.00%
   1567   256       16.3008  2152       46.0000        0.0000  3110337  100.00%
   1586   267       18.1168  2113       46.0000        0.0000  3116764  100.00%
   1602   280       23.6964  1883       46.0000        0.0000  3124439  100.00%
   1621   289       21.0701  1825       46.0000        0.0000  3132084  100.00%
   1637   302       23.3696  1739       46.0000        0.0000  3140173  100.00%
Elapsed time = 1494.42 sec. (897645.09 ticks, tree = 11.08 MB, solutions = 32)
   1649   312       24.6460  1698       46.0000        0.0000  3146321  100.00%
   1670   399       27.4074  1644       46.0000        0.0000  3252853  100.00%
   1696   410       27.7924  1694       46.0000        0.0000  3256062  100.00%
   1714   427       29.9639  1599       46.0000        0.0000  3264059  100.00%
   1725   437       34.2693  1250       46.0000        0.0000  3275389  100.00%
   1734   401        8.8178  2670       46.0000        0.0000  3287127  100.00%
   1749   406        8.7869  2656       46.0000        0.0000  3292544  100.00%
   1752   298        2.2322  3777       46.0000        0.0000  3191983  100.00%
   1758   420        8.5838  3157       46.0000        0.0000  3341888  100.00%
   1764   422        7.5313  3117       46.0000        0.0000  3348279  100.00%
Elapsed time = 1577.91 sec. (941564.35 ticks, tree = 11.15 MB, solutions = 32)
   1775   433        2.2456  3367       46.0000        0.0000  3408978  100.00%
   1795   424       20.7088  1327       46.0000        0.0000  3330934  100.00%
   1810   447        2.4044  3111       46.0000        0.0000  3420353  100.00%
   1823   465       18.9447  2053       46.0000        0.0000  3450607  100.00%
   1831   472       24.0302  1996       46.0000        0.0000  3459654  100.00%
   1844   498        2.6264  3082       46.0000        0.0000  3510777  100.00%
   1870   503        7.2279  2762       46.0000        0.0000  3517259  100.00%
   1887   481        7.5527  2839       46.0000        0.0000  3490825  100.00%
   1899   504       26.3183  1576       46.0000        0.0000  3493213  100.00%
   1916   611       28.1512  1624       46.0000        0.0000  3697532  100.00%
Elapsed time = 1657.60 sec. (984586.33 ticks, tree = 12.81 MB, solutions = 32)
   1937   568        0.4424  3819       46.0000        0.0000  3656417  100.00%
*  1995+  633                           45.0000        0.0000           100.00%
   2007   674       42.3230   554       45.0000        0.0000  3716549  100.00%
   2039   510        cutoff             45.0000        0.0000  3558820  100.00%
   2062   665       13.2827  1642       45.0000        0.0000  3748193  100.00%
   2074   681        3.1908  3082       45.0000        0.0000  3830693  100.00%
   2084   676       44.5555  1265       45.0000        0.0000  3774014  100.00%
   2144   731        cutoff             45.0000        0.0000  3782628  100.00%
   2204   752        0.0156  3666       45.0000        0.0000  3856492  100.00%
   2208   687        6.3316  2304       45.0000        0.0000  3856164  100.00%
   2216   755        0.0344  2818       45.0000        0.0000  3867822  100.00%
Elapsed time = 1734.15 sec. (1025436.74 ticks, tree = 20.99 MB, solutions = 33)
   2224   690        7.9569  1914       45.0000        0.0000  3869602  100.00%
   2239   772       27.2657  1308       45.0000        0.0000  3927399  100.00%
   2261   791       38.5646   914       45.0000        0.0078  3936649   99.98%
   2309   910        3.1549  2788       45.0000        0.0078  4058109   99.98%
   2318   789       13.3090  1421       45.0000        0.0078  3991558   99.98%
   2326   934        0.2327  2833       45.0000        0.0078  4106868   99.98%
   2348   936        0.2602  2616       45.0000        0.0078  4113099   99.98%
   2365  1036       25.1387  1132       45.0000        0.0382  4178258   99.92%
   2376  1041       20.1816  1203       45.0000        0.0382  4187941   99.92%
   2385  1048        0.7053  1820       45.0000        0.0382  4213137   99.92%
Elapsed time = 1813.85 sec. (1068252.31 ticks, tree = 39.10 MB, solutions = 33)
   2397  1056        2.4579  1670       45.0000        0.0382  4220709   99.92%
   2412   995        7.0397  1307       45.0000        0.0382  4159834   99.92%
   2421  1065        cutoff             45.0000        0.0382  4242361   99.92%
   2434  1077        5.4762  1383       45.0000        0.0382  4249618   99.92%
   2463  1079        9.0087  3000       45.0000        0.0382  4289627   99.92%
   2493  1103       40.4983   969       45.0000        0.0382  4253327   99.92%
   2509  1110       29.7141  1332       45.0000        0.0382  4263317   99.92%
   2537  1138       31.9689  1156       45.0000        0.0382  4270137   99.92%
   2571  1096       11.6114  2409       45.0000        0.0382  4314676   99.92%
   2584  1116        6.2170  1351       45.0000        0.0382  4374315   99.92%
Elapsed time = 1891.29 sec. (1110763.76 ticks, tree = 43.75 MB, solutions = 33)
*  2585+ 1164                           44.0000        0.0382            99.91%
*  2585+ 1164                           43.0000        0.0382            99.91%
   2620  1097       13.8805  1663       43.0000        0.0382  4325669   99.91%
   2630  1217       16.0903  1692       43.0000        0.0382  4496655   99.91%
   2636  1223       18.8085  1680       43.0000        0.0382  4504488   99.91%
   2642  1228       24.7231  1786       43.0000        0.0382  4518335   99.91%
   2648  1234       25.4493  1709       43.0000        0.0382  4529504   99.91%
   2652  1216       18.1015  1705       43.0000        0.0382  4527031   99.91%
   2674  1234       20.1745  1068       43.0000        0.0382  4534144   99.91%
   2703  1249       27.0543  1096       43.0000        0.0463  4541598   99.89%
   2734  1264        0.4835  3939       43.0000        0.0463  4639151   99.89%
   2739  1224        8.0743  2936       43.0000        0.0463  4556602   99.89%
Elapsed time = 1985.99 sec. (1162241.47 ticks, tree = 52.92 MB, solutions = 35)
   2746  1268        2.3004  3964       43.0000        0.0463  4648763   99.89%
   2760  1311        1.2211  3393       43.0000        0.0463  4682821   99.89%
   2767  1329        9.8734  3134       43.0000        0.0463  4765577   99.89%
   2775  1323        1.4007  2439       43.0000        0.0463  4694561   99.89%
   2781  1327        3.3291  2753       43.0000        0.0463  4702206   99.89%
   2791  1332        3.4393  2811       43.0000        0.0463  4708866   99.89%
   2796  1332        9.5856  3141       43.0000        0.0463  4789308   99.89%
   2806  1341        4.1633  2931       43.0000        0.0463  4808718   99.89%
*  2820+ 1370                           41.0000        0.0463            99.89%
*  2820+ 1370                           34.0000        0.0463            99.86%
   2823  1327       10.8488  1955       34.0000        0.0463  4778487   99.86%
   2839  1212       11.4532  3145       34.0000        0.0463  4875096   99.86%
Elapsed time = 2059.09 sec. (1205649.89 ticks, tree = 48.15 MB, solutions = 37)
   2857  1215       11.5212  2452       34.0000        0.0463  4880971   99.86%
   2878  1224       11.5591  2017       34.0000        0.0463  4886617   99.86%
   2888  1243        9.1750  1778       34.0000        0.0463  4966909   99.86%
   2901  1270        0.3689  3552       34.0000        0.0463  5018549   99.86%
   2926  1309        cutoff             34.0000        0.0463  5069031   99.86%
   2942  1311       14.5070  1887       34.0000        0.0463  5076055   99.86%
   2959  1322       17.8643  1130       34.0000        0.0463  5055401   99.86%
   2976  1333       20.1006   961       34.0000        0.0463  5058834   99.86%
*  2993+ 1342                           31.0000        0.0463            99.85%
*  2993+ 1342                           30.0000        0.0463            99.85%
   2998  1314       14.8853  1903       30.0000        0.0463  5098477   99.85%
   3023  1319       15.8679  1849       30.0000        0.0463  5105427   99.85%
Elapsed time = 2135.84 sec. (1246954.65 ticks, tree = 42.55 MB, solutions = 39)
   3035  1211        0.5317  3109       30.0000        0.0463  5150526   99.85%
   3043  1212       16.7979  1818       30.0000        0.0463  5196586   99.85%
   3056  1224        0.7593  3074       30.0000        0.2802  5164816   99.07%
   3071  1196        7.3237  3776       30.0000        0.3359  5150312   98.88%
   3085  1318        4.3624  2561       30.0000        0.3359  5312512   98.88%
   3097  1327        7.3281  2122       30.0000        0.3359  5319972   98.88%
   3106  1333       17.3327  1305       30.0000        0.3359  5328368   98.88%
*  3109+ 1267                           27.0000        0.3359            98.76%
*  3112+ 1267                           25.0000        0.3359            98.66%
   3120  1343       20.1376   848       25.0000        0.3359  5337329   98.66%
   3139  1278        9.9201  3534       25.0000        0.3359  5295471   98.66%
   3145  1318       26.2458  1438       25.0000        0.3359  5389304   98.66%
Elapsed time = 2215.26 sec. (1292589.68 ticks, tree = 39.75 MB, solutions = 41)
   3152  1321       27.6609  1205       25.0000        0.3359  5398079   98.66%
*  3154+ 1212                           24.0000        0.3359            98.60%
*  3154+ 1212                           23.0000        0.3359            98.54%
   3162  1136        2.3535  3095       23.0000        0.3359  5432797   98.54%
   3171  1322        1.2887  3852       23.0000        0.3482  5411893   98.49%
   3207  1139        2.4524  2820       23.0000        0.3482  5444136   98.49%
   3211  1140        2.4528  2842       23.0000        0.3482  5449474   98.49%
   3219  1204        2.5574  3015       23.0000        0.3482  5425454   98.49%
   3226  1155        5.5072  2879       23.0000        0.3482  5534691   98.49%
   3241  1167        6.5907  2764       23.0000        0.3482  5539393   98.49%
   3255  1189       21.5142  2118       23.0000        0.3482  5617132   98.49%
   3257  1189       21.5946  2158       23.0000        0.3482  5624280   98.49%
Elapsed time = 2286.27 sec. (1334078.20 ticks, tree = 39.06 MB, solutions = 43)
   3265  1190        cutoff             23.0000        0.3482  5630608   98.49%
   3269  1176        4.3071  2861       23.0000        0.3482  5586496   98.49%
   3277  1177        4.3685  2788       23.0000        0.3482  5593846   98.49%
   3282  1236       15.8668  1737       23.0000        0.3482  5712776   98.49%
   3295  1193        1.6672  3017       23.0000        0.3482  5661382   98.49%
   3303  1206        8.8161  2234       23.0000        0.3811  5707709   98.34%
   3312  1255       10.1441  2226       23.0000        0.3811  5824586   98.34%
   3327  1245        3.6519  2982       23.0000        0.3811  5792981   98.34%
*  3328+ 1256                           22.0000        0.3811            98.27%
   3338  1223       18.1782  2204       22.0000        0.3811  5838640   98.27%
   3353  1238        2.7256  2906       22.0000        0.3811  5880120   98.27%
Elapsed time = 2371.26 sec. (1378964.76 ticks, tree = 38.30 MB, solutions = 44)
   3356  1248        4.4132  2796       22.0000        0.3811  5816581   98.27%
   3366  1243        3.6696  2926       22.0000        0.3811  5946469   98.27%
   3374  1244        3.6511  3001       22.0000        0.3811  5892113   98.27%
   3383  1245        3.7051  2850       22.0000        0.3811  5958459   98.27%
   3386  1231        0.9049  2506       22.0000        0.3811  5874001   98.27%
   3402  1287        5.6643  2867       22.0000        0.4430  6054561   97.99%
   3411  1287       16.4008  1148       22.0000        0.4430  6105786   97.99%
   3420  1293       10.3756  2334       22.0000        0.4430  6065399   97.99%
   3443  1303        7.4215  2532       22.0000        0.4430  6071129   97.99%
   3452  1308        cutoff             22.0000        0.4430  6149277   97.99%
Elapsed time = 2441.63 sec. (1421391.58 ticks, tree = 41.64 MB, solutions = 44)
   3457  1309        7.7751  2483       22.0000        0.4430  6080605   97.99%
   3470  1294        9.6268  2586       22.0000        0.4430  6140511   97.99%
   3482  1370       10.2555  2597       22.0000        0.4835  6277397   97.80%
   3489  1310        1.5599  3108       22.0000        0.4835  6170167   97.80%
   3497  1367        5.6469  2203       22.0000        0.4835  6240774   97.80%
   3505  1350        2.5226  3592       22.0000        0.4835  6195392   97.80%
   3509  1377       11.0307  2213       22.0000        0.4835  6306693   97.80%
   3511  1379       12.5015  2026       22.0000        0.4835  6314731   97.80%
   3517  1354       14.1996  3209       22.0000        0.4835  6209770   97.80%
   3525  1398       11.4400  1853       22.0000        0.5091  6405430   97.69%
Elapsed time = 2516.45 sec. (1463992.80 ticks, tree = 46.81 MB, solutions = 44)
   3539  1381       14.2921  3062       22.0000        0.5091  6357486   97.69%
*  3544+ 1374                           21.0000        0.5091            97.58%
   3544  1376        7.2163  2434       21.0000        0.5091  6353072   97.58%
   3547  1377        9.9359  2410       21.0000        0.5091  6500343   97.58%
   3552  1386       15.5894  2341       21.0000        0.5091  6375970   97.58%
   3558  1388       17.4286  2515       21.0000        0.5091  6382398   97.58%
   3567  1383       10.9163  2355       21.0000        0.5091  6520032   97.58%
   3568  1413       11.7754  2176       21.0000        0.5091  6512909   97.58%
   3578  1417       13.0723  1775       21.0000        0.5091  6619551   97.58%
   3602  1433       16.7935  1555       21.0000        0.5091  6626339   97.58%
   3614  1445       19.0822   562       21.0000        0.5091  6635747   97.58%
Elapsed time = 2595.21 sec. (1508649.70 ticks, tree = 46.32 MB, solutions = 45)
   3627  1426       17.7483  2118       21.0000        0.5165  6680063   97.54%
   3634  1394        0.6091  3637       21.0000        0.5165  6613498   97.54%
   3637  1384       13.5743  2150       21.0000        0.5165  6598871   97.54%
   3639  1448        6.4642  2639       21.0000        0.5165  6666965   97.54%
   3643  1465       12.0338  2355       21.0000        0.5165  6796965   97.54%
   3653  1474       16.9490  1997       21.0000        0.5165  6804146   97.54%
   3662  1425        0.5696  2567       21.0000        0.5165  6689706   97.54%
   3664  1479        9.3110  1220       21.0000        0.5165  6820652   97.54%
   3683  1488        0.7042  2746       21.0000        0.5165  6828047   97.54%
   3691  1494        3.1339  2386       21.0000        0.5165  6836806   97.54%
Elapsed time = 2678.70 sec. (1556790.82 ticks, tree = 46.51 MB, solutions = 45)
   3702  1477        4.9219  4017       21.0000        0.5165  6824083   97.54%
   3709  1473        8.7633  2773       21.0000        0.5165  6838937   97.54%
   3721  1486        5.4866  3306       21.0000        0.5165  6833670   97.54%
   3732  1482       14.5409  2931       21.0000        0.5165  6851442   97.54%
   3752  1523       16.7060  1789       21.0000        0.5184  6876272   97.53%
   3761  1506        2.5886  2697       21.0000        0.5774  6890286   97.25%
   3777  1508        4.4474  2663       21.0000        0.5774  6896729   97.25%
   3787  1542       17.6049  1618       21.0000        0.5774  6944285   97.25%
   3806  1511        6.3149  2643       21.0000        0.5774  6909044   97.25%
   3813  1541        4.3435  3713       21.0000        0.5774  6971107   97.25%
Elapsed time = 2755.91 sec. (1598907.62 ticks, tree = 46.45 MB, solutions = 45)
   3819  1516        6.9800  2599       21.0000        0.5774  6921288   97.25%
   3825  1560        9.7041  2873       21.0000        0.5774  7010455   97.25%
   3833  1611        cutoff             21.0000        0.6095  7124383   97.10%
   3845  1565       14.5310  2804       21.0000        0.6095  7025487   97.10%
   3858  1622        cutoff             21.0000        0.6095  7145057   97.10%
*  3859+ 1550                           20.0000        0.6095            96.95%
*  3859+ 1550                           19.0000        0.6095            96.79%
   3862  1517        9.1861  2635       19.0000        0.6463  7162328   96.60%
   3873  1525       11.8879  2379       19.0000        0.6463  7168652   96.60%
   3883  1529       14.5848  2296       19.0000        0.6463  7174410   96.60%
   3889  1602       10.5391  3140       19.0000        0.6463  7072485   96.60%
   3899  1625        4.9491  2994       19.0000        0.6764  7176696   96.44%
Elapsed time = 2833.19 sec. (1643366.88 ticks, tree = 43.37 MB, solutions = 47)
   3906  1556        7.1374  2839       19.0000        0.6764  7293776   96.44%
   3919  1558       10.4039  2757       19.0000        0.6764  7301844   96.44%
   3934  1568       13.9125  2387       19.0000        0.6764  7308159   96.44%
   3946  1541        6.5437  2704       19.0000        0.6764  7248294   96.44%
   3956  1579       15.1669  2149       19.0000        0.6764  7321934   96.44%
   3973  1551        8.5279  2550       19.0000        0.6764  7260350   96.44%
   3996  1602       10.4373  2423       19.0000        0.7042  7391833   96.29%
   4014  1611       11.4195  2290       19.0000        0.7042  7397463   96.29%
   4021  1623        4.0224  1931       19.0000        0.7042  7449151   96.29%
   4034  1616        cutoff             19.0000        0.7042  7413631   96.29%
Elapsed time = 2910.37 sec. (1685320.18 ticks, tree = 46.99 MB, solutions = 47)
   4047  1628        cutoff             19.0000        0.7042  7467792   96.29%
   4068  1632       10.5616  1478       19.0000        0.7042  7476319   96.29%
   4100  1634       14.0929  1323       19.0000        0.7042  7482599   96.29%
   4115  1636        2.2933  1875       19.0000        0.7042  7491329   96.29%
   4129  1642        7.1442  1757       19.0000        0.7042  7499825   96.29%
   4155  1652       10.0646  1673       19.0000        0.7042  7507662   96.29%
   4165  1697        cutoff             19.0000        0.7042  7623260   96.29%
   4170  1699        cutoff             19.0000        0.7042  7631862   96.29%
   4191  1702       14.1399  1425       19.0000        0.7042  7639959   96.29%
   4213  1729       17.1422  1383       19.0000        0.7042  7682130   96.29%
Elapsed time = 2985.57 sec. (1725195.40 ticks, tree = 53.68 MB, solutions = 47)
   4228  1743        1.8520  2952       19.0000        0.8594  7704188   95.48%
   4240  1735        6.1803  1818       19.0000        0.8594  7696363   95.48%
   4257  1749        5.1762  2543       19.0000        0.8594  7716108   95.48%
   4284  1747        cutoff             19.0000        0.8594  7714959   95.48%
   4309  1757        8.4948  1820       19.0000        0.8594  7728698   95.48%
   4322  1780        4.9157  1876       19.0000        0.8594  7794926   95.48%
   4328  1781        6.1367  1755       19.0000        0.8594  7803782   95.48%
   4339  1786        cutoff             19.0000        0.8594  7811872   95.48%
   4356  1790        cutoff             19.0000        0.8594  7819723   95.48%
   4383  1828        cutoff             19.0000        0.8594  7955024   95.48%
Elapsed time = 3064.13 sec. (1766746.84 ticks, tree = 59.89 MB, solutions = 47)
   4389  1804        3.2694  2120       19.0000        0.8594  7919899   95.48%
   4399  1828        0.8658  2917       19.0000        0.8658  7956745   95.44%
   4411  1815        7.2291  1606       19.0000        0.8988  7935212   95.27%
   4424  1818       10.0786  1565       19.0000        1.0000  7941770   94.74%
   4438  1825       15.2359  1546       19.0000        1.0000  7948487   94.74%
   4459  1859        5.3249  3802       19.0000        1.0000  8081936   94.74%
   4465  1860        5.3566  3830       19.0000        1.0000  8086598   94.74%
   4477  1891        6.1174  1987       19.0000        1.0000  8156741   94.74%
   4488  1909        5.1589  2474       19.0000        1.0000  8193851   94.74%
   4505  1869        5.2299  1896       19.0000        1.0000  8073006   94.74%
Elapsed time = 3141.62 sec. (1808468.30 ticks, tree = 65.60 MB, solutions = 47)
   4524  1908       16.2683  1340       19.0000        1.0000  8181812   94.74%
   4548  1876        9.1767  1788       19.0000        1.0000  8087946   94.74%
   4555  1876        cutoff             19.0000        1.0000  8096682   94.74%
   4562  1941       10.8857  1788       19.0000        1.0000  8260478   94.74%
   4572  1924        6.3791  2720       19.0000        1.0000  8227743   94.74%
   4579  1944       15.6868  1720       19.0000        1.0000  8278386   94.74%
   4589  1947       16.2605  1207       19.0000        1.0000  8288142   94.74%
   4612  1945        1.9901  2015       19.0000        1.0000  8296780   94.74%
   4623  1952        6.1522  1765       19.0000        1.0000  8303859   94.74%
   4630  1957        8.2737  1347       19.0000        1.0000  8311421   94.74%
Elapsed time = 3218.34 sec. (1849764.79 ticks, tree = 71.47 MB, solutions = 47)
   4645  1965       12.6247  1514       19.0000        1.0000  8318040   94.74%
   4657  1985        7.9825  2898       19.0000        1.0000  8398019   94.74%
   4666  2010        5.3936  3520       19.0000        1.0000  8449815   94.74%
   4673  2015        5.3937  3502       19.0000        1.0000  8453437   94.74%
   4684  1990        8.7778  3040       19.0000        1.0000  8413546   94.74%
   4694  1994        8.8935  2562       19.0000        1.0000  8419508   94.74%
   4705  2037        6.1497  1982       19.0000        1.0000  8529911   94.74%
   4722  2054       11.5193  1406       19.0000        1.0000  8590059   94.74%
   4740  2045        8.6350  1359       19.0000        1.0000  8545730   94.74%
   4755  2064       12.0957  1927       19.0000        1.0000  8643195   94.74%
Elapsed time = 3294.75 sec. (1890381.09 ticks, tree = 77.21 MB, solutions = 47)
   4769  2051        cutoff             19.0000        1.0000  8562826   94.74%
   4780  2061        1.0705  2436       19.0000        1.0000  8615538   94.74%
   4789  2062        1.1463  1993       19.0000        1.0000  8622743   94.74%
   4795  2065        1.2232  1794       19.0000        1.0000  8630689   94.74%
   4798  2108        2.1724  1800       19.0000        1.0000  8734670   94.74%
   4799  2083        6.0883  2201       19.0000        1.0000  8664532   94.74%
   4810  2137        6.2189  1885       19.0000        1.0000  8811041   94.74%
   4819  2139        8.2476  1356       19.0000        1.0000  8818618   94.74%
   4831  2140       12.0412  1350       19.0000        1.0000  8826033   94.74%
   4835  2139        2.0353  2061       19.0000        1.0000  8834633   94.74%
Elapsed time = 3367.52 sec. (1931598.31 ticks, tree = 81.30 MB, solutions = 47)
   4848  2145        6.2032  1791       19.0000        1.0000  8842901   94.74%
   4853  2140       14.3511  3408       19.0000        1.0000  8844477   94.74%
   4863  2151       11.3176  1455       19.0000        1.0000  8859933   94.74%
   4872  2153       14.1074  1412       19.0000        1.0000  8869169   94.74%
   4883  2158        cutoff             19.0000        1.0000  8926682   94.74%
   4885  2151        7.5017  2138       19.0000        1.0000  8928669   94.74%
   4902  2200        7.5849  1808       19.0000        1.0000  9066607   94.74%
   4911  2203        7.8408  1478       19.0000        1.0000  9075632   94.74%
   4928  2203        3.3027  1467       19.0000        1.0000  9089470   94.74%
   4947  2216       15.2228  1248       19.0000        1.0000  9091430   94.74%
Elapsed time = 3448.73 sec. (1974082.29 ticks, tree = 82.00 MB, solutions = 47)
   4963  2190        5.5910  3710       19.0000        1.0000  9030283   94.74%
   4972  2212        6.0975  1679       19.0000        1.0000  9115623   94.74%
   4977  2214        cutoff             19.0000        1.0000  9124833   94.74%
   4986  2206        1.2530  1788       19.0000        1.0000  9131502   94.74%
   4989  2222        2.9568  2188       19.0000        1.0000  9130897   94.74%
   5005  2268       13.8847  1567       19.0000        1.0000  9290149   94.74%
   5028  2216        cutoff             19.0000        1.0000  9155641   94.74%
   5047  2249        cutoff             19.0000        1.0000  9221541   94.74%
   5060  2281        cutoff             19.0000        1.0000  9366453   94.74%
   5068  2258       11.4344  2001       19.0000        1.0000  9235327   94.74%
Elapsed time = 3531.19 sec. (2017581.03 ticks, tree = 82.35 MB, solutions = 47)
   5071  2274        1.1494  2002       19.0000        1.0000  9323689   94.74%
   5079  2278        1.2443  1808       19.0000        1.0000  9331256   94.74%
   5087  2222        3.8441  2845       19.0000        1.0000  9198662   94.74%
   5092  2285        4.2778  1874       19.0000        1.0000  9346843   94.74%
   5103  2287        cutoff             19.0000        1.0000  9354505   94.74%
   5112  2318        7.2198  1630       19.0000        1.0000  9502985   94.74%
   5127  2358        cutoff             19.0000        1.0000  9648989   94.74%
   5148  2360       13.0947  1370       19.0000        1.0000  9658855   94.74%
   5173  2307        5.1669  1981       19.0000        1.0000  9459653   94.74%

Cover cuts applied:  919
Flow cuts applied:  596
Mixed integer rounding cuts applied:  347
Zero-half cuts applied:  17
Gomory fractional cuts applied:  1

Root node processing (before b&c):
  Real time             =   78.03 sec. (51850.03 ticks)
Parallel b&c, 4 threads:
  Real time             = 3521.98 sec. (2003715.15 ticks)
  Sync time (average)   =  185.60 sec.
  Wait time (average)   =    0.00 sec.
                          ------------
Total (root+branch&cut) = 3600.00 sec. (2055565.18 ticks)
Solution status = Feasible
Solution value  = 19
