CPXPARAM_TimeLimit                               3600
CPXPARAM_Threads                                 4
Tried aggregator 1 time.
MIP Presolve eliminated 0 rows and 10 columns.
MIP Presolve modified 3420 coefficients.
Reduced MIP has 3964 rows, 5592 columns, and 40270 nonzeros.
Reduced MIP has 5592 binaries, 0 generals, 0 SOSs, and 0 indicators.
Presolve time = 0.02 sec. (17.73 ticks)
Found incumbent of value 342.000000 after 0.06 sec. (69.07 ticks)
Probing time = 0.01 sec. (2.92 ticks)
Tried aggregator 1 time.
Reduced MIP has 3964 rows, 5592 columns, and 40270 nonzeros.
Reduced MIP has 5592 binaries, 0 generals, 0 SOSs, and 0 indicators.
Presolve time = 0.02 sec. (23.38 ticks)
Probing time = 0.01 sec. (3.64 ticks)
Clique table members: 525.
MIP emphasis: balance optimality and feasibility.
MIP search method: dynamic search.
Parallel mode: deterministic, using up to 4 threads.
Root relaxation solution time = 0.47 sec. (499.12 ticks)

        Nodes                                         Cuts/
   Node  Left     Objective  IInf  Best Integer    Best Bound    ItCnt     Gap

*     0+    0                          342.0000        0.0000           100.00%
*     0+    0                          305.0000        0.0000           100.00%
*     0+    0                          282.0000        0.0000           100.00%
*     0+    0                          235.0000        0.0000           100.00%
      0     0        0.0000  2781      235.0000        0.0000        6  100.00%
*     0+    0                          226.0000        0.0000           100.00%
      0     0        0.0000  3253      226.0000     Cuts: 933     7973  100.00%
*     0+    0                          216.0000        0.0000           100.00%
      0     0        0.0000  3775      216.0000     Cuts: 934    17432  100.00%
Heuristic still looking.
*     0+    0                          201.0000        0.0000           100.00%
      0     2        0.0000  3311      201.0000        0.0000    17432  100.00%
Elapsed time = 74.57 sec. (49974.10 ticks, tree = 0.01 MB, solutions = 7)
      1     3        0.0095  2819      201.0000        0.0000    46875  100.00%
*     2+    1                          198.0000        0.0000           100.00%
      2     3        0.0000  1414      198.0000        0.0000    32172  100.00%
      3     4        0.2832  2427      198.0000        0.0000    63120  100.00%
*     4+    2                          196.0000        0.0000           100.00%
*     4+    2                          174.0000        0.0000           100.00%
*     4+    2                          164.0000        0.0000           100.00%
      4     4        0.0324  2671      164.0000        0.0000    62350  100.00%
*     5+    3                          100.0000        0.0000           100.00%
*     5+    3                           43.0000        0.0000           100.00%
*     5+    3                           39.0000        0.0000           100.00%
*     5+    3                           38.0000        0.0000           100.00%
*     5+    3                           36.0000        0.0000           100.00%
*     5+    3                           35.0000        0.0000           100.00%
*     5+    3                           34.0000        0.0000           100.00%
*     5+    3                           32.0000        0.0000           100.00%
*     5+    3                           30.0000        0.0000           100.00%
*     5+    3                           29.0000        0.0000           100.00%
      5     5       -0.0000   910       29.0000        0.0000    87125  100.00%
      6     5        0.0770  2978       29.0000        0.0000   108572  100.00%
      7     7        1.1699  2568       29.0000        0.0000   145062  100.00%
      8     6        1.3660  2897       29.0000        0.0000   143140  100.00%
      9    10        1.2451  2566       29.0000        0.0000   244643  100.00%
     10     9        0.6077  2260       29.0000        0.0000   203355  100.00%
Elapsed time = 163.70 sec. (113268.51 ticks, tree = 0.01 MB, solutions = 21)
     12    11        2.5954  2775       29.0000        0.0000   250761  100.00%
     13    15        1.2839  2615       29.0000        0.0000   409373  100.00%
     14    16        2.3732  2550       29.0000        0.0000   411691  100.00%
     16    12        1.7242  2761       29.0000        0.0000   320413  100.00%
     17    17        2.4278  2677       29.0000        0.0000   416613  100.00%
     20    14        0.4087  2768       29.0000        0.0000   401064  100.00%
     21    18        2.4827  2505       29.0000        0.0000   422306  100.00%
     23    13        2.4987  2617       29.0000        0.0000   355133  100.00%
     24    19        3.8341  2645       29.0000        0.0000   426446  100.00%
     26    15        2.3821  3102       29.0000        0.0000   408925  100.00%
Elapsed time = 199.36 sec. (133872.08 ticks, tree = 0.18 MB, solutions = 21)
     27    24        2.5444  2520       29.0000        0.0000   502178  100.00%
     29    27        0.4582  2799       29.0000        0.0000   536515  100.00%
     30    19        2.1593  2673       29.0000        0.0000   486469  100.00%
     31    28        0.7029  2538       29.0000        0.0000   540908  100.00%
     32    20        3.6240  2670       29.0000        0.0000   464526  100.00%
     33    25        4.0827  2534       29.0000        0.0000   513899  100.00%
     35    26        3.3718  2545       29.0000        0.0000   517233  100.00%
     37    37        3.2650  2487       29.0000        0.0000   593827  100.00%
     38    34        4.1907  2349       29.0000        0.0000   581658  100.00%
     40    35        4.3324  2317       29.0000        0.0000   587522  100.00%
Elapsed time = 233.92 sec. (153711.23 ticks, tree = 0.27 MB, solutions = 21)
     42    38        4.7126  2767       29.0000        0.0000   613022  100.00%
     43    36        5.2662  2359       29.0000        0.0000   595842  100.00%
     44    39        3.3156  2466       29.0000        0.0000   608099  100.00%
     45    29        2.4638  2710       29.0000        0.0000   584867  100.00%
     46    41        6.1504  2472       29.0000        0.0000   635132  100.00%
     48    47        1.6242  2409       29.0000        0.0000   701386  100.00%
     51    48        0.7338  2580       29.0000        0.0000   703302  100.00%
     52    43        7.9176  2267       29.0000        0.0000   641427  100.00%
     53    44        4.4780  2396       29.0000        0.0000   643181  100.00%
     56    46        4.4850  2401       29.0000        0.0000   661722  100.00%
Elapsed time = 258.59 sec. (169121.22 ticks, tree = 0.34 MB, solutions = 21)
     59    49        2.0012  2701       29.0000        0.0000   709929  100.00%
     61    51        5.5815  2636       29.0000        0.0000   734761  100.00%
     63    51        1.7974  1920       29.0000        0.0000   713392  100.00%
     65    53        5.7293  2766       29.0000        0.0000   739513  100.00%
     66    54        8.0276  2753       29.0000        0.0000   743184  100.00%
     68    55        6.8653  2691       29.0000        0.0000   745581  100.00%
     70    58        5.2867  2388       29.0000        0.0000   768484  100.00%
     72    64        2.9554  2033       29.0000        0.0000   792326  100.00%
     73    65        1.8288  2032       29.0000        0.0000   794480  100.00%
     75    59        6.4940  2300       29.0000        0.0000   774727  100.00%
Elapsed time = 287.90 sec. (184050.70 ticks, tree = 0.76 MB, solutions = 21)
     77    66        3.5848  1952       29.0000        0.0000   800951  100.00%
     80    69        5.6511  2274       29.0000        0.0000   809349  100.00%
     82    61        7.5393  2362       29.0000        0.0000   782719  100.00%
     86    62        6.6010  2328       29.0000        0.0000   785888  100.00%
     88    69        3.0584  2123       29.0000        0.0000   813370  100.00%
     89    63        8.1288  2205       29.0000        0.0000   790214  100.00%
     91    74        7.4647  2233       29.0000        0.0000   824737  100.00%
     93    70        4.2182  1917       29.0000        0.0000   815808  100.00%
     95    75        7.4019  2283       29.0000        0.0000   838452  100.00%
     96    83        5.1388  2008       29.0000        0.0000   867721  100.00%
Elapsed time = 312.05 sec. (198471.26 ticks, tree = 0.70 MB, solutions = 21)
     99    77        7.4290  2248       29.0000        0.0000   843274  100.00%
    101    86        4.9316  1923       29.0000        0.0000   872793  100.00%
    104    87        5.0369  1756       29.0000        0.0000   876031  100.00%
    107    89        5.1356  1759       29.0000        0.0000   880111  100.00%
    111    91        3.0834  1777       29.0000        0.0000   880633  100.00%
    114    91        7.6932  2202       29.0000        0.0000   890402  100.00%
    118    93        3.8226  1773       29.0000        0.0000   886669  100.00%
    125   101        8.2687  2231       29.0000        0.0000   914232  100.00%
    127    97        3.2383  1717       29.0000        0.0000   892338  100.00%
    132   103        8.2842  2212       29.0000        0.0000   919135  100.00%
Elapsed time = 335.80 sec. (211744.94 ticks, tree = 1.00 MB, solutions = 21)
    135    99        5.2715  1747       29.0000        0.0000   897188  100.00%
    138   104       10.1480  2203       29.0000        0.0000   923184  100.00%
    143   111        7.0354  2620       29.0000        0.0000   947566  100.00%
    147   130        3.5609  1522       29.0000        0.0000   982512  100.00%
    149    99        9.3868  2231       29.0000        0.0000   907551  100.00%
    152   131        5.3212  1796       29.0000        0.0000   987218  100.00%
    158   132        5.7186  1735       29.0000        0.0000   990106  100.00%
    163   111        8.6681  2162       29.0000        0.0000   932123  100.00%
    167   136        4.0199  1511       29.0000        0.0000   995981  100.00%
    172   145       10.5808  2138       29.0000        0.0000  1015225  100.00%
Elapsed time = 356.98 sec. (222881.42 ticks, tree = 1.04 MB, solutions = 21)
    177   114       10.5717  2147       29.0000        0.0000   939973  100.00%
    179   138        4.4808  1481       29.0000        0.0000   999783  100.00%
    182   148       11.8352  2116       29.0000        0.0000  1019188  100.00%
    185   141        4.1725  1462       29.0000        0.0000  1009441  100.00%
    188   142        6.4799  1648       29.0000        0.0000  1013069  100.00%
    190   143        4.2396  1411       29.0000        0.0000  1015705  100.00%
    193   160        9.1797  2078       29.0000        0.0000  1046787  100.00%
    195   155       11.4582  2077       29.0000        0.0000  1032012  100.00%
    199   157       13.0322  2023       29.0000        0.0000  1035633  100.00%
    203   159       13.0472  2022       29.0000        0.0000  1038296  100.00%
Elapsed time = 384.24 sec. (237477.84 ticks, tree = 1.44 MB, solutions = 21)
    205   161       13.0748  2019       29.0000        0.0000  1040786  100.00%
    211   176        5.6177  1941       29.0000        0.0000  1095077  100.00%
    213   196       14.8923  2069       29.0000        0.0000  1118808  100.00%
    218   178        5.9169  1909       29.0000        0.0000  1095812  100.00%
    224   183        6.9243  1941       29.0000        0.0000  1098434  100.00%
    227   185        7.0006  1816       29.0000        0.0000  1101601  100.00%
    230   200       14.9572  2060       29.0000        0.0000  1122882  100.00%
    234   190        5.9367  1839       29.0000        0.0000  1105736  100.00%
    243   194        5.5908  1647       29.0000        0.0000  1108980  100.00%
    266   210       15.5699  1835       29.0000        0.0000  1137413  100.00%
Elapsed time = 409.35 sec. (251795.75 ticks, tree = 1.79 MB, solutions = 21)
    288   250       12.3784  1444       29.0000        0.0000  1199800  100.00%
    309   257       10.8561  1379       29.0000        0.0000  1210870  100.00%
    330   264       13.0186  1440       29.0000        0.0000  1218522  100.00%
    350   285       19.0813  2148       29.0000        0.0000  1253209  100.00%
    382   306       22.6813  1995       29.0000        0.0000  1261640  100.00%
    409   321       20.8729  1931       29.0000        0.0000  1270124  100.00%
    439   410       23.8980  1854       29.0000        0.0000  1404355  100.00%
    478   428       24.7035  1832       29.0000        0.0000  1413906  100.00%
    523   329       14.0704  2264       29.0000        0.0000  1332508  100.00%
    551   368       12.4902  1320       29.0000        0.0000  1388724  100.00%
Elapsed time = 485.97 sec. (291972.21 ticks, tree = 3.51 MB, solutions = 21)
    591   474       25.2433  1659       29.0000        0.0000  1466340  100.00%
    616   490       27.4320  1604       29.0000        0.0000  1476698  100.00%
    653   502        cutoff             29.0000        0.0000  1486697  100.00%
    670   476       17.4817  2180       29.0000        0.0000  1506538  100.00%
    685   482       16.9827  2133       29.0000        0.0000  1515475  100.00%
    708   529       16.9969  1323       29.0000        0.0000  1568630  100.00%
    725   658       16.8312  2097       29.0000        0.0000  1688779  100.00%
    740   665       17.8270  2105       29.0000        0.0000  1698240  100.00%
    754   672       16.5058  2092       29.0000        0.0000  1706279  100.00%
    770   719       17.9544  1155       29.0000        0.0000  1765098  100.00%
Elapsed time = 561.28 sec. (333049.33 ticks, tree = 5.74 MB, solutions = 21)
    781   621        2.0223  2844       29.0000        0.0000  1664906  100.00%
    790   732       16.8530  2092       29.0000        0.0000  1799563  100.00%
    800   771       20.0879  1183       29.0000        0.0000  1849125  100.00%
    811   737       19.2434  2051       29.0000        0.0000  1805406  100.00%
    839   815       23.9216  1156       29.0000        0.0000  1923860  100.00%
    887   855       27.9909   867       29.0000        0.0000  1938449  100.00%
    963   885        cutoff             29.0000        0.0000  1954595  100.00%
    986   811       20.0485  1959       29.0000        0.0000  1929680  100.00%
   1000   860       20.6447  1940       29.0000        0.0000  2019815  100.00%
   1011   818        3.5876  2344       29.0000        0.0000  1996723  100.00%
Elapsed time = 632.09 sec. (373904.37 ticks, tree = 10.00 MB, solutions = 21)
   1019   871       21.0476  1930       29.0000        0.0000  2038933  100.00%
   1032   881       23.7640  1754       29.0000        0.0000  2048100  100.00%
   1056   897       27.6437  1509       29.0000        0.0000  2057704  100.00%
   1062   869        3.0951  1949       29.0000        0.0000  2083008  100.00%
   1065   871        3.7753  1958       29.0000        0.0000  2095431  100.00%
   1067   961        5.5138  2308       29.0000        0.0000  2162979  100.00%
   1071   964        7.9150  2408       29.0000        0.0000  2171935  100.00%
   1078   976        7.8602  2338       29.0000        0.0000  2218582  100.00%
   1086   981        7.7000  2303       29.0000        0.0000  2227202  100.00%
   1090  1011        1.3747  2777       29.0000        0.0000  2328909  100.00%
Elapsed time = 711.30 sec. (416988.11 ticks, tree = 11.05 MB, solutions = 21)
   1096  1018        6.0208  1960       29.0000        0.0000  2359073  100.00%
   1099  1020        4.6766  2071       29.0000        0.0000  2362900  100.00%
   1105  1035        8.7929  2307       29.0000        0.0000  2386354  100.00%
   1113  1039        7.1561  2209       29.0000        0.0000  2389205  100.00%
   1118  1042        9.1323  2309       29.0000        0.0715  2392450   99.75%
   1128  1044        4.8100  2061       29.0000        0.0715  2447249   99.75%
   1137  1042        0.6184  3177       29.0000        0.0715  2498169   99.75%
   1147  1043        0.2436  3072       29.0000        0.0715  2504578   99.75%
   1153  1068        8.2379  2260       29.0000        0.0715  2531616   99.75%
   1157  1070        8.6830  2219       29.0000        0.0715  2538840   99.75%
Elapsed time = 796.13 sec. (463793.38 ticks, tree = 13.90 MB, solutions = 21)
   1161  1088        9.4699  2178       29.0000        0.0715  2602142   99.75%
   1165  1079        6.1860  2128       29.0000        0.0715  2595701   99.75%
   1169  1093       12.2728  2143       29.0000        0.0715  2620655   99.75%
   1171  1095       12.3890  2206       29.0000        0.0715  2628321   99.75%
*  1174+  740                           23.0000        0.0715            99.69%
*  1174+  493                           21.0000        0.0715            99.66%
*  1174+  328                           19.0000        0.0715            99.62%
   1174   329        0.0000  4016       19.0000        0.0715  2779964   99.62%
   1175   330        0.0269  3504       19.0000        0.0715  2812669   99.62%
   1179   220        1.0258  3449       19.0000        0.0715  2821116   99.62%
*  1181+  147                           17.0000        0.0715            99.58%
   1186   152        1.0268  3481       17.0000        0.0715  2830441   99.58%
   1195    66        2.0226  3071       17.0000        0.0715  2841813   99.58%
   1196    73        1.0258  3107       17.0000        0.0715  2886448   99.58%
Elapsed time = 1138.58 sec. (687860.35 ticks, tree = 0.91 MB, solutions = 26)
   1197    74        2.0246  3114       17.0000        0.0715  2900377   99.58%
   1200    77        2.0231  3032       17.0000        0.0715  2909744   99.58%
   1209    38        0.0454  3356       17.0000        0.0715  2938309   99.58%
   1214    36        1.3545  3477       17.0000        0.0715  2997334   99.58%
   1217    35        1.3914  3436       17.0000        0.0715  3004342   99.58%
   1219    40        4.1029  3419       17.0000        0.0715  3043938   99.58%
   1220    44        1.3961  3435       17.0000        0.0715  3116417   99.58%
   1221    43        1.0714  3042       17.0000        0.0715  3122312   99.58%
   1223    47        1.3992  3460       17.0000        0.0715  3166754   99.58%
   1224    41        2.7541  2038       17.0000        0.0715  3079943   99.58%
Elapsed time = 1245.36 sec. (759171.61 ticks, tree = 0.67 MB, solutions = 26)
   1228    54        8.8000  1998       17.0000        0.0715  3311429   99.58%
   1230    48        4.0825  2901       17.0000        0.0715  3195930   99.58%
   1232    56        1.1153  2740       17.0000        0.0715  3396508   99.58%
   1233    55        8.8016  2505       17.0000        0.0715  3342515   99.58%
   1236    58        2.3498  2569       17.0000        0.0715  3413229   99.58%
   1239    61        8.8001  2212       17.0000        0.0715  3445940   99.58%
   1240    55        4.1026  3467       17.0000        0.0715  3387808   99.58%
   1244    65        4.0894  2264       17.0000        0.0715  3495250   99.58%
   1249    66       13.6313  1491       17.0000        0.0715  3537055   99.58%
   1252    67        7.0867  3272       17.0000        0.0715  3511991   99.58%
Elapsed time = 1351.84 sec. (819985.93 ticks, tree = 0.95 MB, solutions = 26)
   1256    71        1.1985  2755       17.0000        0.0715  3615724   99.58%
   1261    79       11.0097  1356       17.0000        0.0715  3663608   99.58%
   1264    81       11.0208  1378       17.0000        0.0715  3669364   99.58%
   1270    86       11.5161  1250       17.0000        0.0715  3680367   99.58%
   1277    90       11.3787  1242       17.0000        0.0715  3685852   99.58%
   1284    94       11.7859  1272       17.0000        0.0715  3696939   99.58%
   1294    92        8.1835  1906       17.0000        0.0715  3762737   99.58%
   1302    99       14.1269  1170       17.0000        0.0715  3718091   99.58%
   1311    84       14.3000  1941       17.0000        0.0715  3735194   99.58%
   1319    99        cutoff             17.0000        0.0715  3785399   99.58%
Elapsed time = 1422.81 sec. (860500.87 ticks, tree = 1.65 MB, solutions = 26)
   1324   112        7.1106  3290       17.0000        0.0715  3865297   99.58%
   1329   114        7.1107  3293       17.0000        0.0715  3870538   99.58%
   1335   116        7.1144  3389       17.0000        0.0715  3878012   99.58%
   1337   109        0.0998  3151       17.0000        0.0715  3847485   99.58%
   1340   133        0.2562  2823       17.0000        0.0715  3994959   99.58%
   1342   117        8.3228  3212       17.0000        0.0715  3906309   99.58%
   1348   137        5.5867  2012       17.0000        0.0715  4011000   99.58%
   1354   142        5.5897  2000       17.0000        0.0715  4016310   99.58%
   1358   144        8.2326  1759       17.0000        0.0715  4025902   99.58%
   1363   162        4.2070  2138       17.0000        0.0715  4156176   99.58%
Elapsed time = 1517.72 sec. (914122.09 ticks, tree = 2.32 MB, solutions = 26)
   1368   158        9.8812  1715       17.0000        0.0715  4131413   99.58%
   1377   159    infeasible             17.0000        0.0715  4134867   99.58%
   1383   168        7.7043  1838       17.0000        0.0715  4167980   99.58%
   1390   163        4.6399  1966       17.0000        0.0715  4140628   99.58%
   1394   164        8.3771  1738       17.0000        0.0715  4148676   99.58%
   1403   179    infeasible             17.0000        0.0715  4320229   99.58%
   1410   181        2.4077  2656       17.0000        0.0715  4326376   99.58%
   1416   167        8.1014  2848       17.0000        0.0715  4294642   99.58%
   1418   164        4.0810  2584       17.0000        0.0715  4278694   99.58%
   1424   193        4.6952  1777       17.0000        0.0715  4358695   99.58%
Elapsed time = 1589.11 sec. (956836.71 ticks, tree = 4.03 MB, solutions = 26)
   1435   194    infeasible             17.0000        0.0715  4361942   99.58%
   1439   196        2.7205  1977       17.0000        0.0715  4365134   99.58%
   1443   218        1.0662  3048       17.0000        0.0715  4476547   99.58%
   1448   208        7.0252  1784       17.0000        0.0715  4446104   99.58%
   1454   209        cutoff             17.0000        0.0715  4455600   99.58%
   1459   209    infeasible             17.0000        0.0715  4464155   99.58%
   1466   200        8.1054  2786       17.0000        0.0715  4453229   99.58%
   1468   215        1.6221  2023       17.0000        0.0715  4479403   99.58%
   1471   215        cutoff             17.0000        0.0715  4492155   99.58%
   1481   223        3.7827  1932       17.0000        0.0715  4525643   99.58%
Elapsed time = 1676.13 sec. (1004163.40 ticks, tree = 5.49 MB, solutions = 26)
   1486   235        4.9642  1827       17.0000        0.0715  4637917   99.58%
   1494   248        1.0387  3290       17.0000        0.0715  4708776   99.58%
   1499   241        7.5230  1758       17.0000        0.0715  4642765   99.58%
   1504   240        1.0958  3150       17.0000        0.0715  4647380   99.58%
   1507   231        8.1057  2862       17.0000        0.0715  4626879   99.58%
   1509   241        1.1622  2911       17.0000        0.0715  4649738   99.58%
   1511   242        1.3966  2831       17.0000        0.0715  4653387   99.58%
   1512   252        1.5526  2208       17.0000        0.0715  4724826   99.58%
   1516   270        2.2039  2614       17.0000        0.0715  4802396   99.58%
   1520   261        4.7759  1778       17.0000        0.0715  4788649   99.58%
Elapsed time = 1753.69 sec. (1052958.04 ticks, tree = 7.05 MB, solutions = 26)
   1525   256        3.2943  3332       17.0000        0.0715  4754539   99.58%
   1530   263        1.0410  3313       17.0000        0.0715  4794790   99.58%
   1533   264        1.0998  3122       17.0000        0.0715  4798029   99.58%
   1539   265        1.1734  3032       17.0000        0.0715  4800466   99.58%
   1542   280        9.8204  2016       17.0000        0.0715  4827980   99.58%
   1546   277        8.3278  3035       17.0000        0.0715  4924696   99.58%
   1550   284        cutoff             17.0000        0.0715  4832173   99.58%
   1557   278        8.3280  2981       17.0000        0.0715  4934525   99.58%
   1560   289        1.0386  3309       17.0000        0.0715  4916274   99.58%
   1563   304        8.4268  3069       17.0000        0.0715  5029278   99.58%
Elapsed time = 1836.09 sec. (1098908.73 ticks, tree = 8.20 MB, solutions = 26)
   1566   292        1.1687  2973       17.0000        0.0715  4921256   99.58%
   1568   306        8.3404  3154       17.0000        0.0715  5053737   99.58%
   1571   300        4.2444  1899       17.0000        0.0715  5002067   99.58%
   1579   294        3.3138  1894       17.0000        0.0715  4949217   99.58%
   1583   298        5.2277  1894       17.0000        0.0715  4951515   99.58%
   1590   324        7.0279  1770       17.0000        0.0715  5166726   99.58%
   1598   327        9.3281  3009       17.0000        0.0715  5235733   99.58%
   1603   330        8.7170  1748       17.0000        0.0715  5193244   99.58%
   1613   319        7.1453  3125       17.0000        0.0715  5134217   99.58%
   1619   320        7.5039  3128       17.0000        0.0715  5142014   99.58%
Elapsed time = 1927.50 sec. (1149708.86 ticks, tree = 9.00 MB, solutions = 26)
   1626   333        1.0523  3237       17.0000        0.0715  5223994   99.58%
   1631   346        8.1290  3125       17.0000        0.0715  5405180   99.58%
   1632   332       12.0645  2688       17.0000        0.0715  5285526   99.58%
   1648   353        8.5128  3100       17.0000        0.0715  5421461   99.58%
   1655   343       12.0652  2623       17.0000        0.0715  5302158   99.58%
   1658   356       10.8430  2460       17.0000        0.0715  5443381   99.58%
   1666   345       14.0541  2471       17.0000        0.0715  5329708   99.58%
   1669   346       14.0718  2506       17.0000        0.0715  5345411   99.58%
   1677   383       14.2367  2553       17.0000        0.0715  5636072   99.58%
   1683   359       10.4548  3114       17.0000        0.0715  5458751   99.58%
Elapsed time = 2011.81 sec. (1198249.76 ticks, tree = 9.57 MB, solutions = 26)
   1686   384        cutoff             17.0000        0.0715  5660405   99.58%
   1690   386       15.2591  1678       17.0000        0.0715  5672754   99.58%
   1696   360       11.5939  2981       17.0000        0.0715  5491801   99.58%
   1698   395        2.8390  1917       17.0000        0.0715  5756713   99.58%
   1702   394        cutoff             17.0000        0.0715  5770535   99.58%
   1704   366       10.3744  2685       17.0000        0.0715  5621928   99.58%
   1707   414       10.9359  2704       17.0000        0.0715  5959870   99.58%
   1713   411        cutoff             17.0000        0.0715  5886881   99.58%
   1718   399        1.1295  3035       17.0000        0.0715  5801901   99.58%
   1725   418       15.2882  1975       17.0000        0.0715  5996749   99.58%
Elapsed time = 2104.59 sec. (1250000.97 ticks, tree = 9.81 MB, solutions = 26)
   1731   417        1.0327  3341       17.0000        0.0715  6006476   99.58%
   1735   423        2.3384  2833       17.0000        0.0715  6113773   99.58%
   1739   424        5.2655  3146       17.0000        0.0715  6121916   99.58%
   1742   425        5.5420  2778       17.0000        0.0715  6130860   99.58%
   1744   433       13.2655  2050       17.0000        0.0715  6234316   99.58%
   1753   441       14.1409  2094       17.0000        0.0715  6246772   99.58%
   1762   444       13.9330  2008       17.0000        0.0715  6256979   99.58%
   1771   446       14.6427  1707       17.0000        0.0715  6271734   99.58%
   1773   440       13.3697  1997       17.0000        0.0715  6182391   99.58%
   1788   447       15.5235  2022       17.0000        0.0715  6191919   99.58%
Elapsed time = 2185.74 sec. (1295037.72 ticks, tree = 10.11 MB, solutions = 26)
   1793   445        2.7609  2634       17.0000        0.0715  6359189   99.58%
   1799   451        1.8085  2853       17.0000        0.0715  6312898   99.58%
   1801   446        3.5997  2636       17.0000        0.0715  6361320   99.58%
   1803   470        2.0661  3895       17.0000        0.0715  6465926   99.58%
   1807   445        0.0000  1915       17.0000        0.0715  6369797   99.58%
   1811   472        2.0669  3853       17.0000        0.0715  6481808   99.58%
   1813   450       14.7621  1989       17.0000        0.0715  6405955   99.58%
   1816   473        2.1150  3721       17.0000        0.0715  6499473   99.58%
   1817   491       14.3177  2629       17.0000        0.0715  6639030   99.58%
   1824   491        cutoff             17.0000        0.0715  6649931   99.58%
Elapsed time = 2272.54 sec. (1342692.69 ticks, tree = 10.85 MB, solutions = 26)
   1827   474        2.3512  3376       17.0000        0.0715  6521921   99.58%
   1828   475        2.2074  3443       17.0000        0.0715  6530808   99.58%
   1829   492        2.1074  3673       17.0000        0.0715  6675043   99.58%
   1832   476        3.2512  3124       17.0000        0.0715  6548476   99.58%
   1834   449        0.0434  3747       17.0000        0.0715  6459367   99.58%
   1836   501        5.2272  3620       17.0000        0.0715  6746315   99.58%
   1838   515        2.2583  3069       17.0000        0.0715  7020308   99.58%
   1841   502        6.1254  2585       17.0000        0.0715  6763128   99.58%
   1845   511        0.0422  3708       17.0000        0.0715  6935313   99.58%
   1847   518        2.7299  2368       17.0000        0.0715  7052014   99.58%
Elapsed time = 2367.16 sec. (1394610.54 ticks, tree = 10.93 MB, solutions = 26)
   1851   520        6.4022  3568       17.0000        0.0715  7094816   99.58%
   1852   507        cutoff             17.0000        0.0715  6883222   99.58%
   1861   523        5.9876  1947       17.0000        0.0715  7092229   99.58%
   1864   525        6.4477  1933       17.0000        0.0715  7102293   99.58%
   1872   514        0.4980  3139       17.0000        0.0715  6991996   99.58%
   1880   529        7.5848  2482       17.0000        0.0715  7137403   99.58%
   1884   544        1.4898  3109       17.0000        0.0715  7312622   99.58%
   1887   529        8.3551  2651       17.0000        0.0715  7153251   99.58%
   1892   533        9.1822  2615       17.0000        0.0715  7161683   99.58%
   1894   534       10.1577  2619       17.0000        0.0715  7171493   99.58%
Elapsed time = 2457.32 sec. (1443007.91 ticks, tree = 11.43 MB, solutions = 26)
   1902   553        0.6925  2790       17.0000        0.0715  7331014   99.58%
   1912   557        1.6800  2713       17.0000        0.0715  7340060   99.58%
   1915   558        2.2975   677       17.0000        0.0715  7349266   99.58%
   1924   563        1.6946  2798       17.0000        0.0715  7356729   99.58%
   1928   567        1.6983  2789       17.0000        0.0715  7358589   99.58%
   1933   572        1.8884  2732       17.0000        0.0715  7368406   99.58%
   1938   597        1.8907  2646       17.0000        0.0715  7666197   99.58%
   1943   599        3.7678  2333       17.0000        0.0715  7676866   99.58%
   1949   604        2.6865  2709       17.0000        0.0715  7685137   99.58%
   1950   605        5.7855  2589       17.0000        0.0715  7693803   99.58%
Elapsed time = 2555.31 sec. (1492743.96 ticks, tree = 11.41 MB, solutions = 26)
   1954   564        2.3856  3534       17.0000        0.0715  7478681   99.58%
   1956   609        6.6197  2701       17.0000        0.0715  7703672   99.58%
   1963   615        6.8047  2406       17.0000        0.0715  7713469   99.58%
   1970   621        8.7671  2404       17.0000        0.0715  7723269   99.58%
   1982   626        9.7848  2563       17.0000        0.0715  7731065   99.58%
   1991   633        8.8454  2512       17.0000        0.0715  7739471   99.58%
   1999   638       11.7663  2391       17.0000        0.0715  7747804   99.58%
   2005   655       10.8548  2335       17.0000        0.0715  8098402   99.58%
   2010   601        2.5648  3067       17.0000        0.0715  7889000   99.58%
   2013   661       14.2454  2257       17.0000        0.0715  8121601   99.58%
Elapsed time = 2641.20 sec. (1539329.64 ticks, tree = 12.23 MB, solutions = 26)
   2021   668       11.8489  2197       17.0000        0.0715  8131046   99.58%
   2026   622        4.9225  2351       17.0000        0.0715  7959525   99.58%
   2030   674       12.3824  2126       17.0000        0.0715  8152406   99.58%
   2042   682       13.6187  2053       17.0000        0.0715  8162530   99.58%
   2053   689        cutoff             17.0000        0.0715  8171258   99.58%
   2065   682        2.0114  2006       17.0000        0.0715  8329836   99.58%
   2072   690        cutoff             17.0000        0.0715  8193595   99.58%
   2077   688        2.2508  2024       17.0000        0.0715  8350420   99.58%
   2086   670        3.3396  2945       17.0000        0.0715  8299835   99.58%
   2088   687        4.1774  1538       17.0000        0.0715  8451371   99.58%
Elapsed time = 2718.98 sec. (1582974.13 ticks, tree = 12.38 MB, solutions = 26)
   2092   692        3.2168  1958       17.0000        0.0715  8359326   99.58%
   2101   698        3.1332  1980       17.0000        0.0715  8370705   99.58%
   2108   740        3.3184  2007       17.0000        0.0715  8715464   99.58%
   2119   707        3.2931  1915       17.0000        0.0715  8396247   99.58%
   2126   722        3.3642  3366       17.0000        0.0715  8605935   99.58%
   2130   723        5.2354  3469       17.0000        0.0715  8614085   99.58%
   2139   727        5.2819  3404       17.0000        0.0715  8620864   99.58%
   2148   755        4.5233  1880       17.0000        0.0715  8771938   99.58%
   2158   774        7.3859  1608       17.0000        0.0715  8846392   99.58%
   2169   758        4.5478  1841       17.0000        0.0715  8775772   99.58%
Elapsed time = 2805.26 sec. (1627626.93 ticks, tree = 12.65 MB, solutions = 26)
   2187   787        5.2000  1717       17.0000        0.0715  8870010   99.58%
   2199   778        4.5852  1881       17.0000        0.0715  8790812   99.58%
   2207   738       10.7572  2093       17.0000        0.0715  8670195   99.58%
   2218   786       10.3779  1916       17.0000        0.0715  8808552   99.58%
   2231   801        9.9537  1097       17.0000        0.0715  8914510   99.58%
   2250   813        6.3138  1109       17.0000        0.0715  8927577   99.58%
   2269   856       11.5308  1430       17.0000        0.0715  9232281   99.58%
   2303   863       11.9307  1360       17.0000        0.0715  9242967   99.58%
   2332   799       15.5482  1198       17.0000        0.0715  8971837   99.58%
   2345   821        8.3649  3004       17.0000        0.0715  9137694   99.58%
Elapsed time = 2880.76 sec. (1668071.52 ticks, tree = 13.07 MB, solutions = 26)
   2349   934        0.4539  2593       17.0000        0.0715  9382170   99.58%
   2353   823        8.5673  2505       17.0000        0.0715  9153289   99.58%
   2365   833        8.6220  2393       17.0000        0.0715  9163237   99.58%
   2371   837        9.2333  1904       17.0000        0.0715  9174609   99.58%
   2378   843       10.5575  1644       17.0000        0.0715  9185204   99.58%
   2383   848       11.3117  1604       17.0000        0.0715  9197450   99.58%
   2390   943        0.7608  2531       17.0000        0.0715  9412735   99.58%
   2398   800       14.0026  3245       17.0000        0.0715  9047488   99.58%
   2415   964        0.8677  2387       17.0000        0.0715  9433734   99.58%
   2422   942       14.0261  3009       17.0000        0.0715  9520359   99.58%
Elapsed time = 2956.46 sec. (1711966.55 ticks, tree = 13.49 MB, solutions = 26)
   2433   978        6.2410  1666       17.0000        0.0715  9470071   99.58%
   2441   954        1.2325  4034       17.0000        0.0715  9567128   99.58%
   2460  1066       13.9322  1486       17.0000        0.0726  9780047   99.57%
   2470   956        2.2072  4009       17.0000        0.0726  9580248   99.57%
   2473   949       15.2410  1928       17.0000        0.0726  9573770   99.57%
   2484   951        1.6734  2791       17.0000        0.0726  9583838   99.57%
   2496   955        2.8369  2663       17.0000        0.0726  9592550   99.57%
   2500  1009        3.0286  1048       17.0000        0.0726  9728429   99.57%
   2509  1075        6.2162  2091       17.0000        0.0726  9844466   99.57%
   2514  1071        6.9074  1433       17.0000        0.0726  9877103   99.57%
Elapsed time = 3040.05 sec. (1756579.28 ticks, tree = 13.87 MB, solutions = 26)
   2520  1080        8.8370  2079       17.0000        0.0726  9865384   99.57%
   2527  1084        8.9588  2111       17.0000        0.0726  9875343   99.57%
   2540  1092        5.1970  1656       17.0000        0.0726 10063506   99.57%
   2555  1094        7.3586   845       17.0000        0.0726  9984813   99.57%
   2588  1097        6.0388  1129       17.0000        0.0726 10079698   99.57%
   2607  1109        8.9473   792       17.0000        0.0726  9997116   99.57%
   2622  1089       10.9927  2549       17.0000        0.0726  9933614   99.57%
   2637  1093       14.5893  1351       17.0000        0.0726  9944115   99.57%
   2641  1096       12.2937  2457       17.0000        0.0726  9952277   99.57%
   2649  1157        4.8476  2427       17.0000        0.0726 10265397   99.57%
Elapsed time = 3119.42 sec. (1798061.66 ticks, tree = 14.01 MB, solutions = 26)
   2657  1161        5.9433  2437       17.0000        0.0726 10274709   99.57%
   2664  1119        3.8298  1760       17.0000        0.0726 10049336   99.57%
   2671  1122        5.5853  1770       17.0000        0.0726 10057440   99.57%
   2677  1212        6.9540  1969       17.0000        0.0726 10401359   99.57%
   2684  1216        8.8339  2203       17.0000        0.0726 10411691   99.57%
   2690  1244        1.7653  2620       17.0000        0.0726 10545310   99.57%
   2696  1221       12.2704   799       17.0000        0.0726 10436826   99.57%
   2701  1226       14.3838   780       17.0000        0.0726 10442553   99.57%
   2720  1248        4.1394  2100       17.0000        0.0726 10576228   99.57%
   2730  1188        1.8435  2475       17.0000        0.0726 10372825   99.57%
Elapsed time = 3202.69 sec. (1843164.44 ticks, tree = 14.49 MB, solutions = 26)
   2749  1257       15.7883  1603       17.0000        0.0726 10604724   99.57%
   2754  1257        1.8475  2533       17.0000        0.0726 10613910   99.57%
   2759  1290        7.9805  1720       17.0000        0.0726 10739757   99.57%
   2767  1297       12.7418  1774       17.0000        0.0726 10751058   99.57%
   2791  1322       14.9294  1532       17.0000        0.0726 10845978   99.57%
   2800  1307       13.8050  1591       17.0000        0.0726 10764771   99.57%
   2807  1325        2.0531  2696       17.0000        0.0726 10861372   99.57%
   2811  1309        2.6504  2597       17.0000        0.2992 10786001   98.24%
   2818  1311        3.7419  2590       17.0000        0.2992 10795975   98.24%
   2829  1333        2.6093  1554       17.0000        0.2992 10884104   98.24%
Elapsed time = 3276.07 sec. (1883890.20 ticks, tree = 14.66 MB, solutions = 26)
   2838  1328        2.2239  3896       17.0000        0.2992 10968975   98.24%
   2846  1314       11.8110  1599       17.0000        0.2992 10828318   98.24%
   2862  1358        7.3214  2035       17.0000        0.2992 11153255   98.24%
   2873  1333        2.4662  3415       17.0000        0.2992 10989519   98.24%
   2883  1367        8.4299  1980       17.0000        0.2992 11180845   98.24%
   2889  1377        5.7675  2405       17.0000        0.2992 11240119   98.24%
   2896  1400        4.5749  1906       17.0000        0.2992 11324114   98.24%
   2904  1403        4.6232  2162       17.0000        0.2992 11331628   98.24%
   2916  1388       12.6824  1606       17.0000        0.2992 11279617   98.24%
   2939  1371        5.1825  2101       17.0000        0.2992 11243637   98.24%
Elapsed time = 3357.88 sec. (1927709.31 ticks, tree = 15.27 MB, solutions = 26)
   2949  1445        8.0369  2054       17.0000        0.2992 11532025   98.24%
   2956  1417        4.0936  2422       17.0000        0.2992 11395525   98.24%
   2971  1454       14.9005  1599       17.0000        0.2992 11556046   98.24%
   2979  1405        9.8850  1673       17.0000        0.2992 11340751   98.24%
   2987  1425        9.8480  1429       17.0000        0.2992 11421851   98.24%
   3006  1439       13.4231  1313       17.0000        0.2992 11431721   98.24%
   3018  1458        4.1341  2102       17.0000        0.2992 11597653   98.24%
   3024  1462        7.0117  2096       17.0000        0.3297 11608211   98.06%
   3033  1419        7.3939  2377       17.0000        0.3343 11417067   98.03%
   3048  1473       13.3031  1635       17.0000        0.3343 11631108   98.03%
Elapsed time = 3433.04 sec. (1967962.11 ticks, tree = 15.34 MB, solutions = 26)
   3071  1484       13.7244  1596       17.0000        0.3343 11713360   98.03%
   3081  1485       12.7350  1627       17.0000        0.3343 11725551   98.03%
   3106  1501       14.9387  1551       17.0000        0.3343 11739098   98.03%
   3113  1502        1.8674  2506       17.0000        0.3343 11748951   98.03%
   3116  1509       10.4159  1235       17.0000        0.3343 11816617   98.03%
   3129  1549        5.2753  1371       17.0000        0.3343 11882600   98.03%
   3164  1563        9.7755  1339       17.0000        0.3343 11892480   98.03%
   3184  1519        1.8602  2483       17.0000        0.3343 11849060   98.03%
   3189  1521        2.9678  2377       17.0000        0.3343 11858579   98.03%
   3197  1572        1.6048  3356       17.0000        0.6290 11911421   96.30%
Elapsed time = 3514.04 sec. (2010169.73 ticks, tree = 15.72 MB, solutions = 26)
   3216  1631       15.2344  1558       17.0000        0.6290 12155072   96.30%
   3230  1631        1.8050  2514       17.0000        0.6290 12165448   96.30%
   3242  1624        9.2635  2065       17.0000        0.6290 12105257   96.30%
   3255  1634        3.3388  2010       17.0000        0.6290 12187064   96.30%
   3271  1636        4.7489  2041       17.0000        0.6290 12197066   96.30%
   3293  1662        cutoff             17.0000        0.6290 12309310   96.30%
   3307  1743       12.2305  1756       17.0000        0.6290 12508643   96.30%
   3339  1694       10.8280  1404       17.0000        0.6290 12378512   96.30%
   3367  1708       14.4457  1369       17.0000        0.6290 12388789   96.30%
   3378  1659        1.9431  2443       17.0000        0.6290 12248226   96.30%
Elapsed time = 3589.02 sec. (2051237.17 ticks, tree = 15.92 MB, solutions = 26)
   3386  1750        1.9331  2442       17.0000        0.6290 12547513   96.30%

Cover cuts applied:  894
Flow cuts applied:  481
Mixed integer rounding cuts applied:  271
Zero-half cuts applied:  43

Root node processing (before b&c):
  Real time             =   74.54 sec. (49948.38 ticks)
Parallel b&c, 4 threads:
  Real time             = 3525.47 sec. (2009481.33 ticks)
  Sync time (average)   =  111.72 sec.
  Wait time (average)   =    0.00 sec.
                          ------------
Total (root+branch&cut) = 3600.01 sec. (2059429.71 ticks)
Solution status = Feasible
Solution value  = 17
