CPXPARAM_TimeLimit                               3600
CPXPARAM_Threads                                 4
Tried aggregator 1 time.
MIP Presolve eliminated 0 rows and 10 columns.
MIP Presolve modified 3420 coefficients.
Reduced MIP has 3964 rows, 5592 columns, and 40270 nonzeros.
Reduced MIP has 5592 binaries, 0 generals, 0 SOSs, and 0 indicators.
Presolve time = 0.02 sec. (17.73 ticks)
Found incumbent of value 342.000000 after 0.06 sec. (69.07 ticks)
Probing time = 0.01 sec. (2.92 ticks)
Tried aggregator 1 time.
Reduced MIP has 3964 rows, 5592 columns, and 40270 nonzeros.
Reduced MIP has 5592 binaries, 0 generals, 0 SOSs, and 0 indicators.
Presolve time = 0.02 sec. (23.38 ticks)
Probing time = 0.01 sec. (3.64 ticks)
Clique table members: 525.
MIP emphasis: balance optimality and feasibility.
MIP search method: dynamic search.
Parallel mode: deterministic, using up to 4 threads.
Root relaxation solution time = 0.47 sec. (514.97 ticks)

        Nodes                                         Cuts/
   Node  Left     Objective  IInf  Best Integer    Best Bound    ItCnt     Gap

*     0+    0                          342.0000        0.0000           100.00%
*     0+    0                          305.0000        0.0000           100.00%
*     0+    0                          232.0000        0.0000           100.00%
      0     0        0.0000  2755      232.0000        0.0000        6  100.00%
*     0+    0                          202.0000        0.0000           100.00%
      0     0        0.0000  3169      202.0000     Cuts: 885     7633  100.00%
*     0+    0                          190.0000        0.0000           100.00%
      0     0       -0.0000  3710      190.0000     Cuts: 995    16482  100.00%
Heuristic still looking.
*     0+    0                          173.0000        0.0000           100.00%
      0     2       -0.0000  3292      173.0000        0.0000    16482  100.00%
Elapsed time = 73.60 sec. (49188.48 ticks, tree = 0.01 MB, solutions = 6)
      1     3        0.0085  2817      173.0000        0.0000    45945  100.00%
*     2+    1                          172.0000        0.0000           100.00%
      2     3        0.0000  1705      172.0000        0.0000    30803  100.00%
*     3+    2                          163.0000        0.0000           100.00%
*     3+    2                          142.0000        0.0000           100.00%
*     3+    2                          111.0000        0.0000           100.00%
*     3+    2                          110.0000        0.0000           100.00%
*     3+    2                          109.0000        0.0000           100.00%
      3     4        0.0242  2785      109.0000        0.0000    59482  100.00%
      4     4        0.1517  2554      109.0000        0.0000    89958  100.00%
      5     6        0.8550  2723      109.0000        0.0000   110638  100.00%
*     6+    3                           93.0000        0.0000           100.00%
*     6+    3                           92.0000        0.0000           100.00%
*     6+    3                           91.0000        0.0000           100.00%
      6     5        0.0000  2070       91.0000        0.0000    87001  100.00%
      7     8        0.9239  2684       91.0000        0.0000   173285  100.00%
      8     9        2.4656  2886       91.0000        0.0000   179125  100.00%
      9     5        0.0384  3214       91.0000        0.0000   119648  100.00%
     10    10        0.9868  2643       91.0000        0.0000   180932  100.00%
Elapsed time = 157.60 sec. (109563.73 ticks, tree = 0.01 MB, solutions = 19)
     11     7        1.0544  3064       91.0000        0.0000   165529  100.00%
     12    13        2.0685  2854       91.0000        0.0000   283675  100.00%
     13    14        1.1560  3253       91.0000        0.0000   329295  100.00%
     14    10        0.2880  3261       91.0000        0.0000   282295  100.00%
     16     9        0.2499  3492       91.0000        0.0000   244764  100.00%
     17    17        2.5273  3149       91.0000        0.0000   387791  100.00%
     18    14        2.4498  3039       91.0000        0.0000   312780  100.00%
     19    18        3.3135  2985       91.0000        0.0000   392900  100.00%
     21    20        2.1957  2853       91.0000        0.0000   491075  100.00%
     23    19        1.1796  3372       91.0000        0.0000   460078  100.00%
Elapsed time = 221.58 sec. (146653.08 ticks, tree = 0.02 MB, solutions = 19)
     25    21        2.7939  2766       91.0000        0.0000   498090  100.00%
     27    20        0.7607  3297       91.0000        0.0000   467457  100.00%
     28    22        3.5981  2903       91.0000        0.0000   504679  100.00%
     30    23        2.2590  2806       91.0000        0.0000   507602  100.00%
     32    26        0.8768  3244       91.0000        0.0000   544360  100.00%
     34    24        3.8489  2764       91.0000        0.0000   516711  100.00%
     37    30        1.2793  3201       91.0000        0.0000   576141  100.00%
     39    28        1.4837  2821       91.0000        0.0000   556992  100.00%
     41    41        1.3546  3154       91.0000        0.0000   634878  100.00%
     42    34        3.9866  2638       91.0000        0.0000   601862  100.00%
Elapsed time = 256.04 sec. (166781.08 ticks, tree = 0.04 MB, solutions = 19)
     45    24        3.5653  3011       91.0000        0.0000   526019  100.00%
     50    39        1.7053  2704       91.0000        0.0000   622258  100.00%
     52    45        3.5780  3074       91.0000        0.0000   642701  100.00%
     55    47        2.2547  2758       91.0000        0.0000   645556  100.00%
     57    48        3.5094  2823       91.0000        0.0000   646865  100.00%
     61    56        4.1192  2870       91.0000        0.0000   682077  100.00%
     64    49        7.5581  2573       91.0000        0.0000   674962  100.00%
     69    44        4.3870  2862       91.0000        0.0000   662448  100.00%
     72    60        4.3209  2533       91.0000        0.0000   687435  100.00%
     74    62        4.7575  2472       91.0000        0.0000   689437  100.00%
Elapsed time = 279.71 sec. (181752.35 ticks, tree = 0.68 MB, solutions = 19)
     79    64        4.6836  2273       91.0000        0.0000   691550  100.00%
     82    65        4.4448  2683       91.0000        0.0000   693347  100.00%
     85    53        6.9495  2542       91.0000        0.0000   683031  100.00%
     89    68        5.4315  2016       91.0000        0.0000   695011  100.00%
     92    55        8.7182  2476       91.0000        0.0000   687601  100.00%
     96    72        6.2285  2111       91.0000        0.0000   700160  100.00%
    100    96        8.1512  2021       91.0000        0.0000   771976  100.00%
    105    76        7.1531  2426       91.0000        0.0000   751651  100.00%
    108   101        9.0335  1860       91.0000        0.0000   775559  100.00%
    112    65        5.5249  2713       91.0000        0.0000   732902  100.00%
Elapsed time = 302.13 sec. (195496.08 ticks, tree = 1.69 MB, solutions = 19)
    114   104        8.9097  1869       91.0000        0.0000   778851  100.00%
    119   107        7.7830  1809       91.0000        0.0000   781414  100.00%
    121   105        6.1856  2325       91.0000        0.0000   794431  100.00%
    125    66        6.6967  2857       91.0000        0.0000   740750  100.00%
    130    79        8.5009  2502       91.0000        0.0000   758300  100.00%
    135    80        7.1595  2450       91.0000        0.0000   759950  100.00%
    137   116        7.7709  1737       91.0000        0.0000   793251  100.00%
    139   108        7.2610  2466       91.0000        0.0000   801040  100.00%
    143   111        7.3331  2056       91.0000        0.0000   801100  100.00%
    145   109        8.4727  2472       91.0000        0.0000   804545  100.00%
Elapsed time = 325.94 sec. (208264.78 ticks, tree = 1.64 MB, solutions = 19)
    146   110        8.5208  2413       91.0000        0.0000   807263  100.00%
    151   149        7.7762  1652       91.0000        0.0000   871456  100.00%
    154   150        8.9910  1709       91.0000        0.0000   873159  100.00%
    158   153        8.3965  1679       91.0000        0.0000   875053  100.00%
    164   124        8.7515  2151       91.0000        0.0000   850355  100.00%
    167   113        6.7598  2715       91.0000        0.0000   838229  100.00%
    169   115       12.0529  2329       91.0000        0.0000   816765  100.00%
*   171+  155                           78.0000        0.0000           100.00%
    171   127        8.7262  2226       78.0000        0.0000   858400  100.00%
    175   129        8.1904  2044       78.0000        0.0000   861072  100.00%
    180   115        6.8734  2665       78.0000        0.0000   846188  100.00%
Elapsed time = 347.79 sec. (222289.11 ticks, tree = 3.36 MB, solutions = 20)
    185   160       12.0380  2378       78.0000        0.0000   895910  100.00%
    190   177        8.1752  1632       78.0000        0.0000   904506  100.00%
    194   163       11.2625  2300       78.0000        0.0000   900710  100.00%
    196   164       14.0317  2369       78.0000        0.0000   902446  100.00%
    197   133        6.8527  1979       78.0000        0.0000   869739  100.00%
    200   179        8.6049  1613       78.0000        0.0000   905872  100.00%
    205   165       12.0218  2379       78.0000        0.0000   904817  100.00%
    212   184        8.6622  1505       78.0000        0.0000   909909  100.00%
    218   187        7.9360  1987       78.0000        0.0000   955789  100.00%
    224   188        9.8359  1230       78.0000        0.0000   913409  100.00%
Elapsed time = 369.70 sec. (235100.39 ticks, tree = 3.39 MB, solutions = 20)
    228   189        9.0673  1948       78.0000        0.0000   960629  100.00%
    234   177        9.2324  2690       78.0000        0.0000   942950  100.00%
    237   191       11.3087  1516       78.0000        0.0000   920538  100.00%
    240   191        9.6023  2326       78.0000        0.0000   964691  100.00%
    243   192        8.1676  1934       78.0000        0.0000   966428  100.00%
    249   234       12.3795  1680       78.0000        0.0000   999888  100.00%
    253   212       12.2870  2260       78.0000        0.0000   983658  100.00%
    255   213       13.4484  2202       78.0000        0.0000   986285  100.00%
    258   236       11.5600  1689       78.0000        0.0000  1001207  100.00%
    261   237       12.3197  1664       78.0000        0.0000  1002882  100.00%
Elapsed time = 389.91 sec. (247010.04 ticks, tree = 3.45 MB, solutions = 20)
    264   238       12.1886  1670       78.0000        0.0000  1004590  100.00%
    267   199       10.2146  1892       78.0000        0.0000   980696  100.00%
    270   241       11.6193  1536       78.0000        0.0000  1008115  100.00%
    275   244       13.6670  1591       78.0000        0.0000  1011280  100.00%
    280   245       13.8103  1761       78.0000        0.0000  1014053  100.00%
    282   255       10.8029  1889       78.0000        0.0000  1057811  100.00%
    284   256       11.6135  1880       78.0000        0.0000  1059872  100.00%
    286   246       14.2157  1624       78.0000        0.0000  1015611  100.00%
    291   248       14.5702  1729       78.0000        0.0000  1018529  100.00%
    307   274       15.4144  1726       78.0000        0.0000  1083173  100.00%
Elapsed time = 416.87 sec. (262948.70 ticks, tree = 3.49 MB, solutions = 20)
    325   289        7.9001  2546       78.0000        0.0000  1123447  100.00%
    345   319       12.3440  1924       78.0000        0.0000  1154595  100.00%
    363   295       16.0328  1680       78.0000        0.0000  1095441  100.00%
    383   301       18.2272  1589       78.0000        0.0000  1102785  100.00%
    396   334       15.0919  1923       78.0000        0.0000  1172973  100.00%
    410   304       16.3024  2092       78.0000        0.0000  1134167  100.00%
    425   358       22.0398  1322       78.0000        0.0000  1193293  100.00%
    466   430       15.6077  1795       78.0000        0.0000  1279686  100.00%
    480   437       18.5012  1618       78.0000        0.0000  1285941  100.00%
    506   449       19.9692  1556       78.0000        0.0000  1294047  100.00%
Elapsed time = 487.10 sec. (303187.99 ticks, tree = 3.75 MB, solutions = 20)
*   511+  446                           68.0000        0.0000           100.00%
    528   374       11.9437  2251       68.0000        0.0000  1246869  100.00%
    553   466       19.9324  1556       68.0000        0.0000  1304606  100.00%
    586   477       21.3788  1414       68.0000        0.0000  1309802  100.00%
    633   502       19.9920  2191       68.0000        0.0000  1388672  100.00%
    671   590       29.0193  1183       68.0000        0.0000  1428942  100.00%
    725   621       31.2526  1088       68.0000        0.0000  1438686  100.00%
    787   650       32.3811   989       68.0000        0.0000  1446412  100.00%
    889   646       36.6194   920       68.0000        0.0000  1467702  100.00%
    993   690       28.7060  1650       68.0000        0.0000  1491374  100.00%
   1106   683       42.3150   536       68.0000        0.0000  1480821  100.00%
Elapsed time = 555.47 sec. (341921.62 ticks, tree = 4.67 MB, solutions = 21)
   1258  1079       47.3707   461       68.0000        0.0000  1555543  100.00%
   1521  1288       61.3065   130       68.0000        0.0000  1568986  100.00%
   1683  1075       35.8735  1350       68.0000        0.0000  1635190  100.00%
   1740  1104       40.9742  1122       68.0000        0.0000  1644953  100.00%
   1780  1129       44.0511  1105       68.0000        0.0000  1655382  100.00%
*  1792+ 1153                           62.0000        0.0000           100.00%
*  1792+ 1153                           58.0000        0.0000           100.00%
   1802  1140       46.2243   888       58.0000        0.0000  1661914  100.00%
*  1830+ 1174                           55.0000        0.0000           100.00%
*  1830+ 1174                           54.0000        0.0000           100.00%
*  1830+ 1174                           52.0000        0.0000           100.00%
   1844  1287       48.8973   954       52.0000        0.0000  1735319  100.00%
*  1852+ 1093                           49.0000        0.0000           100.00%
*  1852+ 1071                           48.0000        0.0000           100.00%
   1859  1156       -0.0000  1507       48.0000        0.0000  1682245  100.00%
   1861  1177        0.9425  3122       48.0000        0.0000  1715730  100.00%
   1864  1455        0.1417  3309       48.0000        0.0000  1836669  100.00%
Elapsed time = 625.07 sec. (389675.78 ticks, tree = 8.21 MB, solutions = 31)
*  1865+  970                           47.0000        0.0000           100.00%
*  1865+  646                           41.0000        0.0000           100.00%
*  1865+  430                           36.0000        0.0000           100.00%
*  1865+  286                           33.0000        0.0000           100.00%
*  1865+  190                           31.0000        0.0000           100.00%
*  1865+  126                           28.0000        0.0000           100.00%
   1865   127        0.0000  4208       28.0000        0.0000  1958050  100.00%
   1866   128        0.0451  3769       28.0000        0.0000  1990315  100.00%
*  1867+   84                           26.0000        0.0000           100.00%
*  1867+   56                           17.0000        0.0000           100.00%
*  1867+   38                           16.0000        0.0000           100.00%
*  1867+   25                           15.0000        0.0000           100.00%
   1867    27        0.0000  2259       15.0000        0.0000  1974481  100.00%
   1869    27        2.1441  3655       15.0000        0.0000  2021083  100.00%
   1870    30        2.1733  3577       15.0000        0.0000  2060376  100.00%
   1874    21        2.1741  3562       15.0000        0.0000  2072394  100.00%
   1876    11        0.0000  1500       15.0000        0.0000  2021988  100.00%
   1879    14        3.2563  2672       15.0000        0.0000  2113392  100.00%
   1882    22        1.1970  3510       15.0000        0.0000  2267452  100.00%
   1884    16        4.2445  3561       15.0000        0.0000  2223978  100.00%
Elapsed time = 1030.03 sec. (659210.40 ticks, tree = 0.02 MB, solutions = 45)
   1885    11        1.4885  3644       15.0000        0.0000  2178309  100.00%
   1887    22        1.2144  3404       15.0000        0.0000  2348779  100.00%
   1890    15        2.5131  3592       15.0000        0.0000  2209027  100.00%
   1899    25        3.2548  3555       15.0000        0.0000  2394261  100.00%
   1904    27        3.2666  3542       15.0000        0.0000  2401448  100.00%
   1908    29        5.2569  3514       15.0000        0.0000  2407112  100.00%
   1918    31        4.1102  3386       15.0000        0.0000  2420158  100.00%
   1921    52        3.2701  3524       15.0000        0.0000  2523585  100.00%
   1926    56        4.2693  3548       15.0000        0.0000  2529713  100.00%
   1931    61        4.2697  3493       15.0000        0.0000  2534522  100.00%
Elapsed time = 1112.18 sec. (708722.15 ticks, tree = 0.83 MB, solutions = 45)
   1935    57        5.2359  3332       15.0000        0.0000  2548433  100.00%
   1937    59        5.2840  3346       15.0000        0.0000  2557324  100.00%
   1940    62        3.2973  3432       15.0000        0.0000  2537460  100.00%
   1947    70        5.2797  3398       15.0000        0.0000  2578899  100.00%
   1951    64        4.2218  3361       15.0000        0.0000  2580639  100.00%
   1956    67        4.1615  3359       15.0000        0.0000  2588539  100.00%
   1962    85        6.3642  3308       15.0000        0.0000  2679367  100.00%
   1969    98        6.2727  3380       15.0000        0.0000  2736232  100.00%
   1970    88        7.0739  3159       15.0000        0.0000  2693339  100.00%
   1973    90        8.4321  3191       15.0000        0.0000  2700431  100.00%
Elapsed time = 1187.83 sec. (755259.36 ticks, tree = 1.42 MB, solutions = 45)
   1976   105        8.4554  3187       15.0000        0.0000  2767189  100.00%
   1977   109        4.4457  3095       15.0000        0.0000  2845525  100.00%
   1987   113       11.1153  2420       15.0000        0.0000  2777452  100.00%
   2012   117        6.4110  3013       15.0000        0.0000  2857178  100.00%
   2020   121        9.5168  3017       15.0000        0.0000  2864394  100.00%
   2024   130        0.2709  3633       15.0000        0.0000  2786999  100.00%
   2032   132        7.4851  2962       15.0000        0.0000  2925025  100.00%
   2039   114       11.6929  2472       15.0000        0.0000  2918245  100.00%
   2041   138        8.5392  2689       15.0000        0.0000  2941084  100.00%
   2045   141        8.7622  2963       15.0000        0.0000  2946991  100.00%
Elapsed time = 1262.76 sec. (801016.30 ticks, tree = 4.28 MB, solutions = 45)
   2048   171        8.8592  2887       15.0000        0.0000  3016170  100.00%
   2057   178        9.0544  2845       15.0000        0.0000  3022083  100.00%
   2067   180        cutoff             15.0000        0.0000  3028841  100.00%
   2074   182       10.0200  2615       15.0000        0.0000  3034187  100.00%
   2078   183       10.8436  2658       15.0000        0.0000  3039694  100.00%
   2087   182        cutoff             15.0000        0.0000  3044461  100.00%
   2102   197       12.7849  2617       15.0000        0.0000  3136790  100.00%
   2109   200        cutoff             15.0000        0.0000  3142389  100.00%
   2114   202       13.1848  2431       15.0000        0.0000  3148273  100.00%
   2120   201        4.2071  3477       15.0000        0.0000  3241755  100.00%
Elapsed time = 1341.17 sec. (844433.22 ticks, tree = 7.02 MB, solutions = 45)
   2121   196        8.2542  3208       15.0000        0.0000  3213820  100.00%
   2122   209        cutoff             15.0000        0.0000  3307128  100.00%
   2125   211       13.0491  2026       15.0000        0.0000  3314099  100.00%
   2138   205        5.2487  2212       15.0000        0.0000  3268895  100.00%
   2149   209        cutoff             15.0000        0.0000  3328298  100.00%
   2156   235        9.4774  3256       15.0000        0.0000  3346451  100.00%
   2163   239       10.3640  3076       15.0000        0.0000  3352154  100.00%
   2174   244       12.1620  2961       15.0000        0.0000  3357491  100.00%
*  2184+  244                           13.0000        0.0000           100.00%
   2186   221        0.1188  3685       13.0000        0.0000  3340647  100.00%
   2191   223        9.4952  2663       13.0000        0.0000  3457223  100.00%
Elapsed time = 1418.99 sec. (891107.61 ticks, tree = 7.35 MB, solutions = 46)
   2192   224        9.5414  2150       13.0000        0.0000  3463741  100.00%
   2199   224        1.2657  3638       13.0000        0.0000  3469325  100.00%
   2204   242        0.4180  3227       13.0000        0.0000  3457375  100.00%
   2209   226        3.4834  3613       13.0000        0.0000  3485012  100.00%
   2211   245        3.0148  3291       13.0000        0.0000  3570084  100.00%
   2215   253        3.1625  3360       13.0000        0.0000  3602281  100.00%
   2218   255        3.1360  3342       13.0000        0.0000  3611882  100.00%
   2224   238        0.0547  3727       13.0000        0.0000  3507570  100.00%
   2227   257        5.4837  2912       13.0000        0.0000  3652312  100.00%
   2231   256        0.1192  4196       13.0000        0.0000  3663018  100.00%
Elapsed time = 1499.71 sec. (942874.25 ticks, tree = 8.93 MB, solutions = 46)
   2234   262        3.0256  3348       13.0000        0.0000  3724104  100.00%
   2236   277        3.2291  3669       13.0000        0.0000  3772424  100.00%
   2239   279        3.3445  3677       13.0000        0.0000  3779863  100.00%
   2241   281        3.2841  3648       13.0000        0.0000  3785009  100.00%
   2245   281        9.8279  2937       13.0000        0.0000  3834909  100.00%
   2247   285        4.3885  3479       13.0000        0.0000  3798850  100.00%
   2253   283       10.0273  2896       13.0000        0.0000  3846861  100.00%
   2259   290        6.4899  3133       13.0000        0.0000  3809703  100.00%
   2264   306        7.4675  3096       13.0000        0.0000  3961378  100.00%
   2269   309        9.6598  1346       13.0000        0.0000  3974910  100.00%
Elapsed time = 1588.01 sec. (994672.87 ticks, tree = 11.57 MB, solutions = 46)
   2275   311        7.6146  2676       13.0000        0.0000  3980262  100.00%
   2281   315        8.1765  2701       13.0000        0.0000  3986570  100.00%
   2289   315        cutoff             13.0000        0.0000  3995608  100.00%
   2290   284       10.3128  2946       13.0000        0.0000  3900054  100.00%
   2295   293        3.0273  3280       13.0000        0.0000  3957787  100.00%
   2299   289        3.1153  4121       13.0000        0.0000  3899663  100.00%
   2301   316        0.1452  4022       13.0000        0.0000  4059218  100.00%
   2302   317        3.1241  3994       13.0000        0.0000  4076005  100.00%
   2307   316        3.0859  3333       13.0000        0.0000  4068800  100.00%
   2309   320        2.1994  4060       13.0000        0.0000  4093916  100.00%
Elapsed time = 1716.21 sec. (1063706.90 ticks, tree = 13.16 MB, solutions = 46)
   2312   312        4.0000  1580       13.0000        0.0000  4116598  100.00%
   2315   323        3.1941  4052       13.0000        0.0000  4104011  100.00%
   2319   321        3.0906  3963       13.0000        0.0000  4189159  100.00%
   2324   348        0.1674  3998       13.0000        0.0000  4408156  100.00%
   2327   338        4.0407  3480       13.0000        0.0000  4380481  100.00%
   2333   323        4.0901  3886       13.0000        0.0000  4208020  100.00%
   2337   343        4.0646  3724       13.0000        0.0000  4391309  100.00%
   2338   344        4.0842  3761       13.0000        0.0000  4398881  100.00%
   2340   325        6.1202  3936       13.0000        0.0000  4230429  100.00%
   2347   353        6.1465  3897       13.0000        0.0000  4496140  100.00%
Elapsed time = 1819.68 sec. (1119504.90 ticks, tree = 14.31 MB, solutions = 46)
   2348   357        4.0000  1552       13.0000        0.0000  4604803  100.00%
   2355   353        0.1727  3957       13.0000        0.0000  4443728  100.00%
   2359   378        0.2187  3894       13.0000        0.0000  4711962  100.00%
   2364   379        0.3225  3723       13.0000        0.0000  4717203  100.00%
   2365   372        6.3359  2870       13.0000        0.0000  4691578  100.00%
   2370   377        6.3682  2706       13.0000        0.0000  4698246  100.00%
   2382   387        6.5172  2610       13.0000        0.0000  4704296  100.00%
   2404   407        6.6274  2247       13.0000        0.0000  4710938  100.00%
   2427   385        0.4489  3649       13.0000        0.0000  4742374  100.00%
   2428   386        2.4258  3575       13.0000        0.0000  4748066  100.00%
Elapsed time = 1896.55 sec. (1164441.32 ticks, tree = 14.92 MB, solutions = 46)
   2431   389        0.4564  3600       13.0000        0.0000  4752730  100.00%
   2433   390        5.3490  3625       13.0000        0.0000  4757798  100.00%
   2437   428        6.6948  1727       13.0000        0.0000  4714365  100.00%
   2457   465        cutoff             13.0000        0.0000  4952864  100.00%
   2460   465        0.1109  4045       13.0000        0.0000  4967036  100.00%
   2463   394        cutoff             13.0000        0.0000  4926151  100.00%
   2466   393        cutoff             13.0000        0.0000  4933269  100.00%
   2472   472        1.1542  3590       13.0000        0.0000  4985506  100.00%
   2479   387        5.0152  2579       13.0000        0.0000  4880546  100.00%
   2493   392        5.0180  3442       13.0000        0.0000  4888248  100.00%
Elapsed time = 1987.39 sec. (1219940.41 ticks, tree = 19.73 MB, solutions = 46)
   2499   395        0.1498  3728       13.0000        0.0105  4961726   99.92%
   2506   489        1.3319  2786       13.0000        0.0105  5018673   99.92%
   2512   494        6.2180  2746       13.0000        0.0105  5026265   99.92%
   2515   497        9.3054  2665       13.0000        0.0105  5033862   99.92%
   2517   503        5.1627  3627       13.0000        0.0105  5113359   99.92%
   2523   501       11.8427  1265       13.0000        0.0105  5052996   99.92%
   2529   508        6.2190  3651       13.0000        0.0105  5124548   99.92%
   2540   401        0.6251  3309       13.0000        0.0105  4973984   99.92%
   2541   519        6.4879  3593       13.0000        0.0105  5134365   99.92%
   2543   500        3.0082  2168       13.0000        0.0105  5084193   99.92%
Elapsed time = 2070.53 sec. (1267117.99 ticks, tree = 22.91 MB, solutions = 46)
   2546   512        1.7577  3663       13.0000        0.0105  5194047   99.92%
   2549   515        5.3769  2673       13.0000        0.0105  5215279   99.92%
   2558   519        5.4638  2152       13.0000        0.0105  5222328   99.92%
   2572   527        5.6028  2010       13.0000        0.0105  5229082   99.92%
   2578   533        6.2885  1874       13.0000        0.0105  5238654   99.92%
   2588   543        8.1036  1616       13.0000        0.0105  5246681   99.92%
   2597   541        9.9941  1694       13.0000        0.0105  5251118   99.92%
   2625   554       11.1048  1385       13.0000        0.0105  5258156   99.92%
   2635   595        0.1284  3799       13.0000        0.0105  5405477   99.92%
   2637   597        1.2956  3058       13.0000        0.0105  5420480   99.92%
Elapsed time = 2177.86 sec. (1329674.49 ticks, tree = 26.80 MB, solutions = 46)
   2651   605        1.3880  2770       13.0000        0.0105  5430100   99.92%
   2658   611        1.8123  2069       13.0000        0.0105  5440132   99.92%
   2672   616        2.9446  1748       13.0000        0.0105  5447328   99.92%
   2684   623        5.5512  1497       13.0000        0.0105  5453228   99.92%
   2704   621        4.8054  2905       13.0000        0.0105  5467338   99.92%
   2724   692        8.5392  1347       13.0000        0.0105  5667305   99.92%
   2744   632        5.7179  2856       13.0000        0.0105  5478237   99.92%
   2755   634        8.6601  2826       13.0000        0.0105  5483915   99.92%
   2759   638        6.7584  2815       13.0000        0.0105  5489095   99.92%
   2762   642        4.0367  1010       13.0000        0.0105  5618899   99.92%
Elapsed time = 2261.35 sec. (1376830.81 ticks, tree = 33.38 MB, solutions = 46)
   2767   643        5.0905  3704       13.0000        0.0105  5626587   99.92%
   2769   639        9.2541  2210       13.0000        0.0105  5513381   99.92%
   2776   709        0.2956  3065       13.0000        0.0105  5693153   99.92%
   2779   710        0.3658  2778       13.0000        0.0105  5700160   99.92%
   2782   713        0.4799  2590       13.0000        0.0105  5707348   99.92%
   2791   760        0.8800  2450       13.0000        0.0105  5782399   99.92%
   2803   771        1.9355  2337       13.0000        0.0105  5787684   99.92%
   2816   779        2.2028  2218       13.0000        0.0105  5795580   99.92%
   2826   774        4.5421  3182       13.0000        0.0105  5837822   99.92%
   2843   785        7.0349  1021       13.0000        0.0105  5908997   99.92%
Elapsed time = 2338.31 sec. (1423144.97 ticks, tree = 39.02 MB, solutions = 46)
   2853   780        7.7193  2385       13.0000        0.0105  5850293   99.92%
   2860   797        0.1673  4091       13.0000        0.0105  5820386   99.92%
   2864   789        8.1963  1768       13.0000        0.0105  5859374   99.92%
   2878   800        8.6060  1711       13.0000        0.0105  5867227   99.92%
   2887   809       11.3962  1472       13.0000        0.0105  5872395   99.92%
   2893   811        1.1297  4163       13.0000        0.0105  5879483   99.92%
   2899   789        6.2991  2678       13.0000        0.0105  5963015   99.92%
   2903   830        3.3442  3238       13.0000        0.0105  6091888   99.92%
   2909   880        1.2703  3690       13.0000        0.0105  6221838   99.92%
   2911   833        3.5906  2903       13.0000        0.0105  6106140   99.92%
Elapsed time = 2435.40 sec. (1477283.38 ticks, tree = 45.46 MB, solutions = 46)
   2914   834        3.6294  2256       13.0000        0.0105  6123766   99.92%
   2917   837        4.4635  2251       13.0000        0.0105  6132184   99.92%
   2924   883        1.5057  3178       13.0000        0.0105  6253435   99.92%
   2925   893        6.7398  2161       13.0000        0.0105  6288858   99.92%
   2933   897        5.9049  2304       13.0000        0.0105  6295481   99.92%
   2941   906        2.8743  2859       13.0000        0.0105  6409854   99.92%
   2943   907        3.9287  2553       13.0000        0.0105  6417808   99.92%
   2952   912        6.8095  2517       13.0000        0.0105  6424723   99.92%
   2960   906        8.8767  2151       13.0000        0.0105  6326550   99.92%
   2966   916        8.3424  2522       13.0000        0.0105  6436315   99.92%
Elapsed time = 2531.69 sec. (1532327.73 ticks, tree = 47.05 MB, solutions = 46)
   2981   910        cutoff             13.0000        0.1188  6341764   99.09%
   2997   915        9.2807  2120       13.0000        0.1188  6349314   99.09%
   2999   917        9.5107  2167       13.0000        0.1188  6356574   99.09%
   3017   942       11.3171  2031       13.0000        0.1188  6603150   99.09%
   3020   941        0.1439  4104       13.0000        0.1188  6608324   99.09%
   3021   905        4.1870  4018       13.0000        0.1188  6547321   99.09%
   3025   956        1.1926  3853       13.0000        0.1188  6668752   99.09%
   3029   958        2.1875  3826       13.0000        0.1188  6673402   99.09%
   3030   906        6.0721  4073       13.0000        0.1188  6571362   99.09%
   3036   948        2.3716  3271       13.0000        0.1188  6631191   99.09%
Elapsed time = 2612.92 sec. (1582792.23 ticks, tree = 49.86 MB, solutions = 46)
   3042   951        6.2970  3486       13.0000        0.1188  6640552   99.09%
   3046   961        6.1048  3971       13.0000        0.1188  6739467   99.09%
   3048   961        1.4912  3168       13.0000        0.1188  6709512   99.09%
   3054   963        2.4694  3111       13.0000        0.1188  6715457   99.09%
   3063   965        7.1277  3814       13.0000        0.1188  6758820   99.09%
   3070   966        7.1402  3788       13.0000        0.1188  6765034   99.09%
   3079   999        1.5542  3094       13.0000        0.1440  6852569   98.89%
   3090  1002        1.1017  3785       13.0000        0.1440  6867353   98.89%
   3092   970        7.2128  3815       13.0000        0.1440  6784596   98.89%
   3095  1006        2.7147  3051       13.0000        0.1440  6881058   98.89%
Elapsed time = 2692.85 sec. (1631346.52 ticks, tree = 52.64 MB, solutions = 46)
   3099   991       10.5443  2458       13.0000        0.1440  6831155   98.89%
   3102  1011        6.9300  1090       13.0000        0.1440  6893625   98.89%
   3119  1001        3.1692  2522       13.0000        0.1440  6891105   98.89%
   3122   971       11.2135  2914       13.0000        0.1440  6813170   98.89%
   3128  1008        0.2897  3885       13.0000        0.1505  6953930   98.84%
   3132  1004        6.4202  3250       13.0000        0.1505  6907157   98.84%
   3138  1033        2.5732  3188       13.0000        0.1505  7088124   98.84%
   3146  1061        6.6086  3179       13.0000        0.1505  7154745   98.84%
   3148  1027        3.6068  2567       13.0000        0.1505  7042823   98.84%
   3154  1064       10.8317  1035       13.0000        0.1505  7167154   98.84%
Elapsed time = 2769.01 sec. (1674676.99 ticks, tree = 56.39 MB, solutions = 46)
   3161  1065        0.1681  3852       13.0000        0.1505  7173401   98.84%
   3164  1029        4.1635  2248       13.0000        0.1505  7054152   98.84%
   3168  1069        3.0386  3577       13.0000        0.1505  7187743   98.84%
   3174  1032        5.6473  2097       13.0000        0.1505  7068133   98.84%
   3178  1037        6.0855  2103       13.0000        0.1505  7143987   98.84%
   3182  1074        4.3323  3435       13.0000        0.1505  7203435   98.84%
   3195  1081        4.3483  3440       13.0000        0.1505  7207907   98.84%
   3203  1085        9.2026  2085       13.0000        0.1505  7309033   98.84%
   3208  1087       10.3761  2055       13.0000        0.1505  7318633   98.84%
   3220  1081        0.4005  3802       13.0000        0.1516  7393628   98.83%
Elapsed time = 2853.21 sec. (1721356.04 ticks, tree = 59.82 MB, solutions = 46)
   3229  1113        1.1668  3986       13.0000        0.1516  7463035   98.83%
   3235  1075        9.8623  2090       13.0000        0.1516  7262931   98.83%
   3239  1092       11.4347  2023       13.0000        0.1516  7353530   98.83%
   3244  1076        9.8802  2015       13.0000        0.1516  7263488   98.83%
   3251  1081       11.0299  1647       13.0000        0.1516  7270702   98.83%
   3254  1094        2.1088  4015       13.0000        0.1516  7370712   98.83%
   3260  1100        2.1126  4053       13.0000        0.1516  7375608   98.83%
   3264  1117        4.1373  4025       13.0000        0.1516  7507773   98.83%
   3271  1122        4.1897  4038       13.0000        0.1516  7515974   98.83%
   3275  1123        6.2671  3732       13.0000        0.1516  7523509   98.83%
Elapsed time = 2935.34 sec. (1769035.78 ticks, tree = 63.25 MB, solutions = 46)
   3290  1132        5.5239  2823       13.0000        0.1674  7534404   98.71%
   3305  1169        8.3241  3494       13.0000        0.1674  7681928   98.71%
   3322  1171        3.1867  2380       13.0000        0.1674  7624293   98.71%
   3325  1177        9.4049  3441       13.0000        0.1674  7685854   98.71%
   3331  1136        cutoff             13.0000        0.1674  7561456   98.71%
   3344  1177        cutoff             13.0000        0.1674  7630081   98.71%
   3353  1182        5.2256  1855       13.0000        0.1674  7640026   98.71%
   3357  1177        2.1089  3141       13.0000        0.1674  7712646   98.71%
   3366  1215        cutoff             13.0000        0.1681  7881198   98.71%
   3373  1187        6.0879  2017       13.0000        0.1681  7725785   98.71%
Elapsed time = 3021.62 sec. (1817422.59 ticks, tree = 66.24 MB, solutions = 46)
   3379  1190        7.0676  1630       13.0000        0.1692  7732547   98.70%
   3392  1249        8.9348  1582       13.0000        0.1692  7946073   98.70%
   3401  1184        6.6418  3965       13.0000        0.1692  7844495   98.70%
   3407  1221        2.7275  2625       13.0000        0.1692  7908097   98.70%
   3412  1260        9.7107  1446       13.0000        0.1692  8037344   98.70%
   3435  1251        7.1867  3905       13.0000        0.1692  7968475   98.70%
   3439  1188        9.3497  3920       13.0000        0.1692  7866758   98.70%
   3443  1263        4.1558  3991       13.0000        0.1692  8055688   98.70%
   3445  1189       10.2920  3913       13.0000        0.1692  7878484   98.70%
   3448  1191        9.3665  3936       13.0000        0.1692  7884994   98.70%
Elapsed time = 3105.13 sec. (1863679.07 ticks, tree = 69.45 MB, solutions = 46)
   3451  1264        cutoff             13.0000        0.1692  8075231   98.70%
   3458  1257        cutoff             13.0000        0.1692  8011128   98.70%
   3465  1285        1.5920  4077       13.0000        0.1727  8148753   98.67%
   3470  1287        1.6505  3933       13.0000        0.1727  8153160   98.67%
   3472  1289        3.3936  3868       13.0000        0.1727  8158448   98.67%
   3486  1299        5.5426  3929       13.0000        0.1727  8230320   98.67%
   3490  1309        8.4275  2565       13.0000        0.1836  8304856   98.59%
   3495  1312       10.5159  2350       13.0000        0.1836  8314248   98.59%
   3499  1311        cutoff             13.0000        0.1836  8321441   98.59%
   3502  1273       10.5164  3633       13.0000        0.1836  8148278   98.59%
Elapsed time = 3185.45 sec. (1914031.68 ticks, tree = 72.13 MB, solutions = 46)
   3506  1311        1.8426  4092       13.0000        0.1836  8338150   98.59%
   3513  1313        3.7438  4039       13.0000        0.1836  8343503   98.59%
   3514  1331        7.5047  3550       13.0000        0.1836  8364424   98.59%
   3517  1315        5.5068  4026       13.0000        0.1836  8352807   98.59%
   3523  1334        4.6776  3773       13.0000        0.1836  8373788   98.59%
   3526  1317        7.5610  3990       13.0000        0.1836  8363130   98.59%
   3534  1347       10.9654  2267       13.0000        0.1836  8515630   98.59%
   3540  1339        cutoff             13.0000        0.1836  8466480   98.59%
   3544  1348        2.2608  4039       13.0000        0.1836  8528661   98.59%
   3548  1352        3.2484  4001       13.0000        0.1836  8533420   98.59%
Elapsed time = 3266.23 sec. (1963965.96 ticks, tree = 75.08 MB, solutions = 46)
   3555  1336        6.5868  3761       13.0000        0.1836  8411644   98.59%
   3560  1337        7.4671  3793       13.0000        0.1836  8417072   98.59%
   3565  1357        8.6327  2510       13.0000        0.2050  8610874   98.42%
   3579  1349        6.0816  3436       13.0000        0.2050  8501713   98.42%
   3582  1359        9.6992  2295       13.0000        0.2050  8625801   98.42%
   3588  1358        cutoff             13.0000        0.2050  8634200   98.42%
   3595  1385        7.2625  3353       13.0000        0.2050  8723337   98.42%
   3600  1369        9.0170  3073       13.0000        0.2050  8660686   98.42%
   3609  1368        cutoff             13.0000        0.2050  8666143   98.42%
   3611  1402        1.4012  3367       13.0000        0.2050  8802454   98.42%
Elapsed time = 3348.09 sec. (2010434.90 ticks, tree = 77.98 MB, solutions = 46)
   3615  1404        6.4231  3924       13.0000        0.2050  8884953   98.42%
   3625  1370        1.2385  3987       13.0000        0.2050  8679330   98.42%
   3634  1372        1.3545  3785       13.0000        0.2050  8691433   98.42%
   3635  1373        1.4214  3744       13.0000        0.2050  8698152   98.42%
   3641  1408        9.7211  3052       13.0000        0.2050  8917951   98.42%
   3644  1411        1.5911  3332       13.0000        0.2512  8958274   98.07%
   3648  1397        5.6048  3956       13.0000        0.2512  8780061   98.07%
   3654  1430        8.2067  3914       13.0000        0.2573  9039456   98.02%
   3658  1409        3.4337  3880       13.0000        0.2573  8943508   98.02%
   3660  1415        cutoff             13.0000        0.2573  8984264   98.02%
Elapsed time = 3439.33 sec. (2064755.82 ticks, tree = 79.85 MB, solutions = 46)
   3665  1420        7.3111  2689       13.0000        0.2573  8989228   98.02%
   3671  1437        5.1941  3856       13.0000        0.2573  9109130   98.02%
   3678  1428       10.1656  2376       13.0000        0.2573  9001312   98.02%
   3690  1430        0.3546  3777       13.0000        0.2573  9013040   98.02%
   3694  1432        0.4224  3615       13.0000        0.2573  9017980   98.02%
   3699  1436        0.4713  3556       13.0000        0.2573  9137840   98.02%
   3704  1441        1.4964  3527       13.0000        0.2573  9143373   98.02%
   3710  1464        7.8298  2818       13.0000        0.2774  9185249   97.87%
   3715  1445        3.0346  2606       13.0000        0.2774  9157582   97.87%
   3719  1447        4.0730  2548       13.0000        0.2774  9163708   97.87%
Elapsed time = 3526.13 sec. (2114918.99 ticks, tree = 82.06 MB, solutions = 46)
   3725  1450        5.1042  2546       13.0000        0.2774  9170357   97.87%
   3733  1453        5.9842  2712       13.0000        0.2774  9176227   97.87%
   3748  1489        6.0353  2665       13.0000        0.2774  9252299   97.87%
   3757  1495        6.8969  2779       13.0000        0.2774  9256680   97.87%
   3761  1496        7.0684  2322       13.0000        0.2774  9264066   97.87%
   3768  1500        cutoff             13.0000        0.2774  9270613   97.87%
   3769  1470        5.2049  3865       13.0000        0.2774  9238220   97.87%
   3777  1477        5.2209  3724       13.0000        0.2774  9242697   97.87%
   3780  1480        7.6717  3279       13.0000        0.2774  9258143   97.87%

Cover cuts applied:  867
Flow cuts applied:  507
Mixed integer rounding cuts applied:  235
Zero-half cuts applied:  19
Lift and project cuts applied:  1

Root node processing (before b&c):
  Real time             =   73.57 sec. (49162.57 ticks)
Parallel b&c, 4 threads:
  Real time             = 3526.44 sec. (2111985.45 ticks)
  Sync time (average)   =  114.71 sec.
  Wait time (average)   =    0.00 sec.
                          ------------
Total (root+branch&cut) = 3600.02 sec. (2161148.02 ticks)
Solution status = Feasible
Solution value  = 13
