CPXPARAM_TimeLimit                               3600
CPXPARAM_Threads                                 4
Tried aggregator 1 time.
MIP Presolve eliminated 0 rows and 10 columns.
MIP Presolve modified 3420 coefficients.
Reduced MIP has 3964 rows, 5592 columns, and 40270 nonzeros.
Reduced MIP has 5592 binaries, 0 generals, 0 SOSs, and 0 indicators.
Presolve time = 0.04 sec. (17.73 ticks)
Found incumbent of value 342.000000 after 0.10 sec. (69.06 ticks)
Probing time = 0.01 sec. (2.92 ticks)
Tried aggregator 1 time.
Reduced MIP has 3964 rows, 5592 columns, and 40270 nonzeros.
Reduced MIP has 5592 binaries, 0 generals, 0 SOSs, and 0 indicators.
Presolve time = 0.02 sec. (23.38 ticks)
Probing time = 0.01 sec. (3.64 ticks)
Clique table members: 525.
MIP emphasis: balance optimality and feasibility.
MIP search method: dynamic search.
Parallel mode: deterministic, using up to 4 threads.
Root relaxation solution time = 0.43 sec. (488.63 ticks)

        Nodes                                         Cuts/
   Node  Left     Objective  IInf  Best Integer    Best Bound    ItCnt     Gap

*     0+    0                          342.0000        0.0000           100.00%
*     0+    0                          305.0000        0.0000           100.00%
*     0+    0                          181.0000        0.0000           100.00%
      0     0        0.0000  2761      181.0000        0.0000        6  100.00%
*     0+    0                          158.0000        0.0000           100.00%
      0     0       -0.0000  3303      158.0000     Cuts: 967     7225  100.00%
*     0+    0                           65.0000        0.0000           100.00%
      0     0        0.0000  3841       65.0000    Cuts: 1045    17288  100.00%
Heuristic still looking.
*     0+    0                           47.0000        0.0000           100.00%
*     0+    0                           46.0000        0.0000           100.00%
      0     2       -0.0000  3366       46.0000        0.0000    17288  100.00%
Elapsed time = 79.04 sec. (51636.00 ticks, tree = 0.01 MB, solutions = 7)
*     1+    1                           43.0000        0.0000           100.00%
      1     3        0.0000  2739       43.0000        0.0000    56655  100.00%
      2     4        0.0003  1605       43.0000        0.0000    84599  100.00%
      3     3        0.0000  2948       43.0000        0.0000    88869  100.00%
*     4+    3                           42.0000        0.0000           100.00%
*     4+    3                           40.0000        0.0000           100.00%
      4     5        0.0390  3056       40.0000        0.0000   112692  100.00%
      5     5        0.0635  3100       40.0000        0.0000   114947  100.00%
      6     6        0.0508  3186       40.0000        0.0000   204654  100.00%
      7     8        0.1471  2982       40.0000        0.0000   243039  100.00%
      8     7        0.1418  2952       40.0000        0.0000   221434  100.00%
      9    10        0.4848  2817       40.0000        0.0000   315756  100.00%
     10     9        0.1739  3006       40.0000        0.0000   292665  100.00%
Elapsed time = 219.11 sec. (152506.73 ticks, tree = 0.01 MB, solutions = 10)
     11    11        0.5344  2887       40.0000        0.0000   356266  100.00%
     12    11        1.5662  2818       40.0000        0.0000   329675  100.00%
     13    10        0.2022  2941       40.0000        0.0000   306663  100.00%
     14    13        1.4292  2806       40.0000        0.0000   376109  100.00%
     15    12        1.6220  2821       40.0000        0.0000   368878  100.00%
     16    15        0.2434  2815       40.0000        0.0000   423850  100.00%
     18    17        1.4689  2773       40.0000        0.0000   463777  100.00%
     19    15        1.9193  2771       40.0000        0.0000   398209  100.00%
     20    18        1.5696  2746       40.0000        0.0000   473286  100.00%
*    22+    2                           39.0000        0.0000           100.00%
*    22+    2                           38.0000        0.0000           100.00%
*    22+    2                           35.0000        0.0000           100.00%
*    22+    2                           34.0000        0.0000           100.00%
*    22+    2                           33.0000        0.0000           100.00%
     23    20        2.4813  2819       33.0000        0.0000   490309  100.00%
Elapsed time = 265.21 sec. (184249.47 ticks, tree = 0.02 MB, solutions = 17)
     24    19        2.3371  2770       33.0000        0.0000   482792  100.00%
     25    22        1.2483  2996       33.0000        0.0000   520294  100.00%
     26    26        2.0189  3028       33.0000        0.0000   681997  100.00%
     27    21        3.7256  2551       33.0000        0.0000   500614  100.00%
     29    23        0.0441  3225       33.0000        0.0000   672582  100.00%
     31    22        2.7696  2665       33.0000        0.0000   510512  100.00%
     32    28        3.8580  2925       33.0000        0.0000   703549  100.00%
     34    24        1.3997  2880       33.0000        0.0000   555083  100.00%
     35    32        2.8364  2837       33.0000        0.0000   740854  100.00%
     37    33        2.9391  2749       33.0000        0.0000   746397  100.00%
Elapsed time = 318.48 sec. (215921.46 ticks, tree = 0.03 MB, solutions = 17)
     38    31        3.5598  2784       33.0000        0.0000   730153  100.00%
     39    24       -0.0000   852       33.0000        0.0000   708597  100.00%
     40    34        3.6110  2790       33.0000        0.0000   752808  100.00%
     42    35        3.6553  2885       33.0000        0.0000   757626  100.00%
     43    41        5.0467  2701       33.0000        0.0000   890294  100.00%
     45    45        5.1067  2765       33.0000        0.0000   917202  100.00%
     46    42        4.6730  2699       33.0000        0.0000   897460  100.00%
     47    36        2.9914  3058       33.0000        0.0000   795981  100.00%
     49    43        4.7912  2680       33.0000        0.0000   902344  100.00%
     50    47        4.8284  2727       33.0000        0.0000   927231  100.00%
Elapsed time = 349.07 sec. (234057.56 ticks, tree = 0.04 MB, solutions = 17)
     51    44        5.6142  2657       33.0000        0.0000   908196  100.00%
     52    51        5.3733  2555       33.0000        0.0000   954348  100.00%
     54    52        6.5576  2346       33.0000        0.0000   959157  100.00%
     55    47        1.7284  3092       33.0000        0.0000   944499  100.00%
     60    50        2.7829  3017       33.0000        0.0000   948800  100.00%
     61    49        5.9773  2674       33.0000        0.0000   947972  100.00%
     64    51        1.7975  2950       33.0000        0.0000   954702  100.00%
     68    50        5.3993  2647       33.0000        0.0000   953584  100.00%
     69    57        7.8928  2336       33.0000        0.0000   977338  100.00%
     71    58        7.9050  2338       33.0000        0.0000   980307  100.00%
Elapsed time = 383.58 sec. (254960.86 ticks, tree = 0.38 MB, solutions = 17)
     73    60        7.6681  2139       33.0000        0.0000   983469  100.00%
     75    52        0.0016  3188       33.0000        0.0000  1022959  100.00%
     76    59        5.6469  2638       33.0000        0.0000  1052033  100.00%
     78    62        8.8244  2140       33.0000        0.0000   988844  100.00%
     79    63       10.0381  2320       33.0000        0.0000   992508  100.00%
     82    60        6.6995  2584       33.0000        0.0000  1060965  100.00%
     87    77       10.1705  2207       33.0000        0.0000  1081577  100.00%
     89    79        9.1910  2127       33.0000        0.0000  1083506  100.00%
     91    81       10.9989  2227       33.0000        0.0000  1087661  100.00%
     95    84       11.5214  2163       33.0000        0.0000  1091912  100.00%
Elapsed time = 412.65 sec. (273000.62 ticks, tree = 0.78 MB, solutions = 17)
     97    85       11.6534  2157       33.0000        0.0000  1095137  100.00%
    104    64        8.2382  2571       33.0000        0.0000  1090083  100.00%
    106    53        0.1012  3256       33.0000        0.0000  1058625  100.00%
    107    87        6.8321  2575       33.0000        0.0000  1173645  100.00%
    109    83        1.9920  3001       33.0000        0.0000  1126450  100.00%
    113   108        9.9562  2161       33.0000        0.0000  1261461  100.00%
    115   109       10.8955  2228       33.0000        0.0000  1265256  100.00%
    117   110       10.0862  2078       33.0000        0.0000  1267183  100.00%
    118   111       11.5508  2114       33.0000        0.0000  1271215  100.00%
    120    87        3.3054  3088       33.0000        0.0000  1137688  100.00%
Elapsed time = 443.91 sec. (293297.66 ticks, tree = 1.47 MB, solutions = 17)
    123   113       11.3159  2059       33.0000        0.0000  1277283  100.00%
    124   114       11.5517  2122       33.0000        0.0000  1280937  100.00%
    125   115       12.3868  1929       33.0000        0.0000  1283852  100.00%
    127   116       13.6927  1948       33.0000        0.0000  1285302  100.00%
    129   118       15.2723  1959       33.0000        0.0000  1289508  100.00%
    130   119       12.8671  1957       33.0000        0.0000  1291408  100.00%
    131   120       14.0509  2038       33.0000        0.0000  1293624  100.00%
    133   121       13.9088  1988       33.0000        0.0000  1296118  100.00%
    137   125       15.5271  1946       33.0000        0.0000  1298968  100.00%
    138    91        9.1128  2618       33.0000        0.0000  1199981  100.00%
Elapsed time = 473.87 sec. (309923.17 ticks, tree = 1.65 MB, solutions = 17)
    139   126       13.9102  1983       33.0000        0.0000  1298968  100.00%
    141   141       15.3980  1974       33.0000        0.0000  1364635  100.00%
    144   143       14.6434  1967       33.0000        0.0000  1366879  100.00%
    148   146       14.6495  2056       33.0000        0.0000  1369016  100.00%
    152   148       15.0049  1976       33.0000        0.0000  1370771  100.00%
    154   150       16.3692  1885       33.0000        0.0000  1372928  100.00%
    157   117        2.8872  2948       33.0000        0.0000  1299226  100.00%
    160   126        8.1282  2588       33.0000        0.0000  1338510  100.00%
    163   127        9.3423  2383       33.0000        0.0000  1340111  100.00%
    165   157       18.1479  1783       33.0000        0.0000  1381751  100.00%
Elapsed time = 492.40 sec. (322704.49 ticks, tree = 1.74 MB, solutions = 17)
    170   160       17.4239  1854       33.0000        0.0000  1384341  100.00%
    172   162       18.3235  1955       33.0000        0.0000  1386945  100.00%
    175   165       18.2463  1735       33.0000        0.0000  1389171  100.00%
    178   168       20.8013  1572       33.0000        0.0000  1391275  100.00%
    180   130       10.7730  2331       33.0000        0.0000  1347374  100.00%
    183   171       19.1147  1722       33.0000        0.0000  1394128  100.00%
    194   133       11.6958  2342       33.0000        0.0000  1351166  100.00%
    201   144        0.3721  3210       33.0000        0.0000  1447191  100.00%
    215   140       12.3970  2269       33.0000        0.0000  1354690  100.00%
    242   213       25.4006  1429       33.0000        0.0000  1407134  100.00%
Elapsed time = 515.75 sec. (337190.57 ticks, tree = 1.74 MB, solutions = 17)
    271   242       27.0992  1405       33.0000        0.0000  1491977  100.00%
    328   264       13.6465  2198       33.0000        0.0000  1539612  100.00%
    335   264        0.0099  1883       33.0000        0.0000  1584808  100.00%
    339   271       14.8051  2163       33.0000        0.0000  1549718  100.00%
    345   276       14.3448  2105       33.0000        0.0000  1558793  100.00%
    351   270        5.8088  2897       33.0000        0.0000  1620284  100.00%
    353   280       13.6571  2034       33.0000        0.0000  1564991  100.00%
    357   292       15.6500  2013       33.0000        0.0000  1658816  100.00%
    362   297       15.7800  1951       33.0000        0.0000  1666496  100.00%
    369   302       15.3807  1924       33.0000        0.0000  1673821  100.00%
Elapsed time = 589.29 sec. (381510.18 ticks, tree = 3.23 MB, solutions = 17)
    380   311       16.7724  1827       33.0000        0.0000  1681364  100.00%
    393   321       19.6150  1780       33.0000        0.0000  1689842  100.00%
    419   344       19.8429  1829       33.0000        0.0000  1697859  100.00%
    440   335        0.6109  3133       33.0000        0.0000  1748775  100.00%
    472   390       25.4895  1548       33.0000        0.0000  1714477  100.00%
    509   481       28.6918  1497       33.0000        0.0000  1866497  100.00%
    537   509       30.5005  1461       33.0000        0.0000  1874400  100.00%
    571   539       30.5411  1337       33.0000        0.0000  1883472  100.00%
    580   355        5.2743  2784       33.0000        0.0000  1829877  100.00%
    583   337        1.0180  3189       33.0000        0.0000  1788915  100.00%
Elapsed time = 662.02 sec. (424720.61 ticks, tree = 3.71 MB, solutions = 17)
    586   469        0.1854  2875       33.0000        0.0000  1913961  100.00%
    588   481        5.4948  2795       33.0000        0.0000  2021944  100.00%
    593   563        0.4690  2825       33.0000        0.0000  2075780  100.00%
    595   472        2.7615  2661       33.0000        0.0000  1939671  100.00%
    599   483       13.5205  2643       33.0000        0.0000  2047569  100.00%
    603   474        0.5686  2482       33.0000        0.0000  1957069  100.00%
    608   571        1.4172   917       33.0000        0.0000  2133007  100.00%
    612   572        0.2564  2657       33.0000        0.0000  2135428  100.00%
    618   574        0.2938  2672       33.0000        0.0000  2142522  100.00%
    623   582        3.2323  2943       33.0000        0.0000  2231158  100.00%
Elapsed time = 745.67 sec. (475772.96 ticks, tree = 4.44 MB, solutions = 17)
    629   590       16.8607  2278       33.0000        0.0000  2278397  100.00%
    635   577        2.4553  2975       33.0000        0.0000  2210088  100.00%
    640   594       18.8527  2336       33.0000        0.0000  2292466  100.00%
    647   596       19.6844  2264       33.0000        0.0000  2300463  100.00%
    653   608        0.7354  3020       33.0000        0.0000  2386642  100.00%
    661   601       20.8995  2176       33.0000        0.0000  2315309  100.00%
    669   628       20.3187  2133       33.0000        0.0000  2442866  100.00%
    675   632       20.7763  2053       33.0000        0.0000  2450581  100.00%
    682   614        2.4228  2847       33.0000        0.0000  2410234  100.00%
    690   641       25.7338  2011       33.0000        0.0000  2466308  100.00%
Elapsed time = 814.96 sec. (517561.07 ticks, tree = 5.20 MB, solutions = 17)
    700   641        0.6317  2252       33.0000        0.0000  2479557  100.00%
    712   620        1.5855  2678       33.0000        0.0000  2430131  100.00%
    727   664       29.5416  1854       33.0000        0.0000  2491065  100.00%
    740   671       29.5434  1772       33.0000        0.0000  2496232  100.00%
    756   715       28.6463  1767       33.0000        0.0000  2643630  100.00%
    766   721       29.7562  1683       33.0000        0.0000  2652955  100.00%
    781   730        cutoff             33.0000        0.0000  2662295  100.00%
    807   657        0.9169  1908       33.0000        0.0000  2525321  100.00%
    813   726        1.7598  1501       33.0000        0.0000  2696674  100.00%
    820   729        1.0431  1886       33.0000        0.0000  2704776  100.00%
Elapsed time = 883.45 sec. (559031.67 ticks, tree = 5.65 MB, solutions = 17)
    825   675        2.8963  2416       33.0000        0.0000  2619192  100.00%
    835   745        2.4807  2419       33.0000        0.0017  2736848   99.99%
    840   750        3.4318  2084       33.0000        0.0017  2743701   99.99%
    847   777        3.6220  2653       33.0000        0.0017  2839220   99.99%
    860   764        5.9462  1930       33.0000        0.0017  2759257   99.99%
    868   793        1.3281  1448       33.0000        0.0017  2879659   99.99%
    878   774        5.5266  1585       33.0000        0.0017  2772067   99.99%
    891   781        5.6469  1492       33.0000        0.0202  2779746   99.94%
    903   839        7.2659  1499       33.0000        0.0202  2929030   99.94%
    917   848        6.8177  1491       33.0000        0.0202  2937416   99.94%
Elapsed time = 955.75 sec. (601658.09 ticks, tree = 6.02 MB, solutions = 17)
    933   860        6.9272  1575       33.0000        0.0202  2945455   99.94%
    954   875        7.7378  1491       33.0000        0.0202  2953772   99.94%
    976   892        7.3138  1545       33.0000        0.0202  2961705   99.94%
   1011   916        8.6002  1392       33.0000        0.0343  2970083   99.90%
   1033   878        9.0449  1164       33.0000        0.0343  3107491   99.90%
   1067   886        8.6049   993       33.0000        0.0343  3116089   99.90%
   1097   893       10.9672   990       33.0000        0.0343  3124846   99.90%
   1134  1017       11.8478  1141       33.0000        0.0343  3168174   99.90%
   1185   930       13.0688   693       33.0000        0.0343  3137663   99.90%
   1263   951       15.5940   356       33.0000        0.0343  3145023   99.90%
Elapsed time = 1026.00 sec. (640709.91 ticks, tree = 6.45 MB, solutions = 17)
   1314  1137       20.8306   985       33.0000        0.0343  3198185   99.90%
   1369  1168       23.6019   934       33.0000        0.0343  3209466   99.90%
*  1407+ 1107                           31.0000        0.0343            99.89%
   1410  1028        8.4041  1951       31.0000        0.0343  3241595   99.89%
   1437  1047       10.4737  1810       31.0000        0.0343  3250568   99.89%
   1451  1095        0.6889  2836       31.0000        0.0343  3342896   99.89%
   1452  1096        0.1897  3094       31.0000        0.0343  3353759   99.89%
   1453  1097        0.5228  3064       31.0000        0.0343  3364554   99.89%
*  1454+  885                           20.0000        0.0343            99.83%
*  1454+  589                           19.0000        0.0343            99.82%
*  1454+  392                           17.0000        0.0343            99.80%
   1454   393        0.0000  3987       17.0000        0.0343  3568734   99.80%
   1455   394        0.1096  3441       17.0000        0.0343  3599371   99.80%
   1456   395        0.1124  3461       17.0000        0.0343  3618475   99.80%
Elapsed time = 1364.58 sec. (872720.13 ticks, tree = 2.33 MB, solutions = 21)
   1457   394        3.0414  3452       17.0000        0.0343  3634847   99.80%
   1458   395        0.1684  3413       17.0000        0.0343  3642513   99.80%
   1459   394        0.3447  3348       17.0000        0.0343  3653917   99.80%
   1462   297        0.4805  3404       17.0000        0.0343  3693449   99.80%
   1463   300        0.5485  3404       17.0000        0.0343  3768046   99.80%
   1468   191        3.2469  2648       17.0000        0.0343  3770328   99.80%
   1470   193        0.5201  2921       17.0000        0.0343  3803311   99.80%
   1474   199        0.4659  3129       17.0000        0.0343  3861450   99.80%
   1477   132        0.5524  3067       17.0000        0.0343  3867732   99.80%
   1481   100        1.4504  3041       17.0000        0.0343  3874905   99.80%
Elapsed time = 1470.17 sec. (934184.78 ticks, tree = 0.47 MB, solutions = 21)
   1486    61        1.5148  2976       17.0000        0.0343  3909543   99.80%
   1489    47        1.3722  3399       17.0000        0.0343  3900492   99.80%
   1494     4        0.0000  2106       17.0000        0.0343  3602088   99.80%
   1498    34        0.9846  3430       17.0000        0.0343  3971537   99.80%
   1503    46        1.0054  3401       17.0000        0.0343  4052100   99.80%
   1508    46        3.4002  3151       17.0000        0.0343  4057882   99.80%
   1516    50        1.0265  3337       17.0000        0.0343  4068136   99.80%
   1525    49        3.3109  2950       17.0000        0.0343  4074715   99.80%
   1529    67        2.4664  2961       17.0000        0.0343  4185773   99.80%
   1536    68        2.6804  2794       17.0000        0.0343  4192459   99.80%
Elapsed time = 1550.18 sec. (979624.75 ticks, tree = 0.18 MB, solutions = 21)
   1539    70        4.8381  2772       17.0000        0.0343  4202181   99.80%
   1542    62        3.5048  3202       17.0000        0.0343  4171342   99.80%
   1548    90        4.0310  3182       17.0000        0.0343  4300102   99.80%
   1551    89        7.4145  3105       17.0000        0.0343  4291710   99.80%
   1554    93        2.0919  3242       17.0000        0.0343  4314706   99.80%
   1557    91        7.3970  3014       17.0000        0.0343  4306839   99.80%
   1566   108        5.0806  3113       17.0000        0.0343  4427201   99.80%
   1572   102       15.6907  2536       17.0000        0.0343  4379078   99.80%
   1579   111        4.0643  3158       17.0000        0.0343  4443186   99.80%
   1584   105        4.5035  2881       17.0000        0.0343  4421579   99.80%
Elapsed time = 1626.73 sec. (1025088.92 ticks, tree = 0.28 MB, solutions = 21)
   1596   131       10.2341  2123       17.0000        0.0343  4555503   99.80%
   1617   139       13.3412  2143       17.0000        0.0343  4564324   99.80%
   1622   127        5.4471  2522       17.0000        0.0343  4523115   99.80%
   1629   156        7.4318  2526       17.0000        0.0343  4648543   99.80%
   1640   146        9.9729  2031       17.0000        0.0343  4580347   99.80%
   1648   166        6.6931  2466       17.0000        0.0343  4664798   99.80%
   1660   188       11.2227  2187       17.0000        0.0343  4696658   99.80%
   1670   191       12.1068  2159       17.0000        0.0343  4702147   99.80%
   1685   210       12.7592  2399       17.0000        0.0343  4804814   99.80%
   1694   216       13.1269  2337       17.0000        0.0343  4813721   99.80%
Elapsed time = 1703.16 sec. (1069913.44 ticks, tree = 0.43 MB, solutions = 21)
   1713   229       10.4443  2149       17.0000        0.0343  4823792   99.80%
   1731   240       15.4399  1920       17.0000        0.0343  4836160   99.80%
   1749   245        cutoff             17.0000        0.0343  4847431   99.80%
   1757   232       10.3866  2833       17.0000        0.0343  4890130   99.80%
   1759   234       12.4633  2784       17.0000        0.0343  4898215   99.80%
   1765   238       13.4708  2708       17.0000        0.0343  4907599   99.80%
   1771   239        4.1429  3051       17.0000        0.0343  4935968   99.80%
   1776   248        0.0087  3108       17.0000        0.0343  4985478   99.80%
   1779   256        8.0396  2744       17.0000        0.0343  5011969   99.80%
   1781   253        4.0967  2081       17.0000        0.0343  5097872   99.80%
Elapsed time = 1815.38 sec. (1128519.76 ticks, tree = 0.61 MB, solutions = 21)
   1784   255        4.0967  2081       17.0000        0.0343  5105225   99.80%
   1786   250        0.1628  2450       17.0000        0.0343  5000799   99.80%
   1787   300        1.1857  3356       17.0000        0.0343  5185705   99.80%
   1791   258        4.0581  2777       17.0000        0.0343  5025248   99.80%
   1793   304        1.1755  3249       17.0000        0.0343  5202223   99.80%
   1797   308        4.5583  3275       17.0000        0.0343  5244538   99.80%
   1802   309        4.9357  2717       17.0000        0.0343  5257643   99.80%
   1809   314        6.7992  2652       17.0000        0.0343  5265984   99.80%
   1816   320        9.9054  2418       17.0000        0.0343  5276704   99.80%
   1823   314        7.3057  3048       17.0000        0.0343  5380285   99.80%
Elapsed time = 1910.32 sec. (1182852.64 ticks, tree = 0.64 MB, solutions = 21)
   1828   317        7.3400  3238       17.0000        0.0343  5388765   99.80%
   1835   343        8.3316  3121       17.0000        0.0343  5526118   99.80%
   1844   350        4.3504  3138       17.0000        0.0343  5575674   99.80%
   1850   343       11.4518  2367       17.0000        0.0343  5473641   99.80%
   1859   345        cutoff             17.0000        0.0343  5482327   99.80%
   1861   358        7.4235  3015       17.0000        0.0343  5596894   99.80%
   1866   349        9.2281  2929       17.0000        0.0343  5567558   99.80%
   1869   350        8.5743  2903       17.0000        0.0343  5575979   99.80%
   1876   352        9.4848  2869       17.0000        0.0343  5585873   99.80%
   1884   364        4.4528  3203       17.0000        0.0343  5626895   99.80%
Elapsed time = 1989.43 sec. (1227558.18 ticks, tree = 0.97 MB, solutions = 21)
   1889   366        9.3029  2974       17.0000        0.0343  5637856   99.80%
   1894   385        9.7342  2730       17.0000        0.0343  5766188   99.80%
   1901   388       10.0064  2410       17.0000        0.0343  5779682   99.80%
   1906   389       10.0371  2820       17.0000        0.0343  5789147   99.80%
   1913   406        6.2901  2976       17.0000        0.0343  5886988   99.80%
   1916   391       11.2512  2618       17.0000        0.0343  5809898   99.80%
   1921   408        3.4949  3194       17.0000        0.0343  5902070   99.80%
   1923   424       10.0702  2494       17.0000        0.0343  6027931   99.80%
   1930   412        2.0815  2418       17.0000        0.0343  5968214   99.80%
   1933   409        6.3075  3050       17.0000        0.0343  5934904   99.80%
Elapsed time = 2078.68 sec. (1276434.29 ticks, tree = 0.94 MB, solutions = 21)
   1942   437       13.6867  2581       17.0000        0.0343  6107969   99.80%
   1947   435       13.0652  2230       17.0000        0.0343  6068743   99.80%
   1952   438       12.1691  2259       17.0000        0.0343  6079461   99.80%
   1957   439   1.00000e+74  2450       17.0000        0.0343  6137149   99.80%
   1965   441       15.2627  2488       17.0000        0.0343  6148144   99.80%
   1970   463       13.5850  2404       17.0000        0.0343  6259997   99.80%
   1973   440        0.0919  3488       17.0000        0.0343  6170331   99.80%
   1981   469       14.9430  2267       17.0000        0.0343  6283700   99.80%
   1986   442        0.2991  2975       17.0000        0.0343  6184431   99.80%
   1988   449        6.4023  2707       17.0000        0.0343  6241038   99.80%
Elapsed time = 2164.26 sec. (1325420.17 ticks, tree = 1.08 MB, solutions = 21)
   1997   484        5.3672  2420       17.0000        0.0343  6423668   99.80%
   2001   475        3.5351  2471       17.0000        0.0343  6370666   99.80%
   2008   476        9.3086  2113       17.0000        0.0343  6385259   99.80%
   2013   485        2.4101  2424       17.0000        0.0343  6517447   99.80%
   2017   479       15.4691  1719       17.0000        0.0343  6419187   99.80%
   2025   478        cutoff             17.0000        0.0343  6430107   99.80%
   2029   487        5.2725  2225       17.0000        0.0343  6549577   99.80%
   2036   522        3.7159  2640       17.0000        0.0343  6756174   99.80%
   2043   505        8.7950  2931       17.0000        0.0343  6631505   99.80%
   2046   505        cutoff             17.0000        0.0343  6642866   99.80%
Elapsed time = 2264.63 sec. (1378153.96 ticks, tree = 1.26 MB, solutions = 21)
   2053   529        7.4593  2529       17.0000        0.0343  6791470   99.80%
   2057   490        4.7262  1556       17.0000        0.0343  6615917   99.80%
   2060   529        0.4340  3386       17.0000        0.0343  6842560   99.80%
   2069   538        2.4657  1522       17.0000        0.0343  6983932   99.80%
   2079   541       11.1712  2482       17.0000        0.0343  6843087   99.80%
   2084   560       11.4815  2484       17.0000        0.0343  7054682   99.80%
   2087   564        5.4545  2369       17.0000        0.0343  7153409   99.80%
   2094   565       11.3902  2447       17.0000        0.0343  7078061   99.80%
   2102   567        cutoff             17.0000        0.0343  7095293   99.80%
   2106   570        7.7135  2804       17.0000        0.0343  7197708   99.80%
Elapsed time = 2359.64 sec. (1429168.40 ticks, tree = 1.33 MB, solutions = 21)
   2117   580        6.7976  1803       17.0000        0.0343  7330683   99.80%
   2121   571        0.0782  3121       17.0000        0.0343  7123314   99.80%
   2127   575        0.1428  2624       17.0000        0.0343  7130849   99.80%
   2133   570       10.3316  2671       17.0000        0.0343  7205454   99.80%
   2142   583       11.4856  1582       17.0000        0.0343  7374359   99.80%
   2146   585        8.8180  1304       17.0000        0.0343  7388184   99.80%
   2152   586        6.1514  1279       17.0000        0.0343  7399255   99.80%
   2165   578        3.1222  3245       17.0000        0.0343  7260281   99.80%
   2179   616       13.8076  2481       17.0000        0.0343  7538518   99.80%
   2193   620       15.1336  2038       17.0000        0.0343  7547452   99.80%
Elapsed time = 2440.66 sec. (1473467.47 ticks, tree = 1.55 MB, solutions = 21)
   2207   646        8.6881  1052       17.0000        0.0343  7716302   99.80%
   2218   654        8.5191  1092       17.0000        0.0343  7728499   99.80%
   2230   660       11.2526   952       17.0000        0.0343  7742731   99.80%
   2247   626        2.3280  2597       17.0000        0.0343  7580045   99.80%
   2267   632        4.1013  2489       17.0000        0.0343  7588576   99.80%
   2278   656        2.7575  3038       17.0000        0.0343  7808250   99.80%
   2293   627       11.2647  2658       17.0000        0.0584  7644081   99.66%
   2301   687        0.3699  2639       17.0000        0.0584  7901986   99.66%
   2303   688        3.4214  2479       17.0000        0.0584  7912374   99.66%
   2321   671       11.8731  1365       17.0000        0.0584  7846698   99.66%
Elapsed time = 2517.83 sec. (1515185.82 ticks, tree = 1.72 MB, solutions = 21)
   2344   691        2.7255  2738       17.0000        0.0584  7928405   99.66%
   2351   702        1.1300  3072       17.0000        0.0584  7997536   99.66%
   2361   696        3.6030  2586       17.0000        0.0584  7949254   99.66%
   2372   747        3.0639  2008       17.0000        0.0584  8148312   99.66%
   2380   788        3.2710  3066       17.0000        0.0584  8209321   99.66%
   2388   805        4.5262  2674       17.0000        0.0584  8271108   99.66%
   2391   804    infeasible             17.0000        0.0584  8282506   99.66%
   2398   754       13.8656  1739       17.0000        0.0584  8198639   99.66%
   2405   797       12.3576  2529       17.0000        0.0584  8250154   99.66%
   2412   811        9.6113  2255       17.0000        0.0584  8316168   99.66%
Elapsed time = 2603.77 sec. (1562348.95 ticks, tree = 1.98 MB, solutions = 21)
   2424   817        cutoff             17.0000        0.0584  8455331   99.66%
   2431   803        cutoff             17.0000        0.0584  8282092   99.66%
   2438   817       14.8937  1890       17.0000        0.0584  8352514   99.66%
   2446   837        0.2649  2238       17.0000        0.0616  8550856   99.64%
   2451   820        0.5847  2729       17.0000        0.0616  8498043   99.64%
   2453   820        7.2597  2354       17.0000        0.0616  8404397   99.64%
   2456   839        1.0574  1975       17.0000        0.0616  8580143   99.64%
   2465   848        0.0645  1860       17.0000        0.0616  8622666   99.64%
   2469   862        8.3636  2410       17.0000        0.0616  8724515   99.64%
   2482   868        9.7896  2389       17.0000        0.0616  8736007   99.64%
Elapsed time = 2685.78 sec. (1607298.25 ticks, tree = 2.19 MB, solutions = 21)
   2490   869       13.4056  2199       17.0000        0.0616  8745337   99.64%
   2495   845        9.7051  2317       17.0000        0.0616  8630989   99.64%
   2504   873       14.1532  1770       17.0000        0.0643  8770069   99.62%
   2510   886       12.1760  1173       17.0000        0.0805  8964817   99.53%
   2516   872        0.1334  3531       17.0000        0.0805  8786921   99.53%
   2533   903       14.7052  1072       17.0000        0.0805  8984075   99.53%
   2542   877        3.5183  2476       17.0000        0.0805  8866541   99.53%
   2552   905        4.0561  1612       17.0000        0.0805  9007548   99.53%
   2559   879        5.2275  2583       17.0000        0.0805  8891069   99.53%
   2568   924        5.0357  2300       17.0000        0.0805  9143964   99.53%
Elapsed time = 2766.56 sec. (1651068.63 ticks, tree = 2.32 MB, solutions = 21)
   2581   916        8.2000  1074       17.0000        0.0805  9043976   99.53%
   2586   929        3.0966  1797       17.0000        0.0805  9204985   99.53%
   2597   911        2.1519  2735       17.0000        0.0805  9065351   99.53%
   2611   971        9.6218   862       17.0000        0.0805  9344098   99.53%
   2627   913        5.1367  2875       17.0000        0.0805  9081361   99.53%
   2637   935        4.2554  1332       17.0000        0.0805  9243868   99.53%
   2644   916        6.1326  2471       17.0000        0.0805  9098615   99.53%
   2663   946        6.2041   954       17.0000        0.0805  9261205   99.53%
   2673   986        4.1474  2833       17.0000        0.0805  9390885   99.53%
   2687   963        6.7461   935       17.0000        0.0805  9283307   99.53%
Elapsed time = 2841.18 sec. (1691795.35 ticks, tree = 2.62 MB, solutions = 21)
   2708   979        8.5281   586       17.0000        0.0805  9296541   99.53%
   2743   998        1.4681  2342       17.0000        0.0805  9508688   99.53%
   2749  1001        2.4598  2669       17.0000        0.0805  9516767   99.53%
   2757  1030       13.2524  2078       17.0000        0.0805  9604528   99.53%
   2763  1030       15.1224  1905       17.0000        0.0805  9616648   99.53%
   2770   993        0.1671  1553       17.0000        0.1334  9472504   99.22%
   2775  1049        0.2572  1410       17.0000        0.1759  9683071   98.97%
   2781  1006        7.9000  2015       17.0000        0.1759  9572641   98.97%
   2787  1031        1.3279  2311       17.0000        0.1759  9661581   98.97%
   2821  1089        cutoff             17.0000        0.1761  9708853   98.96%
Elapsed time = 2928.28 sec. (1737934.53 ticks, tree = 3.10 MB, solutions = 21)
*  2845  1100      integral     0       15.0000        0.1804  9714277   98.80%
   2851  1127        2.8313  3165       15.0000        0.1804  9813617   98.80%
   2864  1140       13.0266   703       15.0000        0.1804  9941302   98.80%
   2869  1132        4.4006  2651       15.0000        0.1804  9828781   98.80%
   2879  1140        4.6411  2472       15.0000        0.1804  9836986   98.80%
   2888  1148        6.7571  1979       15.0000        0.1804  9845871   98.80%
   2895  1154       11.1496  1601       15.0000        0.1804  9856805   98.80%
   2906  1141        3.1272  2706       15.0000        0.1804 10050953   98.80%
   2914  1177        cutoff             15.0000        0.1953 10222813   98.70%
   2918  1173        1.1563  3179       15.0000        0.1953 10137964   98.70%
Elapsed time = 2997.05 sec. (1776247.35 ticks, tree = 3.28 MB, solutions = 22)
   2923  1177        2.1329  3153       15.0000        0.1953 10145830   98.70%
   2933  1146        4.1304  2485       15.0000        0.2446 10085919   98.37%
   2940  1150        4.6702  2510       15.0000        0.2446 10103247   98.37%
   2951  1209        4.1760  2386       15.0000        0.2446 10378752   98.37%
   2958  1210        cutoff             15.0000        0.2446 10396366   98.37%
   2965  1190        7.3728  1759       15.0000        0.2446 10210540   98.37%
   2988  1239        8.6294  1351       15.0000        0.2446 10478403   98.37%
   2999  1237        6.3276  3016       15.0000        0.2446 10546965   98.37%
   3008  1222        6.1941  2007       15.0000        0.2446 10436905   98.37%
   3017  1240        7.6744  2976       15.0000        0.2446 10561941   98.37%
Elapsed time = 3084.78 sec. (1822600.05 ticks, tree = 3.45 MB, solutions = 22)
   3025  1244       11.5090  2885       15.0000        0.2446 10570975   98.37%
   3042  1240        6.6844   607       15.0000        0.2446 10462504   98.37%
*  3049+ 1240                           14.0000        0.2446            98.25%
   3055  1285        cutoff             14.0000        0.2446 10716809   98.25%
   3072  1223        1.4502  3625       14.0000        0.2446 10774717   98.25%
   3073  1249       10.7252  2370       14.0000        0.2446 10673825   98.25%
   3076  1249        0.4306  3265       14.0000        0.2830 10611691   97.98%
   3082  1225        3.3034  3611       14.0000        0.2830 10795259   97.98%
   3091  1295        3.4028  2774       14.0000        0.2830 10760853   97.98%
   3096  1240        3.3326  3251       14.0000        0.2830 10860848   97.98%
   3102  1298        3.5868  2580       14.0000        0.2830 10784012   97.98%
Elapsed time = 3160.34 sec. (1867340.68 ticks, tree = 3.46 MB, solutions = 23)
   3111  1248        4.3539  3145       14.0000        0.2830 10878756   97.98%
   3118  1248        3.4889  3415       14.0000        0.2830 10979628   97.98%
   3122  1249        3.6486  3081       14.0000        0.2830 10989709   97.98%
   3135  1260        4.8944  3059       14.0000        0.4079 11048335   97.09%
   3143  1253        4.1888  2589       14.0000        0.4079 11005545   97.09%
   3156  1268        6.1393  2926       14.0000        0.4079 11063352   97.09%
   3163  1290        9.1992  2786       14.0000        0.4079 11224244   97.09%
   3172  1292        cutoff             14.0000        0.4079 11232488   97.09%
   3181  1274       12.0074  2088       14.0000        0.4079 11205428   97.09%
   3185  1292        2.1835  2799       14.0000        0.4079 11251354   97.09%
Elapsed time = 3244.27 sec. (1913774.45 ticks, tree = 3.60 MB, solutions = 23)
   3191  1270        1.5713  3490       14.0000        0.4079 11103606   97.09%
   3199  1330        2.5242  3442       14.0000        0.4095 11362428   97.07%
   3208  1333        5.4948  3357       14.0000        0.4095 11461315   97.07%
   3221  1311       10.6942  1908       14.0000        0.4095 11287155   97.07%
   3234  1316        cutoff             14.0000        0.4095 11297544   97.07%
   3237  1336        6.2889  3067       14.0000        0.4095 11483803   97.07%
   3245  1338        5.5592  3129       14.0000        0.4311 11397596   96.92%
   3261  1325        9.3026  2902       14.0000        0.4311 11357701   96.92%
   3265  1345        8.9790  2640       14.0000        0.4468 11508842   96.81%
   3273  1379       12.1981  2902       14.0000        0.4468 11648498   96.81%
Elapsed time = 3320.39 sec. (1958468.27 ticks, tree = 3.80 MB, solutions = 23)
   3280  1397        cutoff             14.0000        0.4468 11709744   96.81%
   3285  1352       12.2760  2270       14.0000        0.4468 11538944   96.81%
   3288  1397        1.6663  3415       14.0000        0.4579 11725529   96.73%
   3290  1378        0.5521  3638       14.0000        0.4579 11681094   96.73%
   3294  1422        4.5633  3466       14.0000        0.4579 11832379   96.73%
   3298  1423        4.7073  3065       14.0000        0.4579 11841435   96.73%
   3303  1419        5.0288  2875       14.0000        0.4579 11826456   96.73%
   3309  1403        3.6352  3400       14.0000        0.4579 11764300   96.73%
   3318  1429        5.2994  2619       14.0000        0.4579 11863592   96.73%
   3328  1436        7.1651  2547       14.0000        0.4579 11871445   96.73%
Elapsed time = 3398.46 sec. (2003246.34 ticks, tree = 3.97 MB, solutions = 23)
   3341  1438        4.5652  3310       14.0000        0.4579 12003807   96.73%
   3347  1426        3.6739  3296       14.0000        0.4579 11866065   96.73%
   3358  1452       11.3295  2278       14.0000        0.4833 11894775   96.55%
   3365  1449        6.5609  3236       14.0000        0.4833 12095164   96.55%
   3375  1445        6.5155  3183       14.0000        0.4833 12034188   96.55%
   3379  1446        7.5095  3147       14.0000        0.4833 12041482   96.55%
   3384  1447        8.4200  3121       14.0000        0.4833 12051522   96.55%
   3387  1446        cutoff             14.0000        0.4833 12059837   96.55%
   3394  1455        0.5767  3073       14.0000        0.4833 12143273   96.55%
   3398  1456        1.5442  2990       14.0000        0.4833 12150766   96.55%
Elapsed time = 3478.12 sec. (2048382.32 ticks, tree = 3.99 MB, solutions = 23)
   3404  1473       11.7438  2946       14.0000        0.4833 12248854   96.55%
   3409  1476       10.5265  2428       14.0000        0.4833 12257669   96.55%
   3414  1505        1.8146  3439       14.0000        0.4966 12336998   96.45%
   3423  1461        3.5698  3309       14.0000        0.4966 12203541   96.45%
   3429  1479        1.6970  2827       14.0000        0.4966 12283890   96.45%
   3434  1463        3.5830  3298       14.0000        0.4966 12218668   96.45%
   3442  1466        4.5713  3324       14.0000        0.4966 12225907   96.45%
   3451  1467        3.9150  2976       14.0000        0.4966 12236653   96.45%
   3457  1513        7.2662  2990       14.0000        0.4966 12381243   96.45%
   3466  1518        7.3606  2974       14.0000        0.4966 12389049   96.45%
Elapsed time = 3561.21 sec. (2095594.79 ticks, tree = 4.27 MB, solutions = 23)
   3471  1537        6.5136  2761       14.0000        0.5030 12481324   96.41%
   3476  1574        7.4335  2795       14.0000        0.5201 12747811   96.28%
   3482  1578        7.6485  2296       14.0000        0.5201 12755220   96.28%
   3497  1544        9.5670  2367       14.0000        0.5201 12589652   96.28%
   3502  1547       11.4480  2250       14.0000        0.5201 12598926   96.28%

Cover cuts applied:  691
Flow cuts applied:  495
Mixed integer rounding cuts applied:  263
Zero-half cuts applied:  34

Root node processing (before b&c):
  Real time             =   79.02 sec. (51608.00 ticks)
Parallel b&c, 4 threads:
  Real time             = 3520.99 sec. (2067195.83 ticks)
  Sync time (average)   =  116.37 sec.
  Wait time (average)   =    0.00 sec.
                          ------------
Total (root+branch&cut) = 3600.01 sec. (2118803.83 ticks)
Solution status = Feasible
Solution value  = 14
